{"logTime": "0322/083342", "correlationVector":"p/8BL4kSdCfu1QTV7DlfC9","action":"Commit Request", "result":"", "context":Item count: 1
Contributing types: Sessions}
{"logTime": "0322/083352", "correlationVector":"p/8BL4kSdCfu1QTV7DlfC9.1","action":"SyncServerConnectionManagerRequest", "result":"SYNC_SERVER_OK", "context":{"environment":"Prod_southeastasia_prod-s01-065-apac-southeastasia", "migrationStage":"NotStarted", "server":"akswtt112000007"}}
{"logTime": "0322/083352", "correlationVector":"p/8BL4kSdCfu1QTV7DlfC9.2","action":"Commit Response", "result":"Success", "context":Result: Success. cV=p/8BL4kSdCfu1QTV7DlfC9.0;server=akswtt112000007;cloudType=Consumer;environment=Prod_southeastasia_prod-s01-065-apac-southeastasia;migrationStage=NotStarted}
{"logTime": "0322/083353", "correlationVector":"Az1cTgGCv88af1kRw4W98f","action":"Commit Request", "result":"", "context":Item count: 1
Contributing types: Device Info}
{"logTime": "0322/083354", "correlationVector":"Az1cTgGCv88af1kRw4W98f.1","action":"SyncServerConnectionManagerRequest", "result":"SYNC_SERVER_OK", "context":{"environment":"Prod_southeastasia_prod-s01-065-apac-southeastasia", "migrationStage":"NotStarted", "server":"akswtt11200000m"}}
{"logTime": "0322/083354", "correlationVector":"Az1cTgGCv88af1kRw4W98f.2","action":"Commit Response", "result":"Success", "context":Result: Success. cV=Az1cTgGCv88af1kRw4W98f.0;server=akswtt11200000m;cloudType=Consumer;environment=Prod_southeastasia_prod-s01-065-apac-southeastasia;migrationStage=NotStarted}
{"logTime": "0322/084120", "correlationVector":"igjMlcm36o9ifubUx3d4rs","action":"Commit Request", "result":"", "context":Item count: 1
Contributing types: Sessions}
{"logTime": "0322/084121", "correlationVector":"igjMlcm36o9ifubUx3d4rs.1","action":"SyncServerConnectionManagerRequest", "result":"SYNC_SERVER_OK", "context":{"environment":"Prod_southeastasia_prod-s01-065-apac-southeastasia", "migrationStage":"NotStarted", "server":"akswtt112000000"}}
{"logTime": "0322/084121", "correlationVector":"igjMlcm36o9ifubUx3d4rs.2","action":"Commit Response", "result":"Success", "context":Result: Success. cV=igjMlcm36o9ifubUx3d4rs.0;server=akswtt112000000;cloudType=Consumer;environment=Prod_southeastasia_prod-s01-065-apac-southeastasia;migrationStage=NotStarted}
{"logTime": "0322/085132", "correlationVector":"o9X/HNro8rIRYZYOkM9ZFw","action":"Commit Request", "result":"", "context":Item count: 1
Contributing types: Sessions}
{"logTime": "0322/085132", "correlationVector":"o9X/HNro8rIRYZYOkM9ZFw.1","action":"SyncServerConnectionManagerRequest", "result":"SYNC_SERVER_OK", "context":{"environment":"Prod_southeastasia_prod-s01-065-apac-southeastasia", "migrationStage":"NotStarted", "server":"akswtt11200000o"}}
{"logTime": "0322/085132", "correlationVector":"o9X/HNro8rIRYZYOkM9ZFw.2","action":"Commit Response", "result":"Success", "context":Result: Success. cV=o9X/HNro8rIRYZYOkM9ZFw.0;server=akswtt11200000o;cloudType=Consumer;environment=Prod_southeastasia_prod-s01-065-apac-southeastasia;migrationStage=NotStarted}
{"logTime": "0322/090426", "correlationVector":"GRnMeyazygV9jMWWvpOqEm","action":"Commit Request", "result":"", "context":Item count: 1
Contributing types: Device Info}
{"logTime": "0322/090427", "correlationVector":"GRnMeyazygV9jMWWvpOqEm.1","action":"SyncServerConnectionManagerRequest", "result":"SYNC_SERVER_OK", "context":{"environment":"Prod_southeastasia_prod-s01-065-apac-southeastasia", "migrationStage":"NotStarted", "server":"akswtt112000000"}}
{"logTime": "0322/090427", "correlationVector":"GRnMeyazygV9jMWWvpOqEm.2","action":"Commit Response", "result":"Success", "context":Result: Success. cV=GRnMeyazygV9jMWWvpOqEm.0;server=akswtt112000000;cloudType=Consumer;environment=Prod_southeastasia_prod-s01-065-apac-southeastasia;migrationStage=NotStarted}
{"logTime": "0322/090837", "correlationVector":"M5sGQtwxzqLpJEvkW0BjJp","action":"Commit Request", "result":"", "context":Item count: 1
Contributing types: Sessions}
{"logTime": "0322/090838", "correlationVector":"M5sGQtwxzqLpJEvkW0BjJp.1","action":"SyncServerConnectionManagerRequest", "result":"SYNC_SERVER_OK", "context":{"environment":"Prod_southeastasia_prod-s01-065-apac-southeastasia", "migrationStage":"NotStarted", "server":"akswtt11200000t"}}
{"logTime": "0322/090838", "correlationVector":"M5sGQtwxzqLpJEvkW0BjJp.2","action":"Commit Response", "result":"Success", "context":Result: Success. cV=M5sGQtwxzqLpJEvkW0BjJp.0;server=akswtt11200000t;cloudType=Consumer;environment=Prod_southeastasia_prod-s01-065-apac-southeastasia;migrationStage=NotStarted}
{"logTime": "0322/091234", "correlationVector":"7Zng40XJXJ3nDqhILC83n1","action":"Commit Request", "result":"", "context":Item count: 1
Contributing types: Sessions}
{"logTime": "0322/091234", "correlationVector":"7Zng40XJXJ3nDqhILC83n1.1","action":"SyncServerConnectionManagerRequest", "result":"SYNC_SERVER_OK", "context":{"environment":"Prod_southeastasia_prod-s01-065-apac-southeastasia", "migrationStage":"NotStarted", "server":"akswtt11200000x"}}
{"logTime": "0322/091234", "correlationVector":"7Zng40XJXJ3nDqhILC83n1.2","action":"Commit Response", "result":"Success", "context":Result: Success. cV=7Zng40XJXJ3nDqhILC83n1.0;server=akswtt11200000x;cloudType=Consumer;environment=Prod_southeastasia_prod-s01-065-apac-southeastasia;migrationStage=NotStarted}
{"logTime": "0322/091859", "correlationVector":"KdxMnQcfIMj86btCDr6yzp","action":"Commit Request", "result":"", "context":Item count: 1
Contributing types: Sessions}
{"logTime": "0322/091859", "correlationVector":"KdxMnQcfIMj86btCDr6yzp.1","action":"SyncServerConnectionManagerRequest", "result":"SYNC_SERVER_OK", "context":{"environment":"Prod_southeastasia_prod-s01-064-apac-southeastasia", "migrationStage":"NotStarted", "server":"akswtt112000000"}}
{"logTime": "0322/091859", "correlationVector":"KdxMnQcfIMj86btCDr6yzp.2","action":"Commit Response", "result":"Success", "context":Result: Success. cV=KdxMnQcfIMj86btCDr6yzp.0;server=akswtt112000000;cloudType=Consumer;environment=Prod_southeastasia_prod-s01-064-apac-southeastasia;migrationStage=NotStarted}
{"logTime": "0322/092030", "correlationVector":"HLvk1UEgwAEpx7Do4s81Rd","action":"Commit Request", "result":"", "context":Item count: 1
Contributing types: Sessions}
{"logTime": "0322/092030", "correlationVector":"HLvk1UEgwAEpx7Do4s81Rd.1","action":"SyncServerConnectionManagerRequest", "result":"SYNC_SERVER_OK", "context":{"environment":"Prod_southeastasia_prod-s01-064-apac-southeastasia", "migrationStage":"NotStarted", "server":"akswtt11200000q"}}
{"logTime": "0322/092030", "correlationVector":"HLvk1UEgwAEpx7Do4s81Rd.2","action":"Commit Response", "result":"Success", "context":Result: Success. cV=HLvk1UEgwAEpx7Do4s81Rd.0;server=akswtt11200000q;cloudType=Consumer;environment=Prod_southeastasia_prod-s01-064-apac-southeastasia;migrationStage=NotStarted}
{"logTime": "0322/092224", "correlationVector":"DtFe0TEXh/cAQ16+BdmKy0","action":"Commit Request", "result":"", "context":Item count: 1
Contributing types: Sessions}
{"logTime": "0322/092224", "correlationVector":"DtFe0TEXh/cAQ16+BdmKy0.1","action":"SyncServerConnectionManagerRequest", "result":"SYNC_SERVER_OK", "context":{"environment":"Prod_southeastasia_prod-s01-064-apac-southeastasia", "migrationStage":"NotStarted", "server":"akswtt112000001"}}
{"logTime": "0322/092224", "correlationVector":"DtFe0TEXh/cAQ16+BdmKy0.2","action":"Commit Response", "result":"Success", "context":Result: Success. cV=DtFe0TEXh/cAQ16+BdmKy0.0;server=akswtt112000001;cloudType=Consumer;environment=Prod_southeastasia_prod-s01-064-apac-southeastasia;migrationStage=NotStarted}
{"logTime": "0322/092348", "correlationVector":"CNZLQ1CoYRC/k5phgI+tKz.1","action":"SyncServerConnectionManagerRequest", "result":"SYNC_SERVER_OK", "context":{"environment":"Prod_southeastasia_prod-s01-065-apac-southeastasia", "migrationStage":"NotStarted", "server":"akswtt11200000u"}}
{"logTime": "0322/092348", "correlationVector":"CNZLQ1CoYRC/k5phgI+tKz.2","action":"ProcessGetUpdates", "result":"Done", "context":{"dataType":"Encryption Keys", "deleted":"0", "process_failed_to_decrypt":"0", "process_pending_decryption":"0", "process_success":"1", "total":"1"}}
{"logTime": "0322/092348", "correlationVector":"3OyTmtzUv45NGp+vwuPAcx","action":"SyncServerConnectionManagerRequest", "result":"SYNC_SERVER_OK", "context":{"environment":"", "migrationStage":"", "server":""}}
{"logTime": "0322/092348", "correlationVector":"3OyTmtzUv45NGp+vwuPAcx.0","action":"EncryptionKeysFetcher.DownloadKeys:", "result":"Success", "context":Key count: 10, Last key timestamp: 2025-12-04T05:30:54Z}
{"logTime": "0322/092348", "correlationVector":"3OyTmtzUv45NGp+vwuPAcx.1","action":"EncryptionKeysManager::SetEncryptionKeys:", "result":"Success", "context":Key names[10]:[SNG1sIZ0eYXsO5dgpBOdSGrBJkCkFl7e1KkgKgOP1Cl+OeAavm/dxOMxpzvlLuHgR+5Kr6jXDVdcDXXgYFPhNA==][6tczmWt4Mi67Y84uq2vKG23VKOn7tldOD+vsP1bpJ+Lw152eklB44Ij8Fq4VJVqTRTwY4QP9O13msSxAuEgKug==][+wrtmiqSupmrskrfGeAb+Uzrvzpj+XEKBOqFDFwUKtKlav5UtJXSIFzLakN0ohpnkY06+qC1dhpQWw1aWMiHLQ==][OOH3NK2MC7kIuMKH1LmofBOMy03KtyI7F/yoXGH5KR4n1935IUaSy3FnuCPevI5xJcz+yOqsLE+L2zNDOLj6lw==][Q/8IbcKQprc+PgjGwqeEoTDKNgbO7QjDarTjLV0QCbX8rUIuwPwddIs2W5lHULBgfjogKSEZ0mkjua+mZpL5ag==][m/xpa42/xHUOsxHfuyvicUia8yp2h/+H4Hmp7nc4K/nasXcdlxXrRFVveBnbQh8uzA98c6c+rP4RGZpAlXBB7Q==][47XlcYAVq661JsIM+xvjpHs0z4pZftr0CyRSL4k/emgWefSz5iCimml1fviW8f+KAVkkdXT8w0AM87V5lEtByw==][bK+MMuih/Tks9Lf2yNFbwma7g7JREfq3Az2hlwta1Je9hninuDjBYWecRrFIGhTPGQhzWJD7mM+g8QvwvuDepQ==][ldgH3R4adog6hzn/6f6nlttKEIJir0DaKs2Y/T39edA70yZ+4Jt/8Iei6mPecI6nWPonzG9tSfSjktiMcu2+aQ==][JQctlpnL9o08FXeJMDWxXzIZypOdS/XOvw0d25xqdbd6KWiBp6AiLuKfKWaBLdBS9MVAhsYUTv1gxa97W/2XQA==]}
{"logTime": "0322/092348", "correlationVector":"3OyTmtzUv45NGp+vwuPAcx.2","action":"EncryptionKeysManager::SetEncryptionKeysWithTimestamps:", "result":"Success", "context":Key timestamps[10]:[2021-10-30T16:43:08Z][2021-11-09T14:00:58Z][2022-02-22T10:32:37Z][2022-10-16T14:49:02Z][2023-01-30T08:01:22Z][2023-07-29T12:20:30Z][2023-08-30T04:32:53Z][2024-12-02T03:49:09Z][2025-05-31T11:13:53Z][2025-12-04T05:30:54Z]}
{"logTime": "0322/092348", "correlationVector":"CNZLQ1CoYRC/k5phgI+tKz","action":"Initial GetUpdates", "result":"", "context":Reason: NEW_CLIENT. cV=CNZLQ1CoYRC/k5phgI+tKz}
{"logTime": "0322/092348", "correlationVector":"CNZLQ1CoYRC/k5phgI+tKz.3","action":"GetUpdates Response", "result":"Success", "context":Received 1 update(s). cV=CNZLQ1CoYRC/k5phgI+tKz.0;server=akswtt11200000u;cloudType=Consumer;environment=Prod_southeastasia_prod-s01-065-apac-southeastasia;migrationStage=NotStarted}
{"logTime": "0322/092349", "correlationVector":"wfzKqIPUyfwxloFAvh1WCi","action":"Initial GetUpdates", "result":"", "context":Reason: NEWLY_SUPPORTED_DATATYPE. cV=wfzKqIPUyfwxloFAvh1WCi}
{"logTime": "0322/092351", "correlationVector":"wfzKqIPUyfwxloFAvh1WCi.1","action":"SyncServerConnectionManagerRequest", "result":"SYNC_SERVER_OK", "context":{"environment":"Prod_southeastasia_prod-s01-065-apac-southeastasia", "migrationStage":"NotStarted", "server":"akswtt11200000q"}}
{"logTime": "0322/092351", "correlationVector":"wfzKqIPUyfwxloFAvh1WCi.2","action":"ProcessGetUpdates", "result":"Done", "context":{"dataType":"Preferences", "deleted":"0", "process_failed_to_decrypt":"0", "process_pending_decryption":"0", "process_success":"46", "total":"46"}}
{"logTime": "0322/092351", "correlationVector":"wfzKqIPUyfwxloFAvh1WCi.3","action":"ProcessGetUpdates", "result":"Done", "context":{"dataType":"Device Info", "deleted":"0", "process_failed_to_decrypt":"0", "process_pending_decryption":"0", "process_success":"204", "total":"204"}}
{"logTime": "0322/092351", "correlationVector":"wfzKqIPUyfwxloFAvh1WCi.4","action":"GetUpdates Response", "result":"Success", "context":Received 250 update(s). cV=wfzKqIPUyfwxloFAvh1WCi.0;server=akswtt11200000q;cloudType=Consumer;environment=Prod_southeastasia_prod-s01-065-apac-southeastasia;migrationStage=NotStarted Some updates remain.}
{"logTime": "0322/092351", "correlationVector":"rKPS1bcgLVS5nDAiDOlfdS","action":"Initial GetUpdates", "result":"", "context":Reason: NEWLY_SUPPORTED_DATATYPE. cV=rKPS1bcgLVS5nDAiDOlfdS}
{"logTime": "0322/092351", "correlationVector":"rKPS1bcgLVS5nDAiDOlfdS.1","action":"SyncServerConnectionManagerRequest", "result":"SYNC_SERVER_OK", "context":{"environment":"Prod_southeastasia_prod-s01-065-apac-southeastasia", "migrationStage":"NotStarted", "server":"akswtt11200000x"}}
{"logTime": "0322/092351", "correlationVector":"rKPS1bcgLVS5nDAiDOlfdS.2","action":"ProcessGetUpdates", "result":"Done", "context":{"dataType":"Preferences", "deleted":"1", "process_failed_to_decrypt":"0", "process_pending_decryption":"0", "process_success":"11", "total":"11"}}
{"logTime": "0322/092351", "correlationVector":"rKPS1bcgLVS5nDAiDOlfdS.3","action":"ProcessGetUpdates", "result":"Done", "context":{"dataType":"Passwords", "deleted":"0", "process_failed_to_decrypt":"0", "process_pending_decryption":"0", "process_success":"8", "total":"8"}}
{"logTime": "0322/092351", "correlationVector":"rKPS1bcgLVS5nDAiDOlfdS.4","action":"ProcessGetUpdates", "result":"Done", "context":{"dataType":"Device Info", "deleted":"0", "process_failed_to_decrypt":"0", "process_pending_decryption":"0", "process_success":"43", "total":"43"}}
{"logTime": "0322/092351", "correlationVector":"rKPS1bcgLVS5nDAiDOlfdS.5","action":"GetUpdates Response", "result":"Success", "context":Received 62 update(s). cV=rKPS1bcgLVS5nDAiDOlfdS.0;server=akswtt11200000x;cloudType=Consumer;environment=Prod_southeastasia_prod-s01-065-apac-southeastasia;migrationStage=NotStarted}
{"logTime": "0322/092351", "correlationVector":"YgFkWDco2ONIrvzS2cU0ip","action":"Initial GetUpdates", "result":"", "context":Reason: NEWLY_SUPPORTED_DATATYPE. cV=YgFkWDco2ONIrvzS2cU0ip}
{"logTime": "0322/092351", "correlationVector":"YgFkWDco2ONIrvzS2cU0ip.1","action":"SyncServerConnectionManagerRequest", "result":"SYNC_SERVER_OK", "context":{"environment":"Prod_southeastasia_prod-s01-065-apac-southeastasia", "migrationStage":"NotStarted", "server":"akswtt112000013"}}
{"logTime": "0322/092351", "correlationVector":"YgFkWDco2ONIrvzS2cU0ip.2","action":"ProcessGetUpdates", "result":"Done", "context":{"dataType":"Bookmarks", "deleted":"0", "process_failed_to_decrypt":"0", "process_pending_decryption":"0", "process_success":"6", "total":"6"}}
{"logTime": "0322/092351", "correlationVector":"YgFkWDco2ONIrvzS2cU0ip.3","action":"GetUpdates Response", "result":"Success", "context":Received 6 update(s). cV=YgFkWDco2ONIrvzS2cU0ip.0;server=akswtt112000013;cloudType=Consumer;environment=Prod_southeastasia_prod-s01-065-apac-southeastasia;migrationStage=NotStarted}
{"logTime": "0322/092351", "correlationVector":"ndOytmMqtLGHf51WgEq+eI","action":"Initial GetUpdates", "result":"", "context":Reason: NEWLY_SUPPORTED_DATATYPE. cV=ndOytmMqtLGHf51WgEq+eI}
{"logTime": "0322/092352", "correlationVector":"ndOytmMqtLGHf51WgEq+eI.1","action":"SyncServerConnectionManagerRequest", "result":"SYNC_SERVER_OK", "context":{"environment":"Prod_southeastasia_prod-s01-065-apac-southeastasia", "migrationStage":"NotStarted", "server":"akswtt11200000v"}}
{"logTime": "0322/092352", "correlationVector":"ndOytmMqtLGHf51WgEq+eI.2","action":"ProcessGetUpdates", "result":"Done", "context":{"dataType":"Autofill", "deleted":"0", "process_failed_to_decrypt":"0", "process_pending_decryption":"0", "process_success":"24", "total":"24"}}
{"logTime": "0322/092352", "correlationVector":"ndOytmMqtLGHf51WgEq+eI.3","action":"ProcessGetUpdates", "result":"Done", "context":{"dataType":"Sessions", "deleted":"86", "process_failed_to_decrypt":"0", "process_pending_decryption":"0", "process_success":"86", "total":"86"}}
{"logTime": "0322/092352", "correlationVector":"ndOytmMqtLGHf51WgEq+eI.4","action":"ProcessGetUpdates", "result":"Done", "context":{"dataType":"Edge Hub App Usage", "deleted":"132", "process_failed_to_decrypt":"0", "process_pending_decryption":"0", "process_success":"140", "total":"140"}}
{"logTime": "0322/092352", "correlationVector":"ndOytmMqtLGHf51WgEq+eI.5","action":"GetUpdates Response", "result":"Success", "context":Received 250 update(s). cV=ndOytmMqtLGHf51WgEq+eI.0;server=akswtt11200000v;cloudType=Consumer;environment=Prod_southeastasia_prod-s01-065-apac-southeastasia;migrationStage=NotStarted Some updates remain.}
{"logTime": "0322/092352", "correlationVector":"FMUwWSfkQNKzyw+/3M9l5H","action":"Initial GetUpdates", "result":"", "context":Reason: NEWLY_SUPPORTED_DATATYPE. cV=FMUwWSfkQNKzyw+/3M9l5H}
{"logTime": "0322/092352", "correlationVector":"FMUwWSfkQNKzyw+/3M9l5H.1","action":"SyncServerConnectionManagerRequest", "result":"SYNC_SERVER_OK", "context":{"environment":"Prod_southeastasia_prod-s01-065-apac-southeastasia", "migrationStage":"NotStarted", "server":"akswtt112000000"}}
{"logTime": "0322/092352", "correlationVector":"FMUwWSfkQNKzyw+/3M9l5H.2","action":"ProcessGetUpdates", "result":"Done", "context":{"dataType":"Autofill", "deleted":"0", "process_failed_to_decrypt":"0", "process_pending_decryption":"0", "process_success":"6", "total":"6"}}
{"logTime": "0322/092352", "correlationVector":"FMUwWSfkQNKzyw+/3M9l5H.3","action":"ProcessGetUpdates", "result":"Done", "context":{"dataType":"Sessions", "deleted":"93", "process_failed_to_decrypt":"0", "process_pending_decryption":"0", "process_success":"93", "total":"93"}}
{"logTime": "0322/092352", "correlationVector":"FMUwWSfkQNKzyw+/3M9l5H.4","action":"ProcessGetUpdates", "result":"Done", "context":{"dataType":"Edge Hub App Usage", "deleted":"147", "process_failed_to_decrypt":"0", "process_pending_decryption":"0", "process_success":"151", "total":"151"}}
{"logTime": "0322/092352", "correlationVector":"FMUwWSfkQNKzyw+/3M9l5H.5","action":"GetUpdates Response", "result":"Success", "context":Received 250 update(s). cV=FMUwWSfkQNKzyw+/3M9l5H.0;server=akswtt112000000;cloudType=Consumer;environment=Prod_southeastasia_prod-s01-065-apac-southeastasia;migrationStage=NotStarted Some updates remain.}
{"logTime": "0322/092352", "correlationVector":"oYzHiHEr4ME2PUJaTXqwQ4","action":"Initial GetUpdates", "result":"", "context":Reason: NEWLY_SUPPORTED_DATATYPE. cV=oYzHiHEr4ME2PUJaTXqwQ4}
{"logTime": "0322/092353", "correlationVector":"oYzHiHEr4ME2PUJaTXqwQ4.1","action":"SyncServerConnectionManagerRequest", "result":"SYNC_SERVER_OK", "context":{"environment":"Prod_southeastasia_prod-s01-065-apac-southeastasia", "migrationStage":"NotStarted", "server":"akswtt11200000v"}}
{"logTime": "0322/092353", "correlationVector":"oYzHiHEr4ME2PUJaTXqwQ4.2","action":"ProcessGetUpdates", "result":"Done", "context":{"dataType":"Autofill Profiles", "deleted":"0", "process_failed_to_decrypt":"0", "process_pending_decryption":"0", "process_success":"1", "total":"1"}}
{"logTime": "0322/092353", "correlationVector":"oYzHiHEr4ME2PUJaTXqwQ4.3","action":"ProcessGetUpdates", "result":"Done", "context":{"dataType":"Sessions", "deleted":"35", "process_failed_to_decrypt":"0", "process_pending_decryption":"0", "process_success":"45", "total":"45"}}
{"logTime": "0322/092353", "correlationVector":"oYzHiHEr4ME2PUJaTXqwQ4.4","action":"ProcessGetUpdates", "result":"Done", "context":{"dataType":"Edge Hub App Usage", "deleted":"0", "process_failed_to_decrypt":"0", "process_pending_decryption":"0", "process_success":"3", "total":"3"}}
{"logTime": "0322/092353", "correlationVector":"oYzHiHEr4ME2PUJaTXqwQ4.5","action":"GetUpdates Response", "result":"Success", "context":Received 49 update(s). cV=oYzHiHEr4ME2PUJaTXqwQ4.0;server=akswtt11200000v;cloudType=Consumer;environment=Prod_southeastasia_prod-s01-065-apac-southeastasia;migrationStage=NotStarted}
{"logTime": "0322/092353", "correlationVector":"NA90XGcnMWZK7uYiV6BdC+","action":"Initial GetUpdates", "result":"", "context":Reason: NEWLY_SUPPORTED_DATATYPE. cV=NA90XGcnMWZK7uYiV6BdC+}
{"logTime": "0322/092354", "correlationVector":"NA90XGcnMWZK7uYiV6BdC+.1","action":"SyncServerConnectionManagerRequest", "result":"SYNC_SERVER_OK", "context":{"environment":"Prod_southeastasia_prod-s01-065-apac-southeastasia", "migrationStage":"NotStarted", "server":"akswtt11200000q"}}
{"logTime": "0322/092354", "correlationVector":"NA90XGcnMWZK7uYiV6BdC+.2","action":"ProcessGetUpdates", "result":"Done", "context":{"dataType":"History", "deleted":"0", "process_failed_to_decrypt":"0", "process_pending_decryption":"0", "process_success":"250", "total":"250"}}
{"logTime": "0322/092354", "correlationVector":"NA90XGcnMWZK7uYiV6BdC+.3","action":"GetUpdates Response", "result":"Success", "context":Received 250 update(s). cV=NA90XGcnMWZK7uYiV6BdC+.0;server=akswtt11200000q;cloudType=Consumer;environment=Prod_southeastasia_prod-s01-065-apac-southeastasia;migrationStage=NotStarted Some updates remain.}
{"logTime": "0322/092354", "correlationVector":"ot+8ZhJjBD5H9zmML4N0+3","action":"Initial GetUpdates", "result":"", "context":Reason: NEWLY_SUPPORTED_DATATYPE. cV=ot+8ZhJjBD5H9zmML4N0+3}
{"logTime": "0322/092355", "correlationVector":"ot+8ZhJjBD5H9zmML4N0+3.1","action":"SyncServerConnectionManagerRequest", "result":"SYNC_SERVER_OK", "context":{"environment":"Prod_southeastasia_prod-s01-065-apac-southeastasia", "migrationStage":"NotStarted", "server":"akswtt11200000x"}}
{"logTime": "0322/092355", "correlationVector":"ot+8ZhJjBD5H9zmML4N0+3.2","action":"ProcessGetUpdates", "result":"Done", "context":{"dataType":"History", "deleted":"0", "process_failed_to_decrypt":"0", "process_pending_decryption":"0", "process_success":"250", "total":"250"}}
{"logTime": "0322/092355", "correlationVector":"ot+8ZhJjBD5H9zmML4N0+3.3","action":"GetUpdates Response", "result":"Success", "context":Received 250 update(s). cV=ot+8ZhJjBD5H9zmML4N0+3.0;server=akswtt11200000x;cloudType=Consumer;environment=Prod_southeastasia_prod-s01-065-apac-southeastasia;migrationStage=NotStarted Some updates remain.}
{"logTime": "0322/092355", "correlationVector":"tA5kCE2d/YgSMrMcj9R66R","action":"Initial GetUpdates", "result":"", "context":Reason: NEWLY_SUPPORTED_DATATYPE. cV=tA5kCE2d/YgSMrMcj9R66R}
{"logTime": "0322/092356", "correlationVector":"tA5kCE2d/YgSMrMcj9R66R.1","action":"SyncServerConnectionManagerRequest", "result":"SYNC_SERVER_OK", "context":{"environment":"Prod_southeastasia_prod-s01-065-apac-southeastasia", "migrationStage":"NotStarted", "server":"akswtt11200000s"}}
{"logTime": "0322/092356", "correlationVector":"tA5kCE2d/YgSMrMcj9R66R.2","action":"ProcessGetUpdates", "result":"Done", "context":{"dataType":"History", "deleted":"0", "process_failed_to_decrypt":"0", "process_pending_decryption":"0", "process_success":"250", "total":"250"}}
{"logTime": "0322/092356", "correlationVector":"tA5kCE2d/YgSMrMcj9R66R.3","action":"GetUpdates Response", "result":"Success", "context":Received 250 update(s). cV=tA5kCE2d/YgSMrMcj9R66R.0;server=akswtt11200000s;cloudType=Consumer;environment=Prod_southeastasia_prod-s01-065-apac-southeastasia;migrationStage=NotStarted Some updates remain.}
{"logTime": "0322/092356", "correlationVector":"7H8K0DoZZ368B4AVZ/59B3","action":"Initial GetUpdates", "result":"", "context":Reason: NEWLY_SUPPORTED_DATATYPE. cV=7H8K0DoZZ368B4AVZ/59B3}
{"logTime": "0322/092356", "correlationVector":"7H8K0DoZZ368B4AVZ/59B3.1","action":"SyncServerConnectionManagerRequest", "result":"SYNC_SERVER_OK", "context":{"environment":"Prod_southeastasia_prod-s01-065-apac-southeastasia", "migrationStage":"NotStarted", "server":"akswtt11200000q"}}
{"logTime": "0322/092357", "correlationVector":"7H8K0DoZZ368B4AVZ/59B3.2","action":"ProcessGetUpdates", "result":"Done", "context":{"dataType":"History", "deleted":"0", "process_failed_to_decrypt":"0", "process_pending_decryption":"0", "process_success":"250", "total":"250"}}
{"logTime": "0322/092357", "correlationVector":"7H8K0DoZZ368B4AVZ/59B3.3","action":"GetUpdates Response", "result":"Success", "context":Received 250 update(s). cV=7H8K0DoZZ368B4AVZ/59B3.0;server=akswtt11200000q;cloudType=Consumer;environment=Prod_southeastasia_prod-s01-065-apac-southeastasia;migrationStage=NotStarted Some updates remain.}
{"logTime": "0322/092357", "correlationVector":"L8yN9Vwl/fzyP/vFQ3wPxh","action":"Initial GetUpdates", "result":"", "context":Reason: NEWLY_SUPPORTED_DATATYPE. cV=L8yN9Vwl/fzyP/vFQ3wPxh}
{"logTime": "0322/092357", "correlationVector":"L8yN9Vwl/fzyP/vFQ3wPxh.1","action":"SyncServerConnectionManagerRequest", "result":"SYNC_SERVER_OK", "context":{"environment":"Prod_southeastasia_prod-s01-065-apac-southeastasia", "migrationStage":"NotStarted", "server":"akswtt11200000m"}}
{"logTime": "0322/092357", "correlationVector":"L8yN9Vwl/fzyP/vFQ3wPxh.2","action":"ProcessGetUpdates", "result":"Done", "context":{"dataType":"History", "deleted":"0", "process_failed_to_decrypt":"0", "process_pending_decryption":"0", "process_success":"40", "total":"40"}}
{"logTime": "0322/092357", "correlationVector":"L8yN9Vwl/fzyP/vFQ3wPxh.3","action":"GetUpdates Response", "result":"Success", "context":Received 40 update(s). cV=L8yN9Vwl/fzyP/vFQ3wPxh.0;server=akswtt11200000m;cloudType=Consumer;environment=Prod_southeastasia_prod-s01-065-apac-southeastasia;migrationStage=NotStarted}
{"logTime": "0322/092357", "correlationVector":"lR/JJWGUATlmsvfF8CY3rT","action":"Normal GetUpdate request", "result":"", "context":cV=lR/JJWGUATlmsvfF8CY3rT
Nudged types: Sessions, Device Info
Refresh requested types: Bookmarks, Preferences, Passwords, Autofill Profiles, Autofill, Extensions, Sessions, Extension settings, History Delete Directives, Device Info, User Consents, Send Tab To Self, Web Apps, History, Saved Tab Group, WebAuthn Credentials, Collection, Edge E Drop, Edge Hub App Usage, Edge Wallet, Edge Workspace, Encryption Keys}
{"logTime": "0322/092357", "correlationVector":"lR/JJWGUATlmsvfF8CY3rT.1","action":"SyncServerConnectionManagerRequest", "result":"SYNC_SERVER_OK", "context":{"environment":"Prod_southeastasia_prod-s01-065-apac-southeastasia", "migrationStage":"NotStarted", "server":"akswtt11200000w"}}
{"logTime": "0322/092357", "correlationVector":"lR/JJWGUATlmsvfF8CY3rT.2","action":"GetUpdates Response", "result":"Success", "context":Received 0 update(s). cV=lR/JJWGUATlmsvfF8CY3rT.0;server=akswtt11200000w;cloudType=Consumer;environment=Prod_southeastasia_prod-s01-065-apac-southeastasia;migrationStage=NotStarted}
{"logTime": "0322/092357", "correlationVector":"+IJKvzLyjoZMaLkZNismgk","action":"Commit Request", "result":"", "context":Item count: 3
Contributing types: Sessions, Device Info}
{"logTime": "0322/092358", "correlationVector":"+IJKvzLyjoZMaLkZNismgk.1","action":"SyncServerConnectionManagerRequest", "result":"SYNC_SERVER_OK", "context":{"environment":"Prod_southeastasia_prod-s01-065-apac-southeastasia", "migrationStage":"NotStarted", "server":"akswtt11200000q"}}
{"logTime": "0322/092358", "correlationVector":"+IJKvzLyjoZMaLkZNismgk.2","action":"Commit Response", "result":"Success", "context":Result: Success. cV=+IJKvzLyjoZMaLkZNismgk.0;server=akswtt11200000q;cloudType=Consumer;environment=Prod_southeastasia_prod-s01-065-apac-southeastasia;migrationStage=NotStarted}
{"logTime": "0322/092358", "correlationVector":"FBLeKT8rMl4tainCMCHRMZ","action":"Commit Request", "result":"", "context":Item count: 2
Contributing types: Sessions, History}
{"logTime": "0322/092359", "correlationVector":"FBLeKT8rMl4tainCMCHRMZ.1","action":"SyncServerConnectionManagerRequest", "result":"SYNC_SERVER_OK", "context":{"environment":"Prod_southeastasia_prod-s01-065-apac-southeastasia", "migrationStage":"NotStarted", "server":"akswtt11200000n"}}
{"logTime": "0322/092359", "correlationVector":"FBLeKT8rMl4tainCMCHRMZ.2","action":"Commit Response", "result":"Success", "context":Result: Success. cV=FBLeKT8rMl4tainCMCHRMZ.0;server=akswtt11200000n;cloudType=Consumer;environment=Prod_southeastasia_prod-s01-065-apac-southeastasia;migrationStage=NotStarted}
{"logTime": "0322/092500", "correlationVector":"wVYvxNo6Zgd8fSUfqVBOUx","action":"Commit Request", "result":"", "context":Item count: 2
Contributing types: Sessions, History}
{"logTime": "0322/092500", "correlationVector":"wVYvxNo6Zgd8fSUfqVBOUx.1","action":"SyncServerConnectionManagerRequest", "result":"SYNC_SERVER_OK", "context":{"environment":"Prod_southeastasia_prod-s01-065-apac-southeastasia", "migrationStage":"NotStarted", "server":"akswtt11200000v"}}
{"logTime": "0322/092500", "correlationVector":"wVYvxNo6Zgd8fSUfqVBOUx.2","action":"Commit Response", "result":"Success", "context":Result: Success. cV=wVYvxNo6Zgd8fSUfqVBOUx.0;server=akswtt11200000v;cloudType=Consumer;environment=Prod_southeastasia_prod-s01-065-apac-southeastasia;migrationStage=NotStarted}
{"logTime": "0322/092626", "correlationVector":"UBdAIhrDIDOKiFseXvvYuU","action":"Commit Request", "result":"", "context":Item count: 1
Contributing types: Sessions}
{"logTime": "0322/092626", "correlationVector":"UBdAIhrDIDOKiFseXvvYuU.1","action":"SyncServerConnectionManagerRequest", "result":"SYNC_SERVER_OK", "context":{"environment":"Prod_southeastasia_prod-s01-065-apac-southeastasia", "migrationStage":"NotStarted", "server":"akswtt112000010"}}
{"logTime": "0322/092626", "correlationVector":"UBdAIhrDIDOKiFseXvvYuU.2","action":"Commit Response", "result":"Success", "context":Result: Success. cV=UBdAIhrDIDOKiFseXvvYuU.0;server=akswtt112000010;cloudType=Consumer;environment=Prod_southeastasia_prod-s01-065-apac-southeastasia;migrationStage=NotStarted}
{"logTime": "0322/093659", "correlationVector":"PXgvWVJPOL37keG6BGH1ii","action":"Commit Request", "result":"", "context":Item count: 2
Contributing types: Preferences, Sessions}
{"logTime": "0322/093700", "correlationVector":"PXgvWVJPOL37keG6BGH1ii.1","action":"SyncServerConnectionManagerRequest", "result":"SYNC_SERVER_OK", "context":{"environment":"Prod_southeastasia_prod-s01-064-apac-southeastasia", "migrationStage":"NotStarted", "server":"akswtt11200000q"}}
{"logTime": "0322/093700", "correlationVector":"PXgvWVJPOL37keG6BGH1ii.2","action":"Commit Response", "result":"Success", "context":Result: Success. cV=PXgvWVJPOL37keG6BGH1ii.0;server=akswtt11200000q;cloudType=Consumer;environment=Prod_southeastasia_prod-s01-064-apac-southeastasia;migrationStage=NotStarted}
{"logTime": "0322/093800", "correlationVector":"GozxwH74axjF/8FoUW7JQq","action":"Commit Request", "result":"", "context":Item count: 1
Contributing types: Sessions}
{"logTime": "0322/093800", "correlationVector":"GozxwH74axjF/8FoUW7JQq.1","action":"SyncServerConnectionManagerRequest", "result":"SYNC_SERVER_OK", "context":{"environment":"Prod_southeastasia_prod-s01-064-apac-southeastasia", "migrationStage":"NotStarted", "server":"akswtt112000004"}}
{"logTime": "0322/093800", "correlationVector":"GozxwH74axjF/8FoUW7JQq.2","action":"Commit Response", "result":"Success", "context":Result: Success. cV=GozxwH74axjF/8FoUW7JQq.0;server=akswtt112000004;cloudType=Consumer;environment=Prod_southeastasia_prod-s01-064-apac-southeastasia;migrationStage=NotStarted}
{"logTime": "0322/094236", "correlationVector":"GrV9aRtKhHnTKI1uhMhyHX","action":"Commit Request", "result":"", "context":Item count: 1
Contributing types: Sessions}
{"logTime": "0322/094237", "correlationVector":"GrV9aRtKhHnTKI1uhMhyHX.1","action":"SyncServerConnectionManagerRequest", "result":"SYNC_SERVER_OK", "context":{"environment":"Prod_southeastasia_prod-s01-065-apac-southeastasia", "migrationStage":"NotStarted", "server":"akswtt11200000u"}}
{"logTime": "0322/094237", "correlationVector":"GrV9aRtKhHnTKI1uhMhyHX.2","action":"Commit Response", "result":"Success", "context":Result: Success. cV=GrV9aRtKhHnTKI1uhMhyHX.0;server=akswtt11200000u;cloudType=Consumer;environment=Prod_southeastasia_prod-s01-065-apac-southeastasia;migrationStage=NotStarted}
{"logTime": "0322/102710", "correlationVector":"5E0cpIw8dbXSETY/s96dJX.1","action":"SyncServerConnectionManagerRequest", "result":"SYNC_SERVER_OK", "context":{"environment":"Prod_southeastasia_prod-s01-065-apac-southeastasia", "migrationStage":"NotStarted", "server":"akswtt11200000k"}}
{"logTime": "0322/102710", "correlationVector":"5E0cpIw8dbXSETY/s96dJX.2","action":"ProcessGetUpdates", "result":"Done", "context":{"dataType":"Encryption Keys", "deleted":"0", "process_failed_to_decrypt":"0", "process_pending_decryption":"0", "process_success":"1", "total":"1"}}
{"logTime": "0322/102711", "correlationVector":"7Fsjf1tz+iuAwqME6sD3eL","action":"SyncServerConnectionManagerRequest", "result":"SYNC_SERVER_OK", "context":{"environment":"", "migrationStage":"", "server":""}}
{"logTime": "0322/102711", "correlationVector":"7Fsjf1tz+iuAwqME6sD3eL.0","action":"EncryptionKeysFetcher.DownloadKeys:", "result":"Success", "context":Key count: 10, Last key timestamp: 2025-12-04T05:30:54Z}
{"logTime": "0322/102711", "correlationVector":"7Fsjf1tz+iuAwqME6sD3eL.1","action":"EncryptionKeysManager::SetEncryptionKeys:", "result":"Success", "context":Key names[10]:[SNG1sIZ0eYXsO5dgpBOdSGrBJkCkFl7e1KkgKgOP1Cl+OeAavm/dxOMxpzvlLuHgR+5Kr6jXDVdcDXXgYFPhNA==][6tczmWt4Mi67Y84uq2vKG23VKOn7tldOD+vsP1bpJ+Lw152eklB44Ij8Fq4VJVqTRTwY4QP9O13msSxAuEgKug==][+wrtmiqSupmrskrfGeAb+Uzrvzpj+XEKBOqFDFwUKtKlav5UtJXSIFzLakN0ohpnkY06+qC1dhpQWw1aWMiHLQ==][OOH3NK2MC7kIuMKH1LmofBOMy03KtyI7F/yoXGH5KR4n1935IUaSy3FnuCPevI5xJcz+yOqsLE+L2zNDOLj6lw==][Q/8IbcKQprc+PgjGwqeEoTDKNgbO7QjDarTjLV0QCbX8rUIuwPwddIs2W5lHULBgfjogKSEZ0mkjua+mZpL5ag==][m/xpa42/xHUOsxHfuyvicUia8yp2h/+H4Hmp7nc4K/nasXcdlxXrRFVveBnbQh8uzA98c6c+rP4RGZpAlXBB7Q==][47XlcYAVq661JsIM+xvjpHs0z4pZftr0CyRSL4k/emgWefSz5iCimml1fviW8f+KAVkkdXT8w0AM87V5lEtByw==][bK+MMuih/Tks9Lf2yNFbwma7g7JREfq3Az2hlwta1Je9hninuDjBYWecRrFIGhTPGQhzWJD7mM+g8QvwvuDepQ==][ldgH3R4adog6hzn/6f6nlttKEIJir0DaKs2Y/T39edA70yZ+4Jt/8Iei6mPecI6nWPonzG9tSfSjktiMcu2+aQ==][JQctlpnL9o08FXeJMDWxXzIZypOdS/XOvw0d25xqdbd6KWiBp6AiLuKfKWaBLdBS9MVAhsYUTv1gxa97W/2XQA==]}
{"logTime": "0322/102711", "correlationVector":"7Fsjf1tz+iuAwqME6sD3eL.2","action":"EncryptionKeysManager::SetEncryptionKeysWithTimestamps:", "result":"Success", "context":Key timestamps[10]:[2021-10-30T16:43:08Z][2021-11-09T14:00:58Z][2022-02-22T10:32:37Z][2022-10-16T14:49:02Z][2023-01-30T08:01:22Z][2023-07-29T12:20:30Z][2023-08-30T04:32:53Z][2024-12-02T03:49:09Z][2025-05-31T11:13:53Z][2025-12-04T05:30:54Z]}
{"logTime": "0322/102711", "correlationVector":"5E0cpIw8dbXSETY/s96dJX","action":"Initial GetUpdates", "result":"", "context":Reason: NEW_CLIENT. cV=5E0cpIw8dbXSETY/s96dJX}
{"logTime": "0322/102711", "correlationVector":"5E0cpIw8dbXSETY/s96dJX.3","action":"GetUpdates Response", "result":"Success", "context":Received 1 update(s). cV=5E0cpIw8dbXSETY/s96dJX.0;server=akswtt11200000k;cloudType=Consumer;environment=Prod_southeastasia_prod-s01-065-apac-southeastasia;migrationStage=NotStarted}
{"logTime": "0322/102711", "correlationVector":"gzjyZ7YS22wlaEMrsEsxOP","action":"Initial GetUpdates", "result":"", "context":Reason: NEWLY_SUPPORTED_DATATYPE. cV=gzjyZ7YS22wlaEMrsEsxOP}
{"logTime": "0322/102711", "correlationVector":"gzjyZ7YS22wlaEMrsEsxOP.1","action":"SyncServerConnectionManagerRequest", "result":"SYNC_SERVER_OK", "context":{"environment":"Prod_southeastasia_prod-s01-065-apac-southeastasia", "migrationStage":"NotStarted", "server":"akswtt11200000z"}}
{"logTime": "0322/102711", "correlationVector":"gzjyZ7YS22wlaEMrsEsxOP.2","action":"ProcessGetUpdates", "result":"Done", "context":{"dataType":"Passwords", "deleted":"0", "process_failed_to_decrypt":"0", "process_pending_decryption":"0", "process_success":"8", "total":"8"}}
{"logTime": "0322/102711", "correlationVector":"gzjyZ7YS22wlaEMrsEsxOP.3","action":"GetUpdates Response", "result":"Success", "context":Received 8 update(s). cV=gzjyZ7YS22wlaEMrsEsxOP.0;server=akswtt11200000z;cloudType=Consumer;environment=Prod_southeastasia_prod-s01-065-apac-southeastasia;migrationStage=NotStarted}
{"logTime": "0322/102711", "correlationVector":"i3Vd2ztE8C3vKb2bNR/YgB","action":"Normal GetUpdate request", "result":"", "context":cV=i3Vd2ztE8C3vKb2bNR/YgB
Nudged types: Sessions, Device Info, History
Refresh requested types: Bookmarks, Preferences, Passwords, Autofill Profiles, Autofill, Extensions, Sessions, Extension settings, History Delete Directives, Device Info, User Consents, Send Tab To Self, Web Apps, History, Saved Tab Group, WebAuthn Credentials, Collection, Edge E Drop, Edge Hub App Usage, Edge Wallet, Edge Workspace, Encryption Keys}
{"logTime": "0322/102711", "correlationVector":"i3Vd2ztE8C3vKb2bNR/YgB.1","action":"SyncServerConnectionManagerRequest", "result":"SYNC_SERVER_OK", "context":{"environment":"Prod_southeastasia_prod-s01-065-apac-southeastasia", "migrationStage":"NotStarted", "server":"akswtt112000000"}}
{"logTime": "0322/102711", "correlationVector":"i3Vd2ztE8C3vKb2bNR/YgB.2","action":"ProcessGetUpdates", "result":"Done", "context":{"dataType":"Preferences", "deleted":"0", "process_failed_to_decrypt":"0", "process_pending_decryption":"0", "process_success":"1", "total":"1"}}
{"logTime": "0322/102711", "correlationVector":"i3Vd2ztE8C3vKb2bNR/YgB.3","action":"ProcessGetUpdates", "result":"Done", "context":{"dataType":"Sessions", "deleted":"1", "process_failed_to_decrypt":"0", "process_pending_decryption":"0", "process_success":"3", "total":"3"}}
{"logTime": "0322/102711", "correlationVector":"i3Vd2ztE8C3vKb2bNR/YgB.4","action":"ProcessGetUpdates", "result":"Done", "context":{"dataType":"Device Info", "deleted":"0", "process_failed_to_decrypt":"0", "process_pending_decryption":"0", "process_success":"1", "total":"1"}}
{"logTime": "0322/102711", "correlationVector":"i3Vd2ztE8C3vKb2bNR/YgB.5","action":"ProcessGetUpdates", "result":"Done", "context":{"dataType":"History", "deleted":"0", "process_failed_to_decrypt":"0", "process_pending_decryption":"0", "process_success":"3", "total":"3"}}
{"logTime": "0322/102711", "correlationVector":"i3Vd2ztE8C3vKb2bNR/YgB.6","action":"GetUpdates Response", "result":"Success", "context":Received 8 update(s). cV=i3Vd2ztE8C3vKb2bNR/YgB.0;server=akswtt112000000;cloudType=Consumer;environment=Prod_southeastasia_prod-s01-065-apac-southeastasia;migrationStage=NotStarted}
{"logTime": "0322/102711", "correlationVector":"py07flIvlfwyUEYnFSerpP","action":"Commit Request", "result":"", "context":Item count: 1
Contributing types: History}
{"logTime": "0322/102712", "correlationVector":"py07flIvlfwyUEYnFSerpP.1","action":"SyncServerConnectionManagerRequest", "result":"SYNC_SERVER_OK", "context":{"environment":"Prod_southeastasia_prod-s01-065-apac-southeastasia", "migrationStage":"NotStarted", "server":"akswtt112000012"}}
{"logTime": "0322/102712", "correlationVector":"py07flIvlfwyUEYnFSerpP.2","action":"Commit Response", "result":"Success", "context":Result: Success. cV=py07flIvlfwyUEYnFSerpP.0;server=akswtt112000012;cloudType=Consumer;environment=Prod_southeastasia_prod-s01-065-apac-southeastasia;migrationStage=NotStarted}
{"logTime": "0322/102812", "correlationVector":"hNBLSZ9MBjTfU5heFDz3yW","action":"Commit Request", "result":"", "context":Item count: 3
Contributing types: Sessions, History}
{"logTime": "0322/102813", "correlationVector":"hNBLSZ9MBjTfU5heFDz3yW.1","action":"SyncServerConnectionManagerRequest", "result":"SYNC_SERVER_OK", "context":{"environment":"Prod_southeastasia_prod-s01-065-apac-southeastasia", "migrationStage":"NotStarted", "server":"akswtt112000000"}}
{"logTime": "0322/102813", "correlationVector":"hNBLSZ9MBjTfU5heFDz3yW.2","action":"Commit Response", "result":"Success", "context":Result: Success. cV=hNBLSZ9MBjTfU5heFDz3yW.0;server=akswtt112000000;cloudType=Consumer;environment=Prod_southeastasia_prod-s01-065-apac-southeastasia;migrationStage=NotStarted}
{"logTime": "0322/103102", "correlationVector":"VRAOHwh77q+8Gs6HAq3owi","action":"Commit Request", "result":"", "context":Item count: 2
Contributing types: Sessions, History}
{"logTime": "0322/103103", "correlationVector":"VRAOHwh77q+8Gs6HAq3owi.1","action":"SyncServerConnectionManagerRequest", "result":"SYNC_SERVER_OK", "context":{"environment":"Prod_southeastasia_prod-s01-065-apac-southeastasia", "migrationStage":"NotStarted", "server":"akswtt112000010"}}
{"logTime": "0322/103103", "correlationVector":"VRAOHwh77q+8Gs6HAq3owi.2","action":"Commit Response", "result":"Success", "context":Result: Success. cV=VRAOHwh77q+8Gs6HAq3owi.0;server=akswtt112000010;cloudType=Consumer;environment=Prod_southeastasia_prod-s01-065-apac-southeastasia;migrationStage=NotStarted}
{"logTime": "0322/103342", "correlationVector":"hEQKf9Wo1FXK5F/mcQ0vhY","action":"Commit Request", "result":"", "context":Item count: 2
Contributing types: Sessions, Device Info}
{"logTime": "0322/103343", "correlationVector":"hEQKf9Wo1FXK5F/mcQ0vhY.1","action":"SyncServerConnectionManagerRequest", "result":"SYNC_SERVER_OK", "context":{"environment":"Prod_southeastasia_prod-s01-065-apac-southeastasia", "migrationStage":"NotStarted", "server":"akswtt11200000t"}}
{"logTime": "0322/103343", "correlationVector":"hEQKf9Wo1FXK5F/mcQ0vhY.2","action":"Commit Response", "result":"Success", "context":Result: Success. cV=hEQKf9Wo1FXK5F/mcQ0vhY.0;server=akswtt11200000t;cloudType=Consumer;environment=Prod_southeastasia_prod-s01-065-apac-southeastasia;migrationStage=NotStarted}
{"logTime": "0322/104242", "correlationVector":"fIx137anRhu7i9bK4pn84B","action":"Commit Request", "result":"", "context":Item count: 1
Contributing types: Sessions}
{"logTime": "0322/104243", "correlationVector":"fIx137anRhu7i9bK4pn84B.1","action":"SyncServerConnectionManagerRequest", "result":"SYNC_SERVER_OK", "context":{"environment":"Prod_southeastasia_prod-s01-064-apac-southeastasia", "migrationStage":"NotStarted", "server":"akswtt11200000c"}}
{"logTime": "0322/104243", "correlationVector":"fIx137anRhu7i9bK4pn84B.2","action":"Commit Response", "result":"Success", "context":Result: Success. cV=fIx137anRhu7i9bK4pn84B.0;server=akswtt11200000c;cloudType=Consumer;environment=Prod_southeastasia_prod-s01-064-apac-southeastasia;migrationStage=NotStarted}
{"logTime": "0322/104642", "correlationVector":"WqQfGmzvH346UX8pr5UnjB","action":"Commit Request", "result":"", "context":Item count: 1
Contributing types: Sessions}
{"logTime": "0322/104643", "correlationVector":"WqQfGmzvH346UX8pr5UnjB.1","action":"SyncServerConnectionManagerRequest", "result":"SYNC_SERVER_OK", "context":{"environment":"Prod_southeastasia_prod-s01-064-apac-southeastasia", "migrationStage":"NotStarted", "server":"akswtt11200000j"}}
{"logTime": "0322/104643", "correlationVector":"WqQfGmzvH346UX8pr5UnjB.2","action":"Commit Response", "result":"Success", "context":Result: Success. cV=WqQfGmzvH346UX8pr5UnjB.0;server=akswtt11200000j;cloudType=Consumer;environment=Prod_southeastasia_prod-s01-064-apac-southeastasia;migrationStage=NotStarted}
{"logTime": "0322/105336", "correlationVector":"66EgnsEimhNJgdT+YrstQ0","action":"Commit Request", "result":"", "context":Item count: 1
Contributing types: Sessions}
{"logTime": "0322/105351", "correlationVector":"66EgnsEimhNJgdT+YrstQ0.1","action":"SyncServerConnectionManagerRequest", "result":"SYNC_SERVER_OK", "context":{"environment":"Prod_southeastasia_prod-s01-065-apac-southeastasia", "migrationStage":"NotStarted", "server":"akswtt11200000o"}}
{"logTime": "0322/105351", "correlationVector":"66EgnsEimhNJgdT+YrstQ0.2","action":"Commit Response", "result":"Success", "context":Result: Success. cV=66EgnsEimhNJgdT+YrstQ0.0;server=akswtt11200000o;cloudType=Consumer;environment=Prod_southeastasia_prod-s01-065-apac-southeastasia;migrationStage=NotStarted}
{"logTime": "0322/105634", "correlationVector":"yvjSb6mP+YI7rseTiodBva.1","action":"SyncServerConnectionManagerRequest", "result":"SYNC_SERVER_OK", "context":{"environment":"Prod_southeastasia_prod-s01-065-apac-southeastasia", "migrationStage":"NotStarted", "server":"akswtt11200000o"}}
{"logTime": "0322/105634", "correlationVector":"yvjSb6mP+YI7rseTiodBva.2","action":"ProcessGetUpdates", "result":"Done", "context":{"dataType":"Encryption Keys", "deleted":"0", "process_failed_to_decrypt":"0", "process_pending_decryption":"0", "process_success":"1", "total":"1"}}
{"logTime": "0322/105635", "correlationVector":"1g3kmW9pUEw7beM+bgNKun","action":"SyncServerConnectionManagerRequest", "result":"SYNC_SERVER_OK", "context":{"environment":"", "migrationStage":"", "server":""}}
{"logTime": "0322/105635", "correlationVector":"1g3kmW9pUEw7beM+bgNKun.0","action":"EncryptionKeysFetcher.DownloadKeys:", "result":"Success", "context":Key count: 10, Last key timestamp: 2025-12-04T05:30:54Z}
{"logTime": "0322/105635", "correlationVector":"1g3kmW9pUEw7beM+bgNKun.1","action":"EncryptionKeysManager::SetEncryptionKeys:", "result":"Success", "context":Key names[10]:[SNG1sIZ0eYXsO5dgpBOdSGrBJkCkFl7e1KkgKgOP1Cl+OeAavm/dxOMxpzvlLuHgR+5Kr6jXDVdcDXXgYFPhNA==][6tczmWt4Mi67Y84uq2vKG23VKOn7tldOD+vsP1bpJ+Lw152eklB44Ij8Fq4VJVqTRTwY4QP9O13msSxAuEgKug==][+wrtmiqSupmrskrfGeAb+Uzrvzpj+XEKBOqFDFwUKtKlav5UtJXSIFzLakN0ohpnkY06+qC1dhpQWw1aWMiHLQ==][OOH3NK2MC7kIuMKH1LmofBOMy03KtyI7F/yoXGH5KR4n1935IUaSy3FnuCPevI5xJcz+yOqsLE+L2zNDOLj6lw==][Q/8IbcKQprc+PgjGwqeEoTDKNgbO7QjDarTjLV0QCbX8rUIuwPwddIs2W5lHULBgfjogKSEZ0mkjua+mZpL5ag==][m/xpa42/xHUOsxHfuyvicUia8yp2h/+H4Hmp7nc4K/nasXcdlxXrRFVveBnbQh8uzA98c6c+rP4RGZpAlXBB7Q==][47XlcYAVq661JsIM+xvjpHs0z4pZftr0CyRSL4k/emgWefSz5iCimml1fviW8f+KAVkkdXT8w0AM87V5lEtByw==][bK+MMuih/Tks9Lf2yNFbwma7g7JREfq3Az2hlwta1Je9hninuDjBYWecRrFIGhTPGQhzWJD7mM+g8QvwvuDepQ==][ldgH3R4adog6hzn/6f6nlttKEIJir0DaKs2Y/T39edA70yZ+4Jt/8Iei6mPecI6nWPonzG9tSfSjktiMcu2+aQ==][JQctlpnL9o08FXeJMDWxXzIZypOdS/XOvw0d25xqdbd6KWiBp6AiLuKfKWaBLdBS9MVAhsYUTv1gxa97W/2XQA==]}
{"logTime": "0322/105635", "correlationVector":"1g3kmW9pUEw7beM+bgNKun.2","action":"EncryptionKeysManager::SetEncryptionKeysWithTimestamps:", "result":"Success", "context":Key timestamps[10]:[2021-10-30T16:43:08Z][2021-11-09T14:00:58Z][2022-02-22T10:32:37Z][2022-10-16T14:49:02Z][2023-01-30T08:01:22Z][2023-07-29T12:20:30Z][2023-08-30T04:32:53Z][2024-12-02T03:49:09Z][2025-05-31T11:13:53Z][2025-12-04T05:30:54Z]}
{"logTime": "0322/105635", "correlationVector":"yvjSb6mP+YI7rseTiodBva","action":"Initial GetUpdates", "result":"", "context":Reason: NEW_CLIENT. cV=yvjSb6mP+YI7rseTiodBva}
{"logTime": "0322/105635", "correlationVector":"yvjSb6mP+YI7rseTiodBva.3","action":"GetUpdates Response", "result":"Success", "context":Received 1 update(s). cV=yvjSb6mP+YI7rseTiodBva.0;server=akswtt11200000o;cloudType=Consumer;environment=Prod_southeastasia_prod-s01-065-apac-southeastasia;migrationStage=NotStarted}
{"logTime": "0322/105635", "correlationVector":"8fAxKDjheC1j2zAL/U87fu","action":"Initial GetUpdates", "result":"", "context":Reason: NEWLY_SUPPORTED_DATATYPE. cV=8fAxKDjheC1j2zAL/U87fu}
{"logTime": "0322/105636", "correlationVector":"8fAxKDjheC1j2zAL/U87fu.1","action":"SyncServerConnectionManagerRequest", "result":"SYNC_SERVER_OK", "context":{"environment":"Prod_southeastasia_prod-s01-065-apac-southeastasia", "migrationStage":"NotStarted", "server":"akswtt11200000o"}}
{"logTime": "0322/105636", "correlationVector":"8fAxKDjheC1j2zAL/U87fu.2","action":"ProcessGetUpdates", "result":"Done", "context":{"dataType":"Preferences", "deleted":"0", "process_failed_to_decrypt":"0", "process_pending_decryption":"0", "process_success":"46", "total":"46"}}
{"logTime": "0322/105636", "correlationVector":"8fAxKDjheC1j2zAL/U87fu.3","action":"ProcessGetUpdates", "result":"Done", "context":{"dataType":"Device Info", "deleted":"0", "process_failed_to_decrypt":"0", "process_pending_decryption":"0", "process_success":"204", "total":"204"}}
{"logTime": "0322/105636", "correlationVector":"8fAxKDjheC1j2zAL/U87fu.4","action":"GetUpdates Response", "result":"Success", "context":Received 250 update(s). cV=8fAxKDjheC1j2zAL/U87fu.0;server=akswtt11200000o;cloudType=Consumer;environment=Prod_southeastasia_prod-s01-065-apac-southeastasia;migrationStage=NotStarted Some updates remain.}
{"logTime": "0322/105636", "correlationVector":"MLfvueYYZL/WPEk6uyA3Nj","action":"Initial GetUpdates", "result":"", "context":Reason: NEWLY_SUPPORTED_DATATYPE. cV=MLfvueYYZL/WPEk6uyA3Nj}
{"logTime": "0322/105637", "correlationVector":"MLfvueYYZL/WPEk6uyA3Nj.1","action":"SyncServerConnectionManagerRequest", "result":"SYNC_SERVER_OK", "context":{"environment":"Prod_southeastasia_prod-s01-065-apac-southeastasia", "migrationStage":"NotStarted", "server":"akswtt11200000z"}}
{"logTime": "0322/105637", "correlationVector":"MLfvueYYZL/WPEk6uyA3Nj.2","action":"ProcessGetUpdates", "result":"Done", "context":{"dataType":"Preferences", "deleted":"1", "process_failed_to_decrypt":"0", "process_pending_decryption":"0", "process_success":"11", "total":"11"}}
{"logTime": "0322/105637", "correlationVector":"MLfvueYYZL/WPEk6uyA3Nj.3","action":"ProcessGetUpdates", "result":"Done", "context":{"dataType":"Passwords", "deleted":"0", "process_failed_to_decrypt":"0", "process_pending_decryption":"0", "process_success":"8", "total":"8"}}
{"logTime": "0322/105637", "correlationVector":"MLfvueYYZL/WPEk6uyA3Nj.4","action":"ProcessGetUpdates", "result":"Done", "context":{"dataType":"Device Info", "deleted":"0", "process_failed_to_decrypt":"0", "process_pending_decryption":"0", "process_success":"43", "total":"43"}}
{"logTime": "0322/105637", "correlationVector":"MLfvueYYZL/WPEk6uyA3Nj.5","action":"GetUpdates Response", "result":"Success", "context":Received 62 update(s). cV=MLfvueYYZL/WPEk6uyA3Nj.0;server=akswtt11200000z;cloudType=Consumer;environment=Prod_southeastasia_prod-s01-065-apac-southeastasia;migrationStage=NotStarted}
{"logTime": "0322/105637", "correlationVector":"okOzS+fAhcqeWjy8YNa444","action":"Initial GetUpdates", "result":"", "context":Reason: NEWLY_SUPPORTED_DATATYPE. cV=okOzS+fAhcqeWjy8YNa444}
{"logTime": "0322/105637", "correlationVector":"okOzS+fAhcqeWjy8YNa444.1","action":"SyncServerConnectionManagerRequest", "result":"SYNC_SERVER_OK", "context":{"environment":"Prod_southeastasia_prod-s01-065-apac-southeastasia", "migrationStage":"NotStarted", "server":"akswtt11200000p"}}
{"logTime": "0322/105637", "correlationVector":"okOzS+fAhcqeWjy8YNa444.2","action":"ProcessGetUpdates", "result":"Done", "context":{"dataType":"Bookmarks", "deleted":"0", "process_failed_to_decrypt":"0", "process_pending_decryption":"0", "process_success":"6", "total":"6"}}
{"logTime": "0322/105637", "correlationVector":"okOzS+fAhcqeWjy8YNa444.3","action":"GetUpdates Response", "result":"Success", "context":Received 6 update(s). cV=okOzS+fAhcqeWjy8YNa444.0;server=akswtt11200000p;cloudType=Consumer;environment=Prod_southeastasia_prod-s01-065-apac-southeastasia;migrationStage=NotStarted}
{"logTime": "0322/105637", "correlationVector":"uaf+qSUGWvoYndzyI5jSMW","action":"Initial GetUpdates", "result":"", "context":Reason: NEWLY_SUPPORTED_DATATYPE. cV=uaf+qSUGWvoYndzyI5jSMW}
{"logTime": "0322/105638", "correlationVector":"uaf+qSUGWvoYndzyI5jSMW.1","action":"SyncServerConnectionManagerRequest", "result":"SYNC_SERVER_OK", "context":{"environment":"Prod_southeastasia_prod-s01-065-apac-southeastasia", "migrationStage":"NotStarted", "server":"akswtt11200000v"}}
{"logTime": "0322/105638", "correlationVector":"uaf+qSUGWvoYndzyI5jSMW.2","action":"ProcessGetUpdates", "result":"Done", "context":{"dataType":"Autofill", "deleted":"0", "process_failed_to_decrypt":"0", "process_pending_decryption":"0", "process_success":"24", "total":"24"}}
{"logTime": "0322/105638", "correlationVector":"uaf+qSUGWvoYndzyI5jSMW.3","action":"ProcessGetUpdates", "result":"Done", "context":{"dataType":"Sessions", "deleted":"86", "process_failed_to_decrypt":"0", "process_pending_decryption":"0", "process_success":"86", "total":"86"}}
{"logTime": "0322/105638", "correlationVector":"uaf+qSUGWvoYndzyI5jSMW.4","action":"ProcessGetUpdates", "result":"Done", "context":{"dataType":"Edge Hub App Usage", "deleted":"132", "process_failed_to_decrypt":"0", "process_pending_decryption":"0", "process_success":"140", "total":"140"}}
{"logTime": "0322/105638", "correlationVector":"uaf+qSUGWvoYndzyI5jSMW.5","action":"GetUpdates Response", "result":"Success", "context":Received 250 update(s). cV=uaf+qSUGWvoYndzyI5jSMW.0;server=akswtt11200000v;cloudType=Consumer;environment=Prod_southeastasia_prod-s01-065-apac-southeastasia;migrationStage=NotStarted Some updates remain.}
{"logTime": "0322/105638", "correlationVector":"TiKzaEJrCn57peKVGE2jOg","action":"Initial GetUpdates", "result":"", "context":Reason: NEWLY_SUPPORTED_DATATYPE. cV=TiKzaEJrCn57peKVGE2jOg}
{"logTime": "0322/105639", "correlationVector":"TiKzaEJrCn57peKVGE2jOg.1","action":"SyncServerConnectionManagerRequest", "result":"SYNC_SERVER_OK", "context":{"environment":"Prod_southeastasia_prod-s01-065-apac-southeastasia", "migrationStage":"NotStarted", "server":"akswtt112000007"}}
{"logTime": "0322/105639", "correlationVector":"TiKzaEJrCn57peKVGE2jOg.2","action":"ProcessGetUpdates", "result":"Done", "context":{"dataType":"Autofill", "deleted":"0", "process_failed_to_decrypt":"0", "process_pending_decryption":"0", "process_success":"6", "total":"6"}}
{"logTime": "0322/105639", "correlationVector":"TiKzaEJrCn57peKVGE2jOg.3","action":"ProcessGetUpdates", "result":"Done", "context":{"dataType":"Sessions", "deleted":"93", "process_failed_to_decrypt":"0", "process_pending_decryption":"0", "process_success":"93", "total":"93"}}
{"logTime": "0322/105639", "correlationVector":"TiKzaEJrCn57peKVGE2jOg.4","action":"ProcessGetUpdates", "result":"Done", "context":{"dataType":"Edge Hub App Usage", "deleted":"147", "process_failed_to_decrypt":"0", "process_pending_decryption":"0", "process_success":"151", "total":"151"}}
{"logTime": "0322/105639", "correlationVector":"TiKzaEJrCn57peKVGE2jOg.5","action":"GetUpdates Response", "result":"Success", "context":Received 250 update(s). cV=TiKzaEJrCn57peKVGE2jOg.0;server=akswtt112000007;cloudType=Consumer;environment=Prod_southeastasia_prod-s01-065-apac-southeastasia;migrationStage=NotStarted Some updates remain.}
{"logTime": "0322/105639", "correlationVector":"FPkGXtuBpKjH7zodsyf8f7","action":"Initial GetUpdates", "result":"", "context":Reason: NEWLY_SUPPORTED_DATATYPE. cV=FPkGXtuBpKjH7zodsyf8f7}
{"logTime": "0322/105639", "correlationVector":"FPkGXtuBpKjH7zodsyf8f7.1","action":"SyncServerConnectionManagerRequest", "result":"SYNC_SERVER_OK", "context":{"environment":"Prod_southeastasia_prod-s01-065-apac-southeastasia", "migrationStage":"NotStarted", "server":"akswtt112000002"}}
{"logTime": "0322/105639", "correlationVector":"FPkGXtuBpKjH7zodsyf8f7.2","action":"ProcessGetUpdates", "result":"Done", "context":{"dataType":"Autofill Profiles", "deleted":"0", "process_failed_to_decrypt":"0", "process_pending_decryption":"0", "process_success":"1", "total":"1"}}
{"logTime": "0322/105639", "correlationVector":"FPkGXtuBpKjH7zodsyf8f7.3","action":"ProcessGetUpdates", "result":"Done", "context":{"dataType":"Sessions", "deleted":"36", "process_failed_to_decrypt":"0", "process_pending_decryption":"0", "process_success":"45", "total":"45"}}
{"logTime": "0322/105639", "correlationVector":"FPkGXtuBpKjH7zodsyf8f7.4","action":"ProcessGetUpdates", "result":"Done", "context":{"dataType":"Edge Hub App Usage", "deleted":"0", "process_failed_to_decrypt":"0", "process_pending_decryption":"0", "process_success":"3", "total":"3"}}
{"logTime": "0322/105639", "correlationVector":"FPkGXtuBpKjH7zodsyf8f7.5","action":"GetUpdates Response", "result":"Success", "context":Received 49 update(s). cV=FPkGXtuBpKjH7zodsyf8f7.0;server=akswtt112000002;cloudType=Consumer;environment=Prod_southeastasia_prod-s01-065-apac-southeastasia;migrationStage=NotStarted}
{"logTime": "0322/105639", "correlationVector":"JA1WY3tiYuy3xeIfs/GZBF","action":"Initial GetUpdates", "result":"", "context":Reason: NEWLY_SUPPORTED_DATATYPE. cV=JA1WY3tiYuy3xeIfs/GZBF}
{"logTime": "0322/105641", "correlationVector":"JA1WY3tiYuy3xeIfs/GZBF.1","action":"SyncServerConnectionManagerRequest", "result":"SYNC_SERVER_OK", "context":{"environment":"Prod_southeastasia_prod-s01-065-apac-southeastasia", "migrationStage":"NotStarted", "server":"akswtt11200000p"}}
{"logTime": "0322/105641", "correlationVector":"JA1WY3tiYuy3xeIfs/GZBF.2","action":"ProcessGetUpdates", "result":"Done", "context":{"dataType":"History", "deleted":"0", "process_failed_to_decrypt":"0", "process_pending_decryption":"0", "process_success":"250", "total":"250"}}
{"logTime": "0322/105641", "correlationVector":"JA1WY3tiYuy3xeIfs/GZBF.3","action":"GetUpdates Response", "result":"Success", "context":Received 250 update(s). cV=JA1WY3tiYuy3xeIfs/GZBF.0;server=akswtt11200000p;cloudType=Consumer;environment=Prod_southeastasia_prod-s01-065-apac-southeastasia;migrationStage=NotStarted Some updates remain.}
{"logTime": "0322/105641", "correlationVector":"zldGXkwLls575MgGCaZR/s","action":"Initial GetUpdates", "result":"", "context":Reason: NEWLY_SUPPORTED_DATATYPE. cV=zldGXkwLls575MgGCaZR/s}
{"logTime": "0322/105642", "correlationVector":"zldGXkwLls575MgGCaZR/s.1","action":"SyncServerConnectionManagerRequest", "result":"SYNC_SERVER_OK", "context":{"environment":"Prod_southeastasia_prod-s01-065-apac-southeastasia", "migrationStage":"NotStarted", "server":"akswtt11200000o"}}
{"logTime": "0322/105642", "correlationVector":"zldGXkwLls575MgGCaZR/s.2","action":"ProcessGetUpdates", "result":"Done", "context":{"dataType":"History", "deleted":"0", "process_failed_to_decrypt":"0", "process_pending_decryption":"0", "process_success":"250", "total":"250"}}
{"logTime": "0322/105642", "correlationVector":"zldGXkwLls575MgGCaZR/s.3","action":"GetUpdates Response", "result":"Success", "context":Received 250 update(s). cV=zldGXkwLls575MgGCaZR/s.0;server=akswtt11200000o;cloudType=Consumer;environment=Prod_southeastasia_prod-s01-065-apac-southeastasia;migrationStage=NotStarted Some updates remain.}
{"logTime": "0322/105642", "correlationVector":"PHXWTJwCgebNf8sDmJHKtp","action":"Initial GetUpdates", "result":"", "context":Reason: NEWLY_SUPPORTED_DATATYPE. cV=PHXWTJwCgebNf8sDmJHKtp}
{"logTime": "0322/105643", "correlationVector":"PHXWTJwCgebNf8sDmJHKtp.1","action":"SyncServerConnectionManagerRequest", "result":"SYNC_SERVER_OK", "context":{"environment":"Prod_southeastasia_prod-s01-065-apac-southeastasia", "migrationStage":"NotStarted", "server":"akswtt11200000j"}}
{"logTime": "0322/105643", "correlationVector":"PHXWTJwCgebNf8sDmJHKtp.2","action":"ProcessGetUpdates", "result":"Done", "context":{"dataType":"History", "deleted":"0", "process_failed_to_decrypt":"0", "process_pending_decryption":"0", "process_success":"250", "total":"250"}}
{"logTime": "0322/105643", "correlationVector":"PHXWTJwCgebNf8sDmJHKtp.3","action":"GetUpdates Response", "result":"Success", "context":Received 250 update(s). cV=PHXWTJwCgebNf8sDmJHKtp.0;server=akswtt11200000j;cloudType=Consumer;environment=Prod_southeastasia_prod-s01-065-apac-southeastasia;migrationStage=NotStarted Some updates remain.}
{"logTime": "0322/105643", "correlationVector":"y7ncARlqWAMSyx0VXGiB1G","action":"Initial GetUpdates", "result":"", "context":Reason: NEWLY_SUPPORTED_DATATYPE. cV=y7ncARlqWAMSyx0VXGiB1G}
{"logTime": "0322/105644", "correlationVector":"y7ncARlqWAMSyx0VXGiB1G.1","action":"SyncServerConnectionManagerRequest", "result":"SYNC_SERVER_OK", "context":{"environment":"Prod_southeastasia_prod-s01-065-apac-southeastasia", "migrationStage":"NotStarted", "server":"akswtt11200000z"}}
{"logTime": "0322/105644", "correlationVector":"y7ncARlqWAMSyx0VXGiB1G.2","action":"ProcessGetUpdates", "result":"Done", "context":{"dataType":"History", "deleted":"0", "process_failed_to_decrypt":"0", "process_pending_decryption":"0", "process_success":"250", "total":"250"}}
{"logTime": "0322/105644", "correlationVector":"y7ncARlqWAMSyx0VXGiB1G.3","action":"GetUpdates Response", "result":"Success", "context":Received 250 update(s). cV=y7ncARlqWAMSyx0VXGiB1G.0;server=akswtt11200000z;cloudType=Consumer;environment=Prod_southeastasia_prod-s01-065-apac-southeastasia;migrationStage=NotStarted Some updates remain.}
{"logTime": "0322/105644", "correlationVector":"wWlKVxhbKLT0cFFBycaP2Q","action":"Initial GetUpdates", "result":"", "context":Reason: NEWLY_SUPPORTED_DATATYPE. cV=wWlKVxhbKLT0cFFBycaP2Q}
{"logTime": "0322/105645", "correlationVector":"wWlKVxhbKLT0cFFBycaP2Q.1","action":"SyncServerConnectionManagerRequest", "result":"SYNC_SERVER_OK", "context":{"environment":"Prod_southeastasia_prod-s01-065-apac-southeastasia", "migrationStage":"NotStarted", "server":"akswtt11200000l"}}
{"logTime": "0322/105645", "correlationVector":"wWlKVxhbKLT0cFFBycaP2Q.2","action":"ProcessGetUpdates", "result":"Done", "context":{"dataType":"History", "deleted":"0", "process_failed_to_decrypt":"0", "process_pending_decryption":"0", "process_success":"44", "total":"44"}}
{"logTime": "0322/105645", "correlationVector":"wWlKVxhbKLT0cFFBycaP2Q.3","action":"GetUpdates Response", "result":"Success", "context":Received 44 update(s). cV=wWlKVxhbKLT0cFFBycaP2Q.0;server=akswtt11200000l;cloudType=Consumer;environment=Prod_southeastasia_prod-s01-065-apac-southeastasia;migrationStage=NotStarted}
{"logTime": "0322/105645", "correlationVector":"6H8lYj1RN/I97hCNPMf5X7","action":"Normal GetUpdate request", "result":"", "context":cV=6H8lYj1RN/I97hCNPMf5X7
Nudged types: Sessions, Device Info, History
Refresh requested types: Bookmarks, Preferences, Passwords, Autofill Profiles, Autofill, Extensions, Sessions, Extension settings, History Delete Directives, Device Info, User Consents, Send Tab To Self, Web Apps, History, Saved Tab Group, WebAuthn Credentials, Collection, Edge E Drop, Edge Hub App Usage, Edge Wallet, Edge Workspace, Encryption Keys}
{"logTime": "0322/105645", "correlationVector":"6H8lYj1RN/I97hCNPMf5X7.1","action":"SyncServerConnectionManagerRequest", "result":"SYNC_SERVER_OK", "context":{"environment":"Prod_southeastasia_prod-s01-065-apac-southeastasia", "migrationStage":"NotStarted", "server":"akswtt112000010"}}
{"logTime": "0322/105645", "correlationVector":"6H8lYj1RN/I97hCNPMf5X7.2","action":"GetUpdates Response", "result":"Success", "context":Received 0 update(s). cV=6H8lYj1RN/I97hCNPMf5X7.0;server=akswtt112000010;cloudType=Consumer;environment=Prod_southeastasia_prod-s01-065-apac-southeastasia;migrationStage=NotStarted}
{"logTime": "0322/105645", "correlationVector":"sOHTAJkQ/FoiTxE4UVWm4n","action":"Commit Request", "result":"", "context":Item count: 4
Contributing types: Sessions, Device Info, History}
{"logTime": "0322/105646", "correlationVector":"sOHTAJkQ/FoiTxE4UVWm4n.1","action":"SyncServerConnectionManagerRequest", "result":"SYNC_SERVER_OK", "context":{"environment":"Prod_southeastasia_prod-s01-065-apac-southeastasia", "migrationStage":"NotStarted", "server":"akswtt11200000p"}}
{"logTime": "0322/105646", "correlationVector":"sOHTAJkQ/FoiTxE4UVWm4n.2","action":"Commit Response", "result":"Success", "context":Result: Success. cV=sOHTAJkQ/FoiTxE4UVWm4n.0;server=akswtt11200000p;cloudType=Consumer;environment=Prod_southeastasia_prod-s01-065-apac-southeastasia;migrationStage=NotStarted}
{"logTime": "0322/105751", "correlationVector":"dnfBeNGWvDU+F03WKEaSAf","action":"Commit Request", "result":"", "context":Item count: 2
Contributing types: Sessions, History}
{"logTime": "0322/105751", "correlationVector":"dnfBeNGWvDU+F03WKEaSAf.1","action":"SyncServerConnectionManagerRequest", "result":"SYNC_SERVER_OK", "context":{"environment":"Prod_southeastasia_prod-s01-065-apac-southeastasia", "migrationStage":"NotStarted", "server":"akswtt11200000p"}}
{"logTime": "0322/105751", "correlationVector":"dnfBeNGWvDU+F03WKEaSAf.2","action":"Commit Response", "result":"Success", "context":Result: Success. cV=dnfBeNGWvDU+F03WKEaSAf.0;server=akswtt11200000p;cloudType=Consumer;environment=Prod_southeastasia_prod-s01-065-apac-southeastasia;migrationStage=NotStarted}
{"logTime": "0322/105823", "correlationVector":"30f94lwnsgww6+F0bQTcb9","action":"Poll GetUpdate request", "result":"", "context":cV=30f94lwnsgww6+F0bQTcb9}
{"logTime": "0322/105823", "correlationVector":"30f94lwnsgww6+F0bQTcb9.1","action":"SyncServerConnectionManagerRequest", "result":"SYNC_SERVER_OK", "context":{"environment":"Prod_southeastasia_prod-s01-065-apac-southeastasia", "migrationStage":"NotStarted", "server":"akswtt11200000l"}}
{"logTime": "0322/105823", "correlationVector":"30f94lwnsgww6+F0bQTcb9.2","action":"ProcessGetUpdates", "result":"Done", "context":{"dataType":"Sessions", "deleted":"0", "process_failed_to_decrypt":"0", "process_pending_decryption":"0", "process_success":"2", "total":"2"}}
{"logTime": "0322/105823", "correlationVector":"30f94lwnsgww6+F0bQTcb9.3","action":"ProcessGetUpdates", "result":"Done", "context":{"dataType":"Device Info", "deleted":"0", "process_failed_to_decrypt":"0", "process_pending_decryption":"0", "process_success":"1", "total":"1"}}
{"logTime": "0322/105823", "correlationVector":"30f94lwnsgww6+F0bQTcb9.4","action":"ProcessGetUpdates", "result":"Done", "context":{"dataType":"History", "deleted":"0", "process_failed_to_decrypt":"0", "process_pending_decryption":"0", "process_success":"1", "total":"1"}}
{"logTime": "0322/105823", "correlationVector":"30f94lwnsgww6+F0bQTcb9.5","action":"GetUpdates Response", "result":"Success", "context":Received 4 update(s). cV=30f94lwnsgww6+F0bQTcb9.0;server=akswtt11200000l;cloudType=Consumer;environment=Prod_southeastasia_prod-s01-065-apac-southeastasia;migrationStage=NotStarted}
{"logTime": "0322/183359", "correlationVector":"piVMr/oGD4KcXFLByXJRZy.1","action":"SyncServerConnectionManagerRequest", "result":"SYNC_SERVER_OK", "context":{"environment":"Prod_southeastasia_prod-s01-065-apac-southeastasia", "migrationStage":"NotStarted", "server":"akswtt11200000i"}}
{"logTime": "0322/183359", "correlationVector":"piVMr/oGD4KcXFLByXJRZy.2","action":"ProcessGetUpdates", "result":"Done", "context":{"dataType":"Encryption Keys", "deleted":"0", "process_failed_to_decrypt":"0", "process_pending_decryption":"0", "process_success":"1", "total":"1"}}
{"logTime": "0322/183400", "correlationVector":"OU62uYC2QJwtLnB9YP8cra","action":"SyncServerConnectionManagerRequest", "result":"SYNC_SERVER_OK", "context":{"environment":"", "migrationStage":"", "server":""}}
{"logTime": "0322/183400", "correlationVector":"OU62uYC2QJwtLnB9YP8cra.0","action":"EncryptionKeysFetcher.DownloadKeys:", "result":"Success", "context":Key count: 10, Last key timestamp: 2025-12-04T05:30:54Z}
{"logTime": "0322/183400", "correlationVector":"OU62uYC2QJwtLnB9YP8cra.1","action":"EncryptionKeysManager::SetEncryptionKeys:", "result":"Success", "context":Key names[10]:[SNG1sIZ0eYXsO5dgpBOdSGrBJkCkFl7e1KkgKgOP1Cl+OeAavm/dxOMxpzvlLuHgR+5Kr6jXDVdcDXXgYFPhNA==][6tczmWt4Mi67Y84uq2vKG23VKOn7tldOD+vsP1bpJ+Lw152eklB44Ij8Fq4VJVqTRTwY4QP9O13msSxAuEgKug==][+wrtmiqSupmrskrfGeAb+Uzrvzpj+XEKBOqFDFwUKtKlav5UtJXSIFzLakN0ohpnkY06+qC1dhpQWw1aWMiHLQ==][OOH3NK2MC7kIuMKH1LmofBOMy03KtyI7F/yoXGH5KR4n1935IUaSy3FnuCPevI5xJcz+yOqsLE+L2zNDOLj6lw==][Q/8IbcKQprc+PgjGwqeEoTDKNgbO7QjDarTjLV0QCbX8rUIuwPwddIs2W5lHULBgfjogKSEZ0mkjua+mZpL5ag==][m/xpa42/xHUOsxHfuyvicUia8yp2h/+H4Hmp7nc4K/nasXcdlxXrRFVveBnbQh8uzA98c6c+rP4RGZpAlXBB7Q==][47XlcYAVq661JsIM+xvjpHs0z4pZftr0CyRSL4k/emgWefSz5iCimml1fviW8f+KAVkkdXT8w0AM87V5lEtByw==][bK+MMuih/Tks9Lf2yNFbwma7g7JREfq3Az2hlwta1Je9hninuDjBYWecRrFIGhTPGQhzWJD7mM+g8QvwvuDepQ==][ldgH3R4adog6hzn/6f6nlttKEIJir0DaKs2Y/T39edA70yZ+4Jt/8Iei6mPecI6nWPonzG9tSfSjktiMcu2+aQ==][JQctlpnL9o08FXeJMDWxXzIZypOdS/XOvw0d25xqdbd6KWiBp6AiLuKfKWaBLdBS9MVAhsYUTv1gxa97W/2XQA==]}
{"logTime": "0322/183400", "correlationVector":"OU62uYC2QJwtLnB9YP8cra.2","action":"EncryptionKeysManager::SetEncryptionKeysWithTimestamps:", "result":"Success", "context":Key timestamps[10]:[2021-10-30T16:43:08Z][2021-11-09T14:00:58Z][2022-02-22T10:32:37Z][2022-10-16T14:49:02Z][2023-01-30T08:01:22Z][2023-07-29T12:20:30Z][2023-08-30T04:32:53Z][2024-12-02T03:49:09Z][2025-05-31T11:13:53Z][2025-12-04T05:30:54Z]}
{"logTime": "0322/183400", "correlationVector":"piVMr/oGD4KcXFLByXJRZy","action":"Initial GetUpdates", "result":"", "context":Reason: NEW_CLIENT. cV=piVMr/oGD4KcXFLByXJRZy}
{"logTime": "0322/183400", "correlationVector":"piVMr/oGD4KcXFLByXJRZy.3","action":"GetUpdates Response", "result":"Success", "context":Received 1 update(s). cV=piVMr/oGD4KcXFLByXJRZy.0;server=akswtt11200000i;cloudType=Consumer;environment=Prod_southeastasia_prod-s01-065-apac-southeastasia;migrationStage=NotStarted}
{"logTime": "0322/183400", "correlationVector":"tAa1MhFg660sHJAyvi2U3z","action":"Initial GetUpdates", "result":"", "context":Reason: NEWLY_SUPPORTED_DATATYPE. cV=tAa1MhFg660sHJAyvi2U3z}
{"logTime": "0322/183400", "correlationVector":"tAa1MhFg660sHJAyvi2U3z.1","action":"SyncServerConnectionManagerRequest", "result":"SYNC_SERVER_OK", "context":{"environment":"Prod_southeastasia_prod-s01-065-apac-southeastasia", "migrationStage":"NotStarted", "server":"akswtt11200000p"}}
{"logTime": "0322/183400", "correlationVector":"tAa1MhFg660sHJAyvi2U3z.2","action":"ProcessGetUpdates", "result":"Done", "context":{"dataType":"Passwords", "deleted":"0", "process_failed_to_decrypt":"0", "process_pending_decryption":"0", "process_success":"8", "total":"8"}}
{"logTime": "0322/183400", "correlationVector":"tAa1MhFg660sHJAyvi2U3z.3","action":"GetUpdates Response", "result":"Success", "context":Received 8 update(s). cV=tAa1MhFg660sHJAyvi2U3z.0;server=akswtt11200000p;cloudType=Consumer;environment=Prod_southeastasia_prod-s01-065-apac-southeastasia;migrationStage=NotStarted}
{"logTime": "0322/183400", "correlationVector":"oVBGglLrhbhCjh3UPdiHr2","action":"Normal GetUpdate request", "result":"", "context":cV=oVBGglLrhbhCjh3UPdiHr2
Nudged types: Sessions, Device Info, History
Refresh requested types: Bookmarks, Preferences, Passwords, Autofill Profiles, Autofill, Extensions, Sessions, Extension settings, History Delete Directives, Device Info, User Consents, Send Tab To Self, Web Apps, History, Saved Tab Group, WebAuthn Credentials, Collection, Edge E Drop, Edge Hub App Usage, Edge Wallet, Edge Workspace, Encryption Keys}
{"logTime": "0322/183400", "correlationVector":"oVBGglLrhbhCjh3UPdiHr2.1","action":"SyncServerConnectionManagerRequest", "result":"SYNC_SERVER_OK", "context":{"environment":"Prod_southeastasia_prod-s01-065-apac-southeastasia", "migrationStage":"NotStarted", "server":"akswtt11200000n"}}
{"logTime": "0322/183400", "correlationVector":"oVBGglLrhbhCjh3UPdiHr2.2","action":"ProcessGetUpdates", "result":"Done", "context":{"dataType":"Preferences", "deleted":"0", "process_failed_to_decrypt":"0", "process_pending_decryption":"0", "process_success":"1", "total":"1"}}
{"logTime": "0322/183400", "correlationVector":"oVBGglLrhbhCjh3UPdiHr2.3","action":"ProcessGetUpdates", "result":"Done", "context":{"dataType":"Sessions", "deleted":"0", "process_failed_to_decrypt":"0", "process_pending_decryption":"0", "process_success":"2", "total":"2"}}
{"logTime": "0322/183400", "correlationVector":"oVBGglLrhbhCjh3UPdiHr2.4","action":"ProcessGetUpdates", "result":"Done", "context":{"dataType":"Device Info", "deleted":"0", "process_failed_to_decrypt":"0", "process_pending_decryption":"0", "process_success":"1", "total":"1"}}
{"logTime": "0322/183400", "correlationVector":"oVBGglLrhbhCjh3UPdiHr2.5","action":"ProcessGetUpdates", "result":"Done", "context":{"dataType":"History", "deleted":"0", "process_failed_to_decrypt":"0", "process_pending_decryption":"0", "process_success":"17", "total":"17"}}
{"logTime": "0322/183400", "correlationVector":"oVBGglLrhbhCjh3UPdiHr2.6","action":"GetUpdates Response", "result":"Success", "context":Received 21 update(s). cV=oVBGglLrhbhCjh3UPdiHr2.0;server=akswtt11200000n;cloudType=Consumer;environment=Prod_southeastasia_prod-s01-065-apac-southeastasia;migrationStage=NotStarted}
{"logTime": "0322/183519", "correlationVector":"PgMTMhwnot3i/ZTh7ixpHB","action":"Commit Request", "result":"", "context":Item count: 3
Contributing types: Sessions, History}
{"logTime": "0322/183523", "correlationVector":"PgMTMhwnot3i/ZTh7ixpHB.1","action":"SyncServerConnectionManagerRequest", "result":"SYNC_SERVER_OK", "context":{"environment":"Prod_southeastasia_prod-s01-065-apac-southeastasia", "migrationStage":"NotStarted", "server":"akswtt112000007"}}
{"logTime": "0322/183523", "correlationVector":"PgMTMhwnot3i/ZTh7ixpHB.2","action":"Commit Response", "result":"Success", "context":Result: Success. cV=PgMTMhwnot3i/ZTh7ixpHB.0;server=akswtt112000007;cloudType=Consumer;environment=Prod_southeastasia_prod-s01-065-apac-southeastasia;migrationStage=NotStarted}
{"logTime": "0322/183645", "correlationVector":"MJf0EkYV5yDKTNPkwEouWi","action":"Commit Request", "result":"", "context":Item count: 1
Contributing types: History}
{"logTime": "0322/183646", "correlationVector":"MJf0EkYV5yDKTNPkwEouWi.1","action":"SyncServerConnectionManagerRequest", "result":"SYNC_SERVER_OK", "context":{"environment":"Prod_southeastasia_prod-s01-065-apac-southeastasia", "migrationStage":"NotStarted", "server":"akswtt112000007"}}
{"logTime": "0322/183646", "correlationVector":"MJf0EkYV5yDKTNPkwEouWi.2","action":"Commit Response", "result":"Success", "context":Result: Success. cV=MJf0EkYV5yDKTNPkwEouWi.0;server=akswtt112000007;cloudType=Consumer;environment=Prod_southeastasia_prod-s01-065-apac-southeastasia;migrationStage=NotStarted}
{"logTime": "0322/184002", "correlationVector":"zBa+F0MzfGStY9XH1y0Fpb","action":"Commit Request", "result":"", "context":Item count: 1
Contributing types: Sessions}
{"logTime": "0322/184002", "correlationVector":"zBa+F0MzfGStY9XH1y0Fpb.1","action":"SyncServerConnectionManagerRequest", "result":"SYNC_SERVER_OK", "context":{"environment":"Prod_southeastasia_prod-s01-065-apac-southeastasia", "migrationStage":"NotStarted", "server":"akswtt11200000s"}}
{"logTime": "0322/184002", "correlationVector":"zBa+F0MzfGStY9XH1y0Fpb.2","action":"Commit Response", "result":"Success", "context":Result: Success. cV=zBa+F0MzfGStY9XH1y0Fpb.0;server=akswtt11200000s;cloudType=Consumer;environment=Prod_southeastasia_prod-s01-065-apac-southeastasia;migrationStage=NotStarted}
{"logTime": "0322/184729", "correlationVector":"TnUBj8vD5BIkwkgF6zOEi9","action":"Commit Request", "result":"", "context":Item count: 1
Contributing types: Sessions}
{"logTime": "0322/184729", "correlationVector":"TnUBj8vD5BIkwkgF6zOEi9.1","action":"SyncServerConnectionManagerRequest", "result":"SYNC_SERVER_OK", "context":{"environment":"Prod_southeastasia_prod-s01-064-apac-southeastasia", "migrationStage":"NotStarted", "server":"akswtt11200000h"}}
{"logTime": "0322/184729", "correlationVector":"TnUBj8vD5BIkwkgF6zOEi9.2","action":"Commit Response", "result":"Success", "context":Result: Success. cV=TnUBj8vD5BIkwkgF6zOEi9.0;server=akswtt11200000h;cloudType=Consumer;environment=Prod_southeastasia_prod-s01-064-apac-southeastasia;migrationStage=NotStarted}
{"logTime": "0322/185322", "correlationVector":"ALwrrXmIF4LaCWmdXfdpeh.1","action":"SyncServerConnectionManagerRequest", "result":"SYNC_SERVER_OK", "context":{"environment":"Prod_southeastasia_prod-s01-064-apac-southeastasia", "migrationStage":"NotStarted", "server":"akswtt11200000k"}}
{"logTime": "0322/185322", "correlationVector":"ALwrrXmIF4LaCWmdXfdpeh.2","action":"ProcessGetUpdates", "result":"Done", "context":{"dataType":"Encryption Keys", "deleted":"0", "process_failed_to_decrypt":"0", "process_pending_decryption":"0", "process_success":"1", "total":"1"}}
{"logTime": "0322/185324", "correlationVector":"+SASAajIMjAdhkXewWRaIX","action":"SyncServerConnectionManagerRequest", "result":"SYNC_SERVER_OK", "context":{"environment":"", "migrationStage":"", "server":""}}
{"logTime": "0322/185324", "correlationVector":"+SASAajIMjAdhkXewWRaIX.0","action":"EncryptionKeysFetcher.DownloadKeys:", "result":"Success", "context":Key count: 10, Last key timestamp: 2025-12-04T05:30:54Z}
{"logTime": "0322/185324", "correlationVector":"+SASAajIMjAdhkXewWRaIX.1","action":"EncryptionKeysManager::SetEncryptionKeys:", "result":"Success", "context":Key names[10]:[SNG1sIZ0eYXsO5dgpBOdSGrBJkCkFl7e1KkgKgOP1Cl+OeAavm/dxOMxpzvlLuHgR+5Kr6jXDVdcDXXgYFPhNA==][6tczmWt4Mi67Y84uq2vKG23VKOn7tldOD+vsP1bpJ+Lw152eklB44Ij8Fq4VJVqTRTwY4QP9O13msSxAuEgKug==][+wrtmiqSupmrskrfGeAb+Uzrvzpj+XEKBOqFDFwUKtKlav5UtJXSIFzLakN0ohpnkY06+qC1dhpQWw1aWMiHLQ==][OOH3NK2MC7kIuMKH1LmofBOMy03KtyI7F/yoXGH5KR4n1935IUaSy3FnuCPevI5xJcz+yOqsLE+L2zNDOLj6lw==][Q/8IbcKQprc+PgjGwqeEoTDKNgbO7QjDarTjLV0QCbX8rUIuwPwddIs2W5lHULBgfjogKSEZ0mkjua+mZpL5ag==][m/xpa42/xHUOsxHfuyvicUia8yp2h/+H4Hmp7nc4K/nasXcdlxXrRFVveBnbQh8uzA98c6c+rP4RGZpAlXBB7Q==][47XlcYAVq661JsIM+xvjpHs0z4pZftr0CyRSL4k/emgWefSz5iCimml1fviW8f+KAVkkdXT8w0AM87V5lEtByw==][bK+MMuih/Tks9Lf2yNFbwma7g7JREfq3Az2hlwta1Je9hninuDjBYWecRrFIGhTPGQhzWJD7mM+g8QvwvuDepQ==][ldgH3R4adog6hzn/6f6nlttKEIJir0DaKs2Y/T39edA70yZ+4Jt/8Iei6mPecI6nWPonzG9tSfSjktiMcu2+aQ==][JQctlpnL9o08FXeJMDWxXzIZypOdS/XOvw0d25xqdbd6KWiBp6AiLuKfKWaBLdBS9MVAhsYUTv1gxa97W/2XQA==]}
{"logTime": "0322/185324", "correlationVector":"+SASAajIMjAdhkXewWRaIX.2","action":"EncryptionKeysManager::SetEncryptionKeysWithTimestamps:", "result":"Success", "context":Key timestamps[10]:[2021-10-30T16:43:08Z][2021-11-09T14:00:58Z][2022-02-22T10:32:37Z][2022-10-16T14:49:02Z][2023-01-30T08:01:22Z][2023-07-29T12:20:30Z][2023-08-30T04:32:53Z][2024-12-02T03:49:09Z][2025-05-31T11:13:53Z][2025-12-04T05:30:54Z]}
{"logTime": "0322/185324", "correlationVector":"ALwrrXmIF4LaCWmdXfdpeh","action":"Initial GetUpdates", "result":"", "context":Reason: NEW_CLIENT. cV=ALwrrXmIF4LaCWmdXfdpeh}
{"logTime": "0322/185324", "correlationVector":"ALwrrXmIF4LaCWmdXfdpeh.3","action":"GetUpdates Response", "result":"Success", "context":Received 1 update(s). cV=ALwrrXmIF4LaCWmdXfdpeh.0;server=akswtt11200000k;cloudType=Consumer;environment=Prod_southeastasia_prod-s01-064-apac-southeastasia;migrationStage=NotStarted}
{"logTime": "0322/185324", "correlationVector":"QR0zsYjWDfQGinUTW2GlEH","action":"Initial GetUpdates", "result":"", "context":Reason: NEWLY_SUPPORTED_DATATYPE. cV=QR0zsYjWDfQGinUTW2GlEH}
{"logTime": "0322/185326", "correlationVector":"QR0zsYjWDfQGinUTW2GlEH.1","action":"SyncServerConnectionManagerRequest", "result":"SYNC_SERVER_OK", "context":{"environment":"Prod_southeastasia_prod-s01-064-apac-southeastasia", "migrationStage":"NotStarted", "server":"akswtt11200000c"}}
{"logTime": "0322/185326", "correlationVector":"QR0zsYjWDfQGinUTW2GlEH.2","action":"ProcessGetUpdates", "result":"Done", "context":{"dataType":"Preferences", "deleted":"0", "process_failed_to_decrypt":"0", "process_pending_decryption":"0", "process_success":"46", "total":"46"}}
{"logTime": "0322/185326", "correlationVector":"QR0zsYjWDfQGinUTW2GlEH.3","action":"ProcessGetUpdates", "result":"Done", "context":{"dataType":"Device Info", "deleted":"0", "process_failed_to_decrypt":"0", "process_pending_decryption":"0", "process_success":"204", "total":"204"}}
{"logTime": "0322/185326", "correlationVector":"QR0zsYjWDfQGinUTW2GlEH.4","action":"GetUpdates Response", "result":"Success", "context":Received 250 update(s). cV=QR0zsYjWDfQGinUTW2GlEH.0;server=akswtt11200000c;cloudType=Consumer;environment=Prod_southeastasia_prod-s01-064-apac-southeastasia;migrationStage=NotStarted Some updates remain.}
{"logTime": "0322/185326", "correlationVector":"BpBUR5p7FbKDOlbme4lP6p","action":"Initial GetUpdates", "result":"", "context":Reason: NEWLY_SUPPORTED_DATATYPE. cV=BpBUR5p7FbKDOlbme4lP6p}
{"logTime": "0322/185326", "correlationVector":"BpBUR5p7FbKDOlbme4lP6p.1","action":"SyncServerConnectionManagerRequest", "result":"SYNC_SERVER_OK", "context":{"environment":"Prod_southeastasia_prod-s01-064-apac-southeastasia", "migrationStage":"NotStarted", "server":"akswtt112000001"}}
{"logTime": "0322/185326", "correlationVector":"BpBUR5p7FbKDOlbme4lP6p.2","action":"ProcessGetUpdates", "result":"Done", "context":{"dataType":"Preferences", "deleted":"1", "process_failed_to_decrypt":"0", "process_pending_decryption":"0", "process_success":"11", "total":"11"}}
{"logTime": "0322/185326", "correlationVector":"BpBUR5p7FbKDOlbme4lP6p.3","action":"ProcessGetUpdates", "result":"Done", "context":{"dataType":"Passwords", "deleted":"0", "process_failed_to_decrypt":"0", "process_pending_decryption":"0", "process_success":"8", "total":"8"}}
{"logTime": "0322/185326", "correlationVector":"BpBUR5p7FbKDOlbme4lP6p.4","action":"ProcessGetUpdates", "result":"Done", "context":{"dataType":"Device Info", "deleted":"0", "process_failed_to_decrypt":"0", "process_pending_decryption":"0", "process_success":"43", "total":"43"}}
{"logTime": "0322/185326", "correlationVector":"BpBUR5p7FbKDOlbme4lP6p.5","action":"GetUpdates Response", "result":"Success", "context":Received 62 update(s). cV=BpBUR5p7FbKDOlbme4lP6p.0;server=akswtt112000001;cloudType=Consumer;environment=Prod_southeastasia_prod-s01-064-apac-southeastasia;migrationStage=NotStarted}
{"logTime": "0322/185327", "correlationVector":"KHUFrUGYKetXQCickUaxHG","action":"Initial GetUpdates", "result":"", "context":Reason: NEWLY_SUPPORTED_DATATYPE. cV=KHUFrUGYKetXQCickUaxHG}
{"logTime": "0322/185327", "correlationVector":"KHUFrUGYKetXQCickUaxHG.1","action":"SyncServerConnectionManagerRequest", "result":"SYNC_SERVER_OK", "context":{"environment":"Prod_southeastasia_prod-s01-064-apac-southeastasia", "migrationStage":"NotStarted", "server":"akswtt112000001"}}
{"logTime": "0322/185327", "correlationVector":"KHUFrUGYKetXQCickUaxHG.2","action":"ProcessGetUpdates", "result":"Done", "context":{"dataType":"Bookmarks", "deleted":"0", "process_failed_to_decrypt":"0", "process_pending_decryption":"0", "process_success":"6", "total":"6"}}
{"logTime": "0322/185327", "correlationVector":"KHUFrUGYKetXQCickUaxHG.3","action":"GetUpdates Response", "result":"Success", "context":Received 6 update(s). cV=KHUFrUGYKetXQCickUaxHG.0;server=akswtt112000001;cloudType=Consumer;environment=Prod_southeastasia_prod-s01-064-apac-southeastasia;migrationStage=NotStarted}
{"logTime": "0322/185327", "correlationVector":"o1fDPUg5QHeLV277Qo+mMS","action":"Initial GetUpdates", "result":"", "context":Reason: NEWLY_SUPPORTED_DATATYPE. cV=o1fDPUg5QHeLV277Qo+mMS}
{"logTime": "0322/185328", "correlationVector":"o1fDPUg5QHeLV277Qo+mMS.1","action":"SyncServerConnectionManagerRequest", "result":"SYNC_SERVER_OK", "context":{"environment":"Prod_southeastasia_prod-s01-064-apac-southeastasia", "migrationStage":"NotStarted", "server":"akswtt11200000c"}}
{"logTime": "0322/185329", "correlationVector":"o1fDPUg5QHeLV277Qo+mMS.2","action":"ProcessGetUpdates", "result":"Done", "context":{"dataType":"Autofill", "deleted":"0", "process_failed_to_decrypt":"0", "process_pending_decryption":"0", "process_success":"24", "total":"24"}}
{"logTime": "0322/185329", "correlationVector":"o1fDPUg5QHeLV277Qo+mMS.3","action":"ProcessGetUpdates", "result":"Done", "context":{"dataType":"Sessions", "deleted":"86", "process_failed_to_decrypt":"0", "process_pending_decryption":"0", "process_success":"86", "total":"86"}}
{"logTime": "0322/185329", "correlationVector":"o1fDPUg5QHeLV277Qo+mMS.4","action":"ProcessGetUpdates", "result":"Done", "context":{"dataType":"Edge Hub App Usage", "deleted":"132", "process_failed_to_decrypt":"0", "process_pending_decryption":"0", "process_success":"140", "total":"140"}}
{"logTime": "0322/185329", "correlationVector":"o1fDPUg5QHeLV277Qo+mMS.5","action":"GetUpdates Response", "result":"Success", "context":Received 250 update(s). cV=o1fDPUg5QHeLV277Qo+mMS.0;server=akswtt11200000c;cloudType=Consumer;environment=Prod_southeastasia_prod-s01-064-apac-southeastasia;migrationStage=NotStarted Some updates remain.}
{"logTime": "0322/185329", "correlationVector":"O6udCjbH5YqtiJKU1VS1j8","action":"Initial GetUpdates", "result":"", "context":Reason: NEWLY_SUPPORTED_DATATYPE. cV=O6udCjbH5YqtiJKU1VS1j8}
{"logTime": "0322/185330", "correlationVector":"O6udCjbH5YqtiJKU1VS1j8.1","action":"SyncServerConnectionManagerRequest", "result":"SYNC_SERVER_OK", "context":{"environment":"Prod_southeastasia_prod-s01-064-apac-southeastasia", "migrationStage":"NotStarted", "server":"akswtt112000001"}}
{"logTime": "0322/185330", "correlationVector":"O6udCjbH5YqtiJKU1VS1j8.2","action":"ProcessGetUpdates", "result":"Done", "context":{"dataType":"Autofill", "deleted":"0", "process_failed_to_decrypt":"0", "process_pending_decryption":"0", "process_success":"6", "total":"6"}}
{"logTime": "0322/185330", "correlationVector":"O6udCjbH5YqtiJKU1VS1j8.3","action":"ProcessGetUpdates", "result":"Done", "context":{"dataType":"Sessions", "deleted":"93", "process_failed_to_decrypt":"0", "process_pending_decryption":"0", "process_success":"93", "total":"93"}}
{"logTime": "0322/185330", "correlationVector":"O6udCjbH5YqtiJKU1VS1j8.4","action":"ProcessGetUpdates", "result":"Done", "context":{"dataType":"Edge Hub App Usage", "deleted":"147", "process_failed_to_decrypt":"0", "process_pending_decryption":"0", "process_success":"151", "total":"151"}}
{"logTime": "0322/185330", "correlationVector":"O6udCjbH5YqtiJKU1VS1j8.5","action":"GetUpdates Response", "result":"Success", "context":Received 250 update(s). cV=O6udCjbH5YqtiJKU1VS1j8.0;server=akswtt112000001;cloudType=Consumer;environment=Prod_southeastasia_prod-s01-064-apac-southeastasia;migrationStage=NotStarted Some updates remain.}
{"logTime": "0322/185330", "correlationVector":"1W6GK4cpKfxb2OYuC7isHE","action":"Initial GetUpdates", "result":"", "context":Reason: NEWLY_SUPPORTED_DATATYPE. cV=1W6GK4cpKfxb2OYuC7isHE}
{"logTime": "0322/185330", "correlationVector":"1W6GK4cpKfxb2OYuC7isHE.1","action":"SyncServerConnectionManagerRequest", "result":"SYNC_SERVER_OK", "context":{"environment":"Prod_southeastasia_prod-s01-064-apac-southeastasia", "migrationStage":"NotStarted", "server":"akswtt11200000j"}}
{"logTime": "0322/185331", "correlationVector":"1W6GK4cpKfxb2OYuC7isHE.2","action":"ProcessGetUpdates", "result":"Done", "context":{"dataType":"Autofill Profiles", "deleted":"0", "process_failed_to_decrypt":"0", "process_pending_decryption":"0", "process_success":"1", "total":"1"}}
{"logTime": "0322/185331", "correlationVector":"1W6GK4cpKfxb2OYuC7isHE.3","action":"ProcessGetUpdates", "result":"Done", "context":{"dataType":"Sessions", "deleted":"36", "process_failed_to_decrypt":"0", "process_pending_decryption":"0", "process_success":"46", "total":"46"}}
{"logTime": "0322/185331", "correlationVector":"1W6GK4cpKfxb2OYuC7isHE.4","action":"ProcessGetUpdates", "result":"Done", "context":{"dataType":"Edge Hub App Usage", "deleted":"0", "process_failed_to_decrypt":"0", "process_pending_decryption":"0", "process_success":"3", "total":"3"}}
{"logTime": "0322/185331", "correlationVector":"1W6GK4cpKfxb2OYuC7isHE.5","action":"GetUpdates Response", "result":"Success", "context":Received 50 update(s). cV=1W6GK4cpKfxb2OYuC7isHE.0;server=akswtt11200000j;cloudType=Consumer;environment=Prod_southeastasia_prod-s01-064-apac-southeastasia;migrationStage=NotStarted}
{"logTime": "0322/185334", "correlationVector":"WmU58qiljeZg5p13gm963N","action":"Initial GetUpdates", "result":"", "context":Reason: NEWLY_SUPPORTED_DATATYPE. cV=WmU58qiljeZg5p13gm963N}
{"logTime": "0322/185335", "correlationVector":"WmU58qiljeZg5p13gm963N.1","action":"SyncServerConnectionManagerRequest", "result":"SYNC_SERVER_OK", "context":{"environment":"Prod_southeastasia_prod-s01-064-apac-southeastasia", "migrationStage":"NotStarted", "server":"akswtt112000004"}}
{"logTime": "0322/185336", "correlationVector":"WmU58qiljeZg5p13gm963N.2","action":"ProcessGetUpdates", "result":"Done", "context":{"dataType":"History", "deleted":"0", "process_failed_to_decrypt":"0", "process_pending_decryption":"0", "process_success":"250", "total":"250"}}
{"logTime": "0322/185336", "correlationVector":"WmU58qiljeZg5p13gm963N.3","action":"GetUpdates Response", "result":"Success", "context":Received 250 update(s). cV=WmU58qiljeZg5p13gm963N.0;server=akswtt112000004;cloudType=Consumer;environment=Prod_southeastasia_prod-s01-064-apac-southeastasia;migrationStage=NotStarted Some updates remain.}
{"logTime": "0322/185336", "correlationVector":"j+LYNrjgGGAxFkuQ+PkZZ4","action":"Initial GetUpdates", "result":"", "context":Reason: NEWLY_SUPPORTED_DATATYPE. cV=j+LYNrjgGGAxFkuQ+PkZZ4}
{"logTime": "0322/185337", "correlationVector":"j+LYNrjgGGAxFkuQ+PkZZ4.1","action":"SyncServerConnectionManagerRequest", "result":"SYNC_SERVER_OK", "context":{"environment":"Prod_southeastasia_prod-s01-064-apac-southeastasia", "migrationStage":"NotStarted", "server":"akswtt11200000c"}}
{"logTime": "0322/185337", "correlationVector":"j+LYNrjgGGAxFkuQ+PkZZ4.2","action":"ProcessGetUpdates", "result":"Done", "context":{"dataType":"History", "deleted":"0", "process_failed_to_decrypt":"0", "process_pending_decryption":"0", "process_success":"250", "total":"250"}}
{"logTime": "0322/185337", "correlationVector":"j+LYNrjgGGAxFkuQ+PkZZ4.3","action":"GetUpdates Response", "result":"Success", "context":Received 250 update(s). cV=j+LYNrjgGGAxFkuQ+PkZZ4.0;server=akswtt11200000c;cloudType=Consumer;environment=Prod_southeastasia_prod-s01-064-apac-southeastasia;migrationStage=NotStarted Some updates remain.}
{"logTime": "0322/185337", "correlationVector":"K89nP7EXU3A1FZoGKLosNL","action":"Initial GetUpdates", "result":"", "context":Reason: NEWLY_SUPPORTED_DATATYPE. cV=K89nP7EXU3A1FZoGKLosNL}
{"logTime": "0322/185338", "correlationVector":"K89nP7EXU3A1FZoGKLosNL.1","action":"SyncServerConnectionManagerRequest", "result":"SYNC_SERVER_OK", "context":{"environment":"Prod_southeastasia_prod-s01-064-apac-southeastasia", "migrationStage":"NotStarted", "server":"akswtt11200000k"}}
{"logTime": "0322/185338", "correlationVector":"K89nP7EXU3A1FZoGKLosNL.2","action":"ProcessGetUpdates", "result":"Done", "context":{"dataType":"History", "deleted":"0", "process_failed_to_decrypt":"0", "process_pending_decryption":"0", "process_success":"250", "total":"250"}}
{"logTime": "0322/185339", "correlationVector":"K89nP7EXU3A1FZoGKLosNL.3","action":"GetUpdates Response", "result":"Success", "context":Received 250 update(s). cV=K89nP7EXU3A1FZoGKLosNL.0;server=akswtt11200000k;cloudType=Consumer;environment=Prod_southeastasia_prod-s01-064-apac-southeastasia;migrationStage=NotStarted Some updates remain.}
{"logTime": "0322/185339", "correlationVector":"BrbRlza31yD4HGngCGHvK0","action":"Initial GetUpdates", "result":"", "context":Reason: NEWLY_SUPPORTED_DATATYPE. cV=BrbRlza31yD4HGngCGHvK0}
{"logTime": "0322/185339", "correlationVector":"BrbRlza31yD4HGngCGHvK0.1","action":"SyncServerConnectionManagerRequest", "result":"SYNC_SERVER_OK", "context":{"environment":"Prod_southeastasia_prod-s01-064-apac-southeastasia", "migrationStage":"NotStarted", "server":"akswtt112000004"}}
{"logTime": "0322/185339", "correlationVector":"BrbRlza31yD4HGngCGHvK0.2","action":"ProcessGetUpdates", "result":"Done", "context":{"dataType":"History", "deleted":"0", "process_failed_to_decrypt":"0", "process_pending_decryption":"0", "process_success":"250", "total":"250"}}
{"logTime": "0322/185340", "correlationVector":"BrbRlza31yD4HGngCGHvK0.3","action":"GetUpdates Response", "result":"Success", "context":Received 250 update(s). cV=BrbRlza31yD4HGngCGHvK0.0;server=akswtt112000004;cloudType=Consumer;environment=Prod_southeastasia_prod-s01-064-apac-southeastasia;migrationStage=NotStarted Some updates remain.}
{"logTime": "0322/185340", "correlationVector":"Do5KRkk88XaTjCFoYeNxru","action":"Initial GetUpdates", "result":"", "context":Reason: NEWLY_SUPPORTED_DATATYPE. cV=Do5KRkk88XaTjCFoYeNxru}
{"logTime": "0322/185340", "correlationVector":"Do5KRkk88XaTjCFoYeNxru.1","action":"SyncServerConnectionManagerRequest", "result":"SYNC_SERVER_OK", "context":{"environment":"Prod_southeastasia_prod-s01-064-apac-southeastasia", "migrationStage":"NotStarted", "server":"akswtt11200000j"}}
{"logTime": "0322/185340", "correlationVector":"Do5KRkk88XaTjCFoYeNxru.2","action":"ProcessGetUpdates", "result":"Done", "context":{"dataType":"History", "deleted":"0", "process_failed_to_decrypt":"0", "process_pending_decryption":"0", "process_success":"58", "total":"58"}}
{"logTime": "0322/185340", "correlationVector":"Do5KRkk88XaTjCFoYeNxru.3","action":"GetUpdates Response", "result":"Success", "context":Received 58 update(s). cV=Do5KRkk88XaTjCFoYeNxru.0;server=akswtt11200000j;cloudType=Consumer;environment=Prod_southeastasia_prod-s01-064-apac-southeastasia;migrationStage=NotStarted}
{"logTime": "0322/185346", "correlationVector":"vcqHsLizHjp6k7Mj71x37a","action":"Normal GetUpdate request", "result":"", "context":cV=vcqHsLizHjp6k7Mj71x37a
Nudged types: Sessions, Device Info
Refresh requested types: Bookmarks, Preferences, Passwords, Autofill Profiles, Autofill, Extensions, Sessions, Extension settings, History Delete Directives, Device Info, User Consents, Send Tab To Self, Web Apps, History, Saved Tab Group, WebAuthn Credentials, Collection, Edge E Drop, Edge Hub App Usage, Edge Wallet, Edge Workspace, Encryption Keys}
{"logTime": "0322/185346", "correlationVector":"vcqHsLizHjp6k7Mj71x37a.1","action":"SyncServerConnectionManagerRequest", "result":"SYNC_SERVER_OK", "context":{"environment":"Prod_southeastasia_prod-s01-064-apac-southeastasia", "migrationStage":"NotStarted", "server":"akswtt112000004"}}
{"logTime": "0322/185346", "correlationVector":"vcqHsLizHjp6k7Mj71x37a.2","action":"GetUpdates Response", "result":"Success", "context":Received 0 update(s). cV=vcqHsLizHjp6k7Mj71x37a.0;server=akswtt112000004;cloudType=Consumer;environment=Prod_southeastasia_prod-s01-064-apac-southeastasia;migrationStage=NotStarted}
{"logTime": "0322/185347", "correlationVector":"rxG11YPIbLSIa9+LbyEIuW","action":"Commit Request", "result":"", "context":Item count: 3
Contributing types: Sessions, Device Info}
{"logTime": "0322/185348", "correlationVector":"rxG11YPIbLSIa9+LbyEIuW.1","action":"SyncServerConnectionManagerRequest", "result":"SYNC_SERVER_OK", "context":{"environment":"Prod_southeastasia_prod-s01-064-apac-southeastasia", "migrationStage":"NotStarted", "server":"akswtt112000001"}}
{"logTime": "0322/185348", "correlationVector":"rxG11YPIbLSIa9+LbyEIuW.2","action":"Commit Response", "result":"Success", "context":Result: Success. cV=rxG11YPIbLSIa9+LbyEIuW.0;server=akswtt112000001;cloudType=Consumer;environment=Prod_southeastasia_prod-s01-064-apac-southeastasia;migrationStage=NotStarted}
{"logTime": "0322/185453", "correlationVector":"0Tt1ELfHLYazdeGyELcXsa","action":"Commit Request", "result":"", "context":Item count: 7
Contributing types: Sessions, History}
{"logTime": "0322/185454", "correlationVector":"0Tt1ELfHLYazdeGyELcXsa.1","action":"SyncServerConnectionManagerRequest", "result":"SYNC_SERVER_OK", "context":{"environment":"Prod_southeastasia_prod-s01-064-apac-southeastasia", "migrationStage":"NotStarted", "server":"akswtt11200000j"}}
{"logTime": "0322/185454", "correlationVector":"0Tt1ELfHLYazdeGyELcXsa.2","action":"Commit Response", "result":"Success", "context":Result: Success. cV=0Tt1ELfHLYazdeGyELcXsa.0;server=akswtt11200000j;cloudType=Consumer;environment=Prod_southeastasia_prod-s01-064-apac-southeastasia;migrationStage=NotStarted}
{"logTime": "0322/185825", "correlationVector":"TZxkMqMw4RtWM3udihHCGm","action":"Poll GetUpdate request", "result":"", "context":cV=TZxkMqMw4RtWM3udihHCGm}
{"logTime": "0322/185828", "correlationVector":"TZxkMqMw4RtWM3udihHCGm.1","action":"SyncServerConnectionManagerRequest", "result":"SYNC_SERVER_OK", "context":{"environment":"Prod_southeastasia_prod-s01-064-apac-southeastasia", "migrationStage":"NotStarted", "server":"akswtt11200000p"}}
{"logTime": "0322/185831", "correlationVector":"TZxkMqMw4RtWM3udihHCGm.2","action":"ProcessGetUpdates", "result":"Done", "context":{"dataType":"Sessions", "deleted":"0", "process_failed_to_decrypt":"0", "process_pending_decryption":"0", "process_success":"2", "total":"2"}}
{"logTime": "0322/185831", "correlationVector":"TZxkMqMw4RtWM3udihHCGm.3","action":"ProcessGetUpdates", "result":"Done", "context":{"dataType":"Device Info", "deleted":"0", "process_failed_to_decrypt":"0", "process_pending_decryption":"0", "process_success":"1", "total":"1"}}
{"logTime": "0322/185831", "correlationVector":"TZxkMqMw4RtWM3udihHCGm.4","action":"ProcessGetUpdates", "result":"Done", "context":{"dataType":"History", "deleted":"0", "process_failed_to_decrypt":"0", "process_pending_decryption":"0", "process_success":"6", "total":"6"}}
{"logTime": "0322/185832", "correlationVector":"TZxkMqMw4RtWM3udihHCGm.5","action":"GetUpdates Response", "result":"Success", "context":Received 9 update(s). cV=TZxkMqMw4RtWM3udihHCGm.0;server=akswtt11200000p;cloudType=Consumer;environment=Prod_southeastasia_prod-s01-064-apac-southeastasia;migrationStage=NotStarted}
{"logTime": "0322/190006", "correlationVector":"EP0bSA6IiyC36CSavKl8WY","action":"Commit Request", "result":"", "context":Item count: 1
Contributing types: Sessions}
{"logTime": "0322/190006", "correlationVector":"EP0bSA6IiyC36CSavKl8WY.1","action":"SyncServerConnectionManagerRequest", "result":"SYNC_SERVER_OK", "context":{"environment":"Prod_southeastasia_prod-s01-064-apac-southeastasia", "migrationStage":"NotStarted", "server":"akswtt112000009"}}
{"logTime": "0322/190006", "correlationVector":"EP0bSA6IiyC36CSavKl8WY.2","action":"Commit Response", "result":"Success", "context":Result: Success. cV=EP0bSA6IiyC36CSavKl8WY.0;server=akswtt112000009;cloudType=Consumer;environment=Prod_southeastasia_prod-s01-064-apac-southeastasia;migrationStage=NotStarted}
