2026-03-22 02:57:47.680: [INFO][Sync] Reset engine, reason: 8
2026-03-22 02:57:47.681: [INFO][Sync] Stopped: Bookmarks
2026-03-22 02:57:47.681: [INFO][Sync] Stopped: Preferences
2026-03-22 02:57:47.682: [INFO][Sync] Stopped: Passwords
2026-03-22 02:57:47.682: [INFO][Sync] Stopped: Autofill Profiles
2026-03-22 02:57:47.682: [INFO][Sync] Stopped: Autofill
2026-03-22 02:57:47.682: [INFO][Sync] Stopped: Extensions
2026-03-22 02:57:47.682: [INFO][Sync] Stopped: Sessions
2026-03-22 02:57:47.682: [INFO][Sync] Stopped: Extension settings
2026-03-22 02:57:47.682: [INFO][Sync] Stopped: History Delete Directives
2026-03-22 02:57:47.682: [INFO][Sync] Stopped: Device Info
2026-03-22 02:57:47.682: [INFO][Sync] Stopped: User Consents
2026-03-22 02:57:47.682: [INFO][Sync] Stopped: Send Tab To Self
2026-03-22 02:57:47.682: [INFO][Sync] Stopped: Web Apps
2026-03-22 02:57:47.682: [INFO][Sync] Stopped: History
2026-03-22 02:57:47.682: [INFO][Sync] Stopped: Saved Tab Group
2026-03-22 02:57:47.682: [INFO][Sync] Stopped: WebAuthn Credentials
2026-03-22 02:57:47.682: [INFO][Sync] Stopped: Collection
2026-03-22 02:57:47.682: [INFO][Sync] Stopped: Edge E Drop
2026-03-22 02:57:47.682: [INFO][Sync] Stopped: Edge Hub App Usage
2026-03-22 02:57:47.682: [INFO][Sync] Stopped: Edge Wallet
2026-03-22 02:57:47.682: [INFO][Sync] Stopped: Edge Workspace
2026-03-22 02:57:47.684: [INFO][Sync] SyncState after authenticated was: NotSignedIn
2026-03-22 02:57:50.448: [INFO][Sync] Reset engine, reason: 8
2026-03-22 02:57:50.448: [INFO][Sync] Stopped: Bookmarks
2026-03-22 02:57:50.448: [INFO][Sync] Stopped: Preferences
2026-03-22 02:57:50.448: [INFO][Sync] Stopped: Passwords
2026-03-22 02:57:50.448: [INFO][Sync] Stopped: Autofill Profiles
2026-03-22 02:57:50.448: [INFO][Sync] Stopped: Autofill
2026-03-22 02:57:50.448: [INFO][Sync] Stopped: Extensions
2026-03-22 02:57:50.448: [INFO][Sync] Stopped: Sessions
2026-03-22 02:57:50.448: [INFO][Sync] Stopped: Extension settings
2026-03-22 02:57:50.448: [INFO][Sync] Stopped: History Delete Directives
2026-03-22 02:57:50.448: [INFO][Sync] Stopped: Device Info
2026-03-22 02:57:50.448: [INFO][Sync] Stopped: User Consents
2026-03-22 02:57:50.448: [INFO][Sync] Stopped: Send Tab To Self
2026-03-22 02:57:50.448: [INFO][Sync] Stopped: Web Apps
2026-03-22 02:57:50.448: [INFO][Sync] Stopped: History
2026-03-22 02:57:50.448: [INFO][Sync] Stopped: Saved Tab Group
2026-03-22 02:57:50.448: [INFO][Sync] Stopped: WebAuthn Credentials
2026-03-22 02:57:50.448: [INFO][Sync] Stopped: Collection
2026-03-22 02:57:50.448: [INFO][Sync] Stopped: Edge E Drop
2026-03-22 02:57:50.448: [INFO][Sync] Stopped: Edge Hub App Usage
2026-03-22 02:57:50.448: [INFO][Sync] Stopped: Edge Wallet
2026-03-22 02:57:50.448: [INFO][Sync] Stopped: Edge Workspace
2026-03-22 02:58:02.594: [INFO][Sync] Try to start sync engine
2026-03-22 02:58:02.634: [INFO][SyncManagerImpl::NudgeForInitialDownload] Initial download nudge for Encryption Keys
2026-03-22 02:58:02.634: [INFO][SyncEngineBackend::LoadAndConnectNigoriController] Load and connect Nigori controller
2026-03-22 02:58:02.634: [INFO][SyncEngineBackend::DoInitialize] Control Types added: Encryption Keys
2026-03-22 02:58:02.634: [INFO][SyncManagerImpl::ConfigureSyncer] Types to download: Encryption Keys with reason: 3
2026-03-22 02:58:02.635: [INFO][SyncSchedulerImpl::DoConfigurationSyncCycleJob] Configure job was blocked
2026-03-22 02:58:02.746: [INFO][SyncAuthManager::SetLastAuthError] Current auth error: None
2026-03-22 02:58:02.747: [INFO][SyncAuthManager::EdgeLogTokenErrorState] Token error with: None for account type: MSA
2026-03-22 02:58:02.747: [INFO][Sync] Credentials changed for: EdgeSyncScopeNew
2026-03-22 02:58:07.984: [INFO][SyncAuthManager::SetLastAuthError] Current auth error: None
2026-03-22 02:58:07.984: [INFO][SyncAuthManager::EdgeLogTokenErrorState] Token error with: None for account type: MSA
2026-03-22 02:58:07.985: [INFO][Sync] Credentials changed for: EdgeSyncKeyDataScope
2026-03-22 02:58:07.985: [INFO][SyncEngineBackend::DoUpdateKeyDataCredentials] Update key data credentials
2026-03-22 02:58:07.985: [INFO][SyncEngineBackend::DoUpdateCredentials] Update credentials
2026-03-22 02:58:07.985: [INFO][SyncSchedulerImpl::DoConfigurationSyncCycleJob] Blocked types:  and types to download: Encryption Keys
2026-03-22 02:58:13.525: [INFO][Sync] Started DataTypeManager configuration, reason: 4
2026-03-22 02:58:13.525: [INFO][Sync] Configuring for: Bookmarks, Preferences, Passwords, Autofill Profiles, Autofill, Extensions, Sessions, Extension settings, History Delete Directives, Device Info, User Consents, Send Tab To Self, Web Apps, History, Saved Tab Group, WebAuthn Credentials, Collection, Edge E Drop, Edge Hub App Usage, Edge Wallet, Edge Workspace, Encryption Keys, reason: 3, current state: 0
2026-03-22 02:58:13.526: [WARN][Sync] Crypto error data types: Passwords, Autofill Profiles, Autofill
2026-03-22 02:58:13.529: [INFO][Sync] Configure, desired: Bookmarks, Preferences, Extensions, Sessions, Extension settings, History Delete Directives, Device Info, User Consents, Send Tab To Self, Web Apps, History, Saved Tab Group, WebAuthn Credentials, Collection, Edge E Drop, Edge Hub App Usage, Edge Wallet, Edge Workspace, Encryption Keys; Allow fail: Passwords, Autofill Profiles, Autofill
2026-03-22 02:58:13.530: [INFO][Sync] Loading: Bookmarks
2026-03-22 02:58:13.530: [INFO][Sync] Loading: Preferences
2026-03-22 02:58:13.530: [INFO][Sync] Loading: Extensions
2026-03-22 02:58:13.531: [INFO][Sync] Loading: Sessions
2026-03-22 02:58:13.532: [INFO][Sync] Loading: Extension settings
2026-03-22 02:58:13.532: [INFO][Sync] Loading: History Delete Directives
2026-03-22 02:58:13.532: [INFO][Sync] Loading: Device Info
2026-03-22 02:58:13.533: [INFO][Sync] Loading: User Consents
2026-03-22 02:58:13.533: [INFO][Sync] Loading: Send Tab To Self
2026-03-22 02:58:13.533: [INFO][Sync] Loading: Web Apps
2026-03-22 02:58:13.533: [INFO][Sync] Loading: History
2026-03-22 02:58:13.533: [INFO][Sync] Loading: Saved Tab Group
2026-03-22 02:58:13.533: [INFO][Sync] Loading: WebAuthn Credentials
2026-03-22 02:58:13.533: [INFO][Sync] Loading: Collection
2026-03-22 02:58:13.533: [INFO][Sync] Loading: Edge E Drop
2026-03-22 02:58:13.533: [INFO][Sync] Loading: Edge Hub App Usage
2026-03-22 02:58:13.533: [INFO][Sync] Loading: Edge Wallet
2026-03-22 02:58:13.533: [INFO][Sync] Loading: Edge Workspace
2026-03-22 02:58:13.546: [INFO][Sync] All data types are ready for configure.
2026-03-22 02:58:14.210: [INFO][Sync] Started DataTypeManager configuration, reason: 5
2026-03-22 02:58:14.210: [INFO][Sync] Configuring for: Bookmarks, Preferences, Passwords, Autofill Profiles, Autofill, Extensions, Sessions, Extension settings, History Delete Directives, Device Info, User Consents, Send Tab To Self, Web Apps, History, Saved Tab Group, WebAuthn Credentials, Collection, Edge E Drop, Edge Hub App Usage, Edge Wallet, Edge Workspace, Encryption Keys, reason: 5, current state: 1
2026-03-22 02:58:14.220: [INFO][SyncEngineBackend::DoStartConfiguration] Start configuration
2026-03-22 02:58:14.221: [INFO][SyncManagerImpl::NudgeForInitialDownload] Initial download nudge for Bookmarks
2026-03-22 02:58:14.221: [INFO][SyncManagerImpl::NudgeForInitialDownload] Initial download nudge for Preferences
2026-03-22 02:58:14.221: [INFO][SyncManagerImpl::NudgeForInitialDownload] Initial download nudge for Extensions
2026-03-22 02:58:14.221: [INFO][SyncManagerImpl::NudgeForInitialDownload] Initial download nudge for Sessions
2026-03-22 02:58:14.221: [INFO][SyncManagerImpl::NudgeForInitialDownload] Initial download nudge for Extension settings
2026-03-22 02:58:14.221: [INFO][SyncManagerImpl::NudgeForInitialDownload] Initial download nudge for History Delete Directives
2026-03-22 02:58:14.221: [INFO][SyncManagerImpl::NudgeForInitialDownload] Initial download nudge for Device Info
2026-03-22 02:58:14.221: [INFO][SyncManagerImpl::NudgeForInitialDownload] Initial download nudge for Send Tab To Self
2026-03-22 02:58:14.221: [INFO][SyncManagerImpl::NudgeForInitialDownload] Initial download nudge for Web Apps
2026-03-22 02:58:14.221: [INFO][SyncManagerImpl::NudgeForInitialDownload] Initial download nudge for History
2026-03-22 02:58:14.221: [INFO][SyncManagerImpl::NudgeForInitialDownload] Initial download nudge for Saved Tab Group
2026-03-22 02:58:14.221: [INFO][SyncManagerImpl::NudgeForInitialDownload] Initial download nudge for WebAuthn Credentials
2026-03-22 02:58:14.221: [INFO][SyncManagerImpl::NudgeForInitialDownload] Initial download nudge for Collection
2026-03-22 02:58:14.221: [INFO][SyncManagerImpl::NudgeForInitialDownload] Initial download nudge for Edge E Drop
2026-03-22 02:58:14.221: [INFO][SyncManagerImpl::NudgeForInitialDownload] Initial download nudge for Edge Hub App Usage
2026-03-22 02:58:14.221: [INFO][SyncManagerImpl::NudgeForInitialDownload] Initial download nudge for Edge Wallet
2026-03-22 02:58:14.221: [INFO][SyncManagerImpl::NudgeForInitialDownload] Initial download nudge for Edge Workspace
2026-03-22 02:58:14.221: [INFO][SyncManagerImpl::ConfigureSyncer] Types to download:  with reason: 3
2026-03-22 02:58:14.221: [INFO][SyncEngineBackend::DoFinishConfigureDataTypes] Failed to download types:  and succeeded types: 
2026-03-22 02:58:14.226: [INFO][Sync] ConfigurationDone, failed: , succeeded: , remaining count: 4
2026-03-22 02:58:14.226: [WARN][Sync]     Reconfigure requested while configuration ongoing.
2026-03-22 02:58:14.226: [INFO][Sync] Configuring for: Bookmarks, Preferences, Passwords, Autofill Profiles, Autofill, Extensions, Sessions, Extension settings, History Delete Directives, Device Info, User Consents, Send Tab To Self, Web Apps, History, Saved Tab Group, WebAuthn Credentials, Collection, Edge E Drop, Edge Hub App Usage, Edge Wallet, Edge Workspace, Encryption Keys, reason: 5, current state: 2
2026-03-22 02:58:14.226: [INFO][Sync] Configure, desired: Bookmarks, Preferences, Passwords, Autofill Profiles, Autofill, Extensions, Sessions, Extension settings, History Delete Directives, Device Info, User Consents, Send Tab To Self, Web Apps, History, Saved Tab Group, WebAuthn Credentials, Collection, Edge E Drop, Edge Hub App Usage, Edge Wallet, Edge Workspace, Encryption Keys; Allow fail: 
2026-03-22 02:58:14.226: [INFO][Sync] Loading: Passwords
2026-03-22 02:58:14.226: [INFO][Sync] Loading: Autofill Profiles
2026-03-22 02:58:14.226: [INFO][Sync] Loading: Autofill
2026-03-22 02:58:14.228: [INFO][Sync] All data types are ready for configure.
2026-03-22 02:58:14.228: [INFO][SyncManagerImpl::NudgeForInitialDownload] Initial download nudge for Passwords
2026-03-22 02:58:14.229: [INFO][SyncManagerImpl::NudgeForInitialDownload] Initial download nudge for Autofill Profiles
2026-03-22 02:58:14.229: [INFO][SyncManagerImpl::NudgeForInitialDownload] Initial download nudge for Autofill
2026-03-22 02:58:14.229: [INFO][SyncManagerImpl::ConfigureSyncer] Types to download:  with reason: 5
2026-03-22 02:58:14.229: [INFO][SyncEngineBackend::DoFinishConfigureDataTypes] Failed to download types:  and succeeded types: 
2026-03-22 02:58:14.229: [INFO][Sync] ConfigurationDone, failed: , succeeded: , remaining count: 4
2026-03-22 02:58:14.229: [INFO][Sync] Prepare to configure types: Preferences, Passwords, Device Info, Send Tab To Self, Edge E Drop, Encryption Keys
2026-03-22 02:58:14.229: [INFO][SyncManagerImpl::ConfigureSyncer] Types to download: Preferences, Passwords, Device Info, Send Tab To Self, Edge E Drop, Encryption Keys with reason: 5
2026-03-22 02:58:14.229: [INFO][SyncSchedulerImpl::DoConfigurationSyncCycleJob] Blocked types:  and types to download: Preferences, Passwords, Device Info, Send Tab To Self, Edge E Drop, Encryption Keys
2026-03-22 02:58:17.000: [INFO][SyncEngineBackend::DoFinishConfigureDataTypes] Failed to download types:  and succeeded types: Preferences, Passwords, Device Info, Send Tab To Self, Edge E Drop, Encryption Keys
2026-03-22 02:58:17.035: [INFO][Sync] ConfigurationDone, failed: , succeeded: Preferences, Passwords, Device Info, Send Tab To Self, Edge E Drop, Encryption Keys, remaining count: 3
2026-03-22 02:58:17.035: [INFO][Sync] Prepare to configure types: Bookmarks, Encryption Keys
2026-03-22 02:58:17.035: [INFO][SyncManagerImpl::ConfigureSyncer] Types to download: Bookmarks, Encryption Keys with reason: 5
2026-03-22 02:58:17.035: [INFO][SyncSchedulerImpl::DoConfigurationSyncCycleJob] Blocked types:  and types to download: Bookmarks, Encryption Keys
2026-03-22 02:58:17.308: [INFO][SyncEngineBackend::DoFinishConfigureDataTypes] Failed to download types:  and succeeded types: Bookmarks, Encryption Keys
2026-03-22 02:58:17.311: [INFO][Sync] ConfigurationDone, failed: , succeeded: Bookmarks, Encryption Keys, remaining count: 2
2026-03-22 02:58:17.311: [INFO][Sync] Prepare to configure types: Autofill Profiles, Autofill, Extensions, Sessions, Extension settings, History Delete Directives, Web Apps, Saved Tab Group, WebAuthn Credentials, Collection, Edge Hub App Usage, Edge Wallet, Edge Workspace, Encryption Keys
2026-03-22 02:58:17.311: [INFO][SyncManagerImpl::ConfigureSyncer] Types to download: Autofill Profiles, Autofill, Extensions, Sessions, Extension settings, History Delete Directives, Web Apps, Saved Tab Group, WebAuthn Credentials, Collection, Edge Hub App Usage, Edge Wallet, Edge Workspace, Encryption Keys with reason: 5
2026-03-22 02:58:17.311: [INFO][SyncSchedulerImpl::DoConfigurationSyncCycleJob] Blocked types:  and types to download: Autofill Profiles, Autofill, Extensions, Sessions, Extension settings, History Delete Directives, Web Apps, Saved Tab Group, WebAuthn Credentials, Collection, Edge Hub App Usage, Edge Wallet, Edge Workspace, Encryption Keys
2026-03-22 02:58:18.823: [INFO][SyncEngineBackend::DoFinishConfigureDataTypes] Failed to download types:  and succeeded types: Autofill Profiles, Autofill, Extensions, Sessions, Extension settings, History Delete Directives, Web Apps, Saved Tab Group, WebAuthn Credentials, Collection, Edge Hub App Usage, Edge Wallet, Edge Workspace, Encryption Keys
2026-03-22 02:58:18.832: [INFO][Sync] ConfigurationDone, failed: , succeeded: Autofill Profiles, Autofill, Extensions, Sessions, Extension settings, History Delete Directives, Web Apps, Saved Tab Group, WebAuthn Credentials, Collection, Edge Hub App Usage, Edge Wallet, Edge Workspace, Encryption Keys, remaining count: 1
2026-03-22 02:58:18.835: [INFO][Sync] Prepare to configure types: History, Encryption Keys
2026-03-22 02:58:18.835: [INFO][SyncManagerImpl::ConfigureSyncer] Types to download: History, Encryption Keys with reason: 5
2026-03-22 02:58:18.835: [INFO][SyncSchedulerImpl::DoConfigurationSyncCycleJob] Blocked types:  and types to download: History, Encryption Keys
2026-03-22 02:58:22.662: [INFO][SyncEngineBackend::DoFinishConfigureDataTypes] Failed to download types:  and succeeded types: History, Encryption Keys
2026-03-22 02:58:22.666: [INFO][Sync] ConfigurationDone, failed: , succeeded: History, Encryption Keys, remaining count: 0
2026-03-22 02:58:22.669: [INFO][Sync]     Configuration completed, state: 7
2026-03-22 02:58:23.616: [INFO][Sync] Configured DataTypeManager: Ok
2026-03-22 02:58:23.623: [INFO][SyncEngineBackend::DoStartSyncing] Start syncing
2026-03-22 03:08:29.669: [INFO][SyncSchedulerImpl::OnSyncNetworkError] Syncer error: Network error (ERR_NAME_NOT_RESOLVED)
2026-03-22 03:08:29.670: [INFO][Commit::ReportFullCommitFailure] Commit Sessions failed with error: NetworkError
2026-03-22 03:08:29.670: [INFO][SyncSchedulerImpl::DoNudgeSyncCycleJob] Syncer error: Network error (ERR_NAME_NOT_RESOLVED)
2026-03-22 03:08:29.675: [WARN][Sync] NetworkError: Network error (ERR_NAME_NOT_RESOLVED)
2026-03-22 03:08:32.242: [INFO][SyncSchedulerImpl::OnSyncNetworkError] Syncer error: Network error (ERR_NAME_NOT_RESOLVED)
2026-03-22 03:08:32.242: [INFO][Commit::ReportFullCommitFailure] Commit Sessions failed with error: NetworkError
2026-03-22 03:08:32.242: [INFO][SyncSchedulerImpl::DoNudgeSyncCycleJob] Syncer error: Network error (ERR_NAME_NOT_RESOLVED)
2026-03-22 03:08:32.247: [WARN][Sync] NetworkError: Network error (ERR_NAME_NOT_RESOLVED)
2026-03-22 03:08:36.052: [INFO][SyncSchedulerImpl::OnSyncNetworkError] Syncer error: Network error (ERR_NAME_NOT_RESOLVED)
2026-03-22 03:08:36.053: [INFO][Commit::ReportFullCommitFailure] Commit Sessions failed with error: NetworkError
2026-03-22 03:08:36.053: [INFO][SyncSchedulerImpl::DoNudgeSyncCycleJob] Syncer error: Network error (ERR_NAME_NOT_RESOLVED)
2026-03-22 03:08:36.057: [WARN][Sync] NetworkError: Network error (ERR_NAME_NOT_RESOLVED)
2026-03-22 03:08:41.724: [INFO][SyncSchedulerImpl::OnSyncNetworkError] Syncer error: Network error (ERR_NAME_NOT_RESOLVED)
2026-03-22 03:08:41.724: [INFO][Commit::ReportFullCommitFailure] Commit Sessions failed with error: NetworkError
2026-03-22 03:08:41.724: [INFO][SyncSchedulerImpl::DoNudgeSyncCycleJob] Syncer error: Network error (ERR_NAME_NOT_RESOLVED)
2026-03-22 03:08:41.729: [WARN][Sync] NetworkError: Network error (ERR_NAME_NOT_RESOLVED)
2026-03-22 03:08:50.585: [INFO][SyncSchedulerImpl::OnSyncNetworkError] Syncer error: Network error (ERR_NAME_NOT_RESOLVED)
2026-03-22 03:08:50.585: [INFO][Commit::ReportFullCommitFailure] Commit Sessions failed with error: NetworkError
2026-03-22 03:08:50.585: [INFO][SyncSchedulerImpl::DoNudgeSyncCycleJob] Syncer error: Network error (ERR_NAME_NOT_RESOLVED)
2026-03-22 03:08:50.591: [WARN][Sync] NetworkError: Network error (ERR_NAME_NOT_RESOLVED)
2026-03-22 07:54:26.615: [INFO][Sync] SyncState after authenticated was: FeatureCanStart
2026-03-22 07:54:29.069: [INFO][SyncAuthManager::SetLastAuthError] Current auth error: None
2026-03-22 07:54:29.069: [INFO][SyncAuthManager::EdgeLogTokenErrorState] Token error with: None for account type: MSA
2026-03-22 07:54:29.069: [INFO][Sync] Credentials changed for: EdgeSyncKeyDataScope
2026-03-22 07:54:36.762: [INFO][Sync] Try to start sync engine
2026-03-22 07:54:36.775: [INFO][SyncManagerImpl::NudgeForInitialDownload] Initial download nudge for Encryption Keys
2026-03-22 07:54:36.775: [INFO][SyncEngineBackend::LoadAndConnectNigoriController] Load and connect Nigori controller
2026-03-22 07:54:36.775: [INFO][SyncEngineBackend::DoInitialize] Control Types added: Encryption Keys
2026-03-22 07:54:36.775: [INFO][SyncManagerImpl::ConfigureSyncer] Types to download: Encryption Keys with reason: 3
2026-03-22 07:54:36.776: [INFO][SyncEngineBackend::DoUpdateKeyDataCredentials] Update key data credentials
2026-03-22 07:54:36.777: [INFO][SyncSchedulerImpl::DoConfigurationSyncCycleJob] Configure job was blocked
2026-03-22 07:54:36.777: [INFO][SyncAuthManager::SetLastAuthError] Current auth error: None
2026-03-22 07:54:36.777: [INFO][SyncAuthManager::EdgeLogTokenErrorState] Token error with: None for account type: MSA
2026-03-22 07:54:36.777: [INFO][Sync] Credentials changed for: EdgeSyncScopeNew
2026-03-22 07:54:36.777: [INFO][SyncEngineBackend::DoUpdateCredentials] Update credentials
2026-03-22 07:54:36.777: [INFO][SyncSchedulerImpl::DoConfigurationSyncCycleJob] Blocked types:  and types to download: Encryption Keys
2026-03-22 07:54:37.610: [INFO][Sync] Started DataTypeManager configuration, reason: 4
2026-03-22 07:54:37.611: [INFO][Sync] Configuring for: Bookmarks, Preferences, Passwords, Autofill Profiles, Autofill, Extensions, Sessions, Extension settings, History Delete Directives, Device Info, User Consents, Send Tab To Self, Web Apps, History, Saved Tab Group, WebAuthn Credentials, Collection, Edge E Drop, Edge Hub App Usage, Edge Wallet, Edge Workspace, Encryption Keys, reason: 4, current state: 0
2026-03-22 07:54:37.611: [WARN][Sync] Crypto error data types: Passwords, Autofill Profiles, Autofill
2026-03-22 07:54:37.615: [INFO][Sync] Configure, desired: Bookmarks, Preferences, Extensions, Sessions, Extension settings, History Delete Directives, Device Info, User Consents, Send Tab To Self, Web Apps, History, Saved Tab Group, WebAuthn Credentials, Collection, Edge E Drop, Edge Hub App Usage, Edge Wallet, Edge Workspace, Encryption Keys; Allow fail: Passwords, Autofill Profiles, Autofill
2026-03-22 07:54:37.615: [INFO][Sync] Loading: Bookmarks
2026-03-22 07:54:37.615: [INFO][Sync] Loading: Preferences
2026-03-22 07:54:37.616: [INFO][Sync] Loading: Extensions
2026-03-22 07:54:37.616: [INFO][Sync] Loading: Sessions
2026-03-22 07:54:37.616: [INFO][Sync] Loading: Extension settings
2026-03-22 07:54:37.616: [INFO][Sync] Loading: History Delete Directives
2026-03-22 07:54:37.617: [INFO][Sync] Loading: Device Info
2026-03-22 07:54:37.617: [INFO][Sync] Loading: User Consents
2026-03-22 07:54:37.617: [INFO][Sync] Loading: Send Tab To Self
2026-03-22 07:54:37.617: [INFO][Sync] Loading: Web Apps
2026-03-22 07:54:37.617: [INFO][Sync] Loading: History
2026-03-22 07:54:37.617: [INFO][Sync] Loading: Saved Tab Group
2026-03-22 07:54:37.617: [INFO][Sync] Loading: WebAuthn Credentials
2026-03-22 07:54:37.617: [INFO][Sync] Loading: Collection
2026-03-22 07:54:37.617: [INFO][Sync] Loading: Edge E Drop
2026-03-22 07:54:37.617: [INFO][Sync] Loading: Edge Hub App Usage
2026-03-22 07:54:37.617: [INFO][Sync] Loading: Edge Wallet
2026-03-22 07:54:37.617: [INFO][Sync] Loading: Edge Workspace
2026-03-22 07:54:37.821: [INFO][SyncEngineBackend::DoUpdateKeyDataCredentials] Update key data credentials
2026-03-22 07:54:37.823: [INFO][Sync] All data types are ready for configure.
2026-03-22 07:54:38.324: [INFO][Sync] Started DataTypeManager configuration, reason: 5
2026-03-22 07:54:38.324: [INFO][Sync] Configuring for: Bookmarks, Preferences, Passwords, Autofill Profiles, Autofill, Extensions, Sessions, Extension settings, History Delete Directives, Device Info, User Consents, Send Tab To Self, Web Apps, History, Saved Tab Group, WebAuthn Credentials, Collection, Edge E Drop, Edge Hub App Usage, Edge Wallet, Edge Workspace, Encryption Keys, reason: 5, current state: 1
2026-03-22 07:54:38.332: [INFO][SyncEngineBackend::DoStartConfiguration] Start configuration
2026-03-22 07:54:38.333: [INFO][SyncManagerImpl::ConfigureSyncer] Types to download:  with reason: 4
2026-03-22 07:54:38.333: [INFO][SyncEngineBackend::DoFinishConfigureDataTypes] Failed to download types:  and succeeded types: 
2026-03-22 07:54:38.334: [INFO][Sync] ConfigurationDone, failed: , succeeded: , remaining count: 4
2026-03-22 07:54:38.334: [WARN][Sync]     Reconfigure requested while configuration ongoing.
2026-03-22 07:54:38.334: [INFO][Sync] Configuring for: Bookmarks, Preferences, Passwords, Autofill Profiles, Autofill, Extensions, Sessions, Extension settings, History Delete Directives, Device Info, User Consents, Send Tab To Self, Web Apps, History, Saved Tab Group, WebAuthn Credentials, Collection, Edge E Drop, Edge Hub App Usage, Edge Wallet, Edge Workspace, Encryption Keys, reason: 5, current state: 2
2026-03-22 07:54:38.334: [INFO][Sync] Configure, desired: Bookmarks, Preferences, Passwords, Autofill Profiles, Autofill, Extensions, Sessions, Extension settings, History Delete Directives, Device Info, User Consents, Send Tab To Self, Web Apps, History, Saved Tab Group, WebAuthn Credentials, Collection, Edge E Drop, Edge Hub App Usage, Edge Wallet, Edge Workspace, Encryption Keys; Allow fail: 
2026-03-22 07:54:38.334: [INFO][Sync] Loading: Passwords
2026-03-22 07:54:38.334: [INFO][Sync] Loading: Autofill Profiles
2026-03-22 07:54:38.334: [INFO][Sync] Loading: Autofill
2026-03-22 07:54:38.334: [INFO][Sync] All data types are ready for configure.
2026-03-22 07:54:38.335: [INFO][SyncManagerImpl::NudgeForInitialDownload] Initial download nudge for Passwords
2026-03-22 07:54:38.335: [INFO][SyncManagerImpl::ConfigureSyncer] Types to download:  with reason: 5
2026-03-22 07:54:38.335: [INFO][SyncEngineBackend::DoFinishConfigureDataTypes] Failed to download types:  and succeeded types: 
2026-03-22 07:54:38.335: [INFO][Sync] ConfigurationDone, failed: , succeeded: , remaining count: 4
2026-03-22 07:54:38.335: [INFO][Sync] Prepare to configure types: Passwords, Encryption Keys
2026-03-22 07:54:38.335: [INFO][SyncManagerImpl::ConfigureSyncer] Types to download: Passwords, Encryption Keys with reason: 5
2026-03-22 07:54:38.335: [INFO][SyncSchedulerImpl::DoConfigurationSyncCycleJob] Blocked types:  and types to download: Passwords, Encryption Keys
2026-03-22 07:54:38.610: [INFO][SyncEngineBackend::DoFinishConfigureDataTypes] Failed to download types:  and succeeded types: Passwords, Encryption Keys
2026-03-22 07:54:38.613: [INFO][Sync] ConfigurationDone, failed: , succeeded: Passwords, Encryption Keys, remaining count: 3
2026-03-22 07:54:38.613: [INFO][SyncManagerImpl::ConfigureSyncer] Types to download:  with reason: 5
2026-03-22 07:54:38.613: [INFO][SyncEngineBackend::DoFinishConfigureDataTypes] Failed to download types:  and succeeded types: 
2026-03-22 07:54:38.613: [INFO][Sync] ConfigurationDone, failed: , succeeded: , remaining count: 2
2026-03-22 07:54:38.613: [INFO][SyncManagerImpl::ConfigureSyncer] Types to download:  with reason: 5
2026-03-22 07:54:38.613: [INFO][SyncEngineBackend::DoFinishConfigureDataTypes] Failed to download types:  and succeeded types: 
2026-03-22 07:54:38.615: [INFO][Sync] ConfigurationDone, failed: , succeeded: , remaining count: 1
2026-03-22 07:54:38.619: [INFO][SyncManagerImpl::ConfigureSyncer] Types to download:  with reason: 5
2026-03-22 07:54:38.619: [INFO][SyncEngineBackend::DoFinishConfigureDataTypes] Failed to download types:  and succeeded types: 
2026-03-22 07:54:38.619: [INFO][Sync] ConfigurationDone, failed: , succeeded: , remaining count: 0
2026-03-22 07:54:38.621: [INFO][Sync]     Configuration completed, state: 7
2026-03-22 07:54:38.624: [INFO][Sync] Configured DataTypeManager: Ok
2026-03-22 07:54:38.631: [INFO][SyncEngineBackend::DoStartSyncing] Start syncing
2026-03-22 09:22:55.602: [INFO][Sync] Reset engine, reason: 0
2026-03-22 09:22:55.602: [INFO][Sync] Reset engine with reason: 0
2026-03-22 09:23:40.583: [INFO][Sync] Reset engine, reason: 8
2026-03-22 09:23:40.583: [INFO][Sync] Stopped: Bookmarks
2026-03-22 09:23:40.583: [INFO][Sync] Stopped: Preferences
2026-03-22 09:23:40.583: [INFO][Sync] Stopped: Passwords
2026-03-22 09:23:40.583: [INFO][Sync] Stopped: Autofill Profiles
2026-03-22 09:23:40.583: [INFO][Sync] Stopped: Autofill
2026-03-22 09:23:40.583: [INFO][Sync] Stopped: Extensions
2026-03-22 09:23:40.583: [INFO][Sync] Stopped: Sessions
2026-03-22 09:23:40.584: [INFO][Sync] Stopped: Extension settings
2026-03-22 09:23:40.584: [INFO][Sync] Stopped: History Delete Directives
2026-03-22 09:23:40.584: [INFO][Sync] Stopped: Device Info
2026-03-22 09:23:40.584: [INFO][Sync] Stopped: User Consents
2026-03-22 09:23:40.584: [INFO][Sync] Stopped: Send Tab To Self
2026-03-22 09:23:40.584: [INFO][Sync] Stopped: Web Apps
2026-03-22 09:23:40.584: [INFO][Sync] Stopped: History
2026-03-22 09:23:40.584: [INFO][Sync] Stopped: Saved Tab Group
2026-03-22 09:23:40.584: [INFO][Sync] Stopped: WebAuthn Credentials
2026-03-22 09:23:40.584: [INFO][Sync] Stopped: Collection
2026-03-22 09:23:40.584: [INFO][Sync] Stopped: Edge E Drop
2026-03-22 09:23:40.584: [INFO][Sync] Stopped: Edge Hub App Usage
2026-03-22 09:23:40.584: [INFO][Sync] Stopped: Edge Wallet
2026-03-22 09:23:40.584: [INFO][Sync] Stopped: Edge Workspace
2026-03-22 09:23:40.584: [INFO][Sync] SyncState after authenticated was: NotSignedIn
2026-03-22 09:23:40.936: [INFO][Sync] Reset engine, reason: 8
2026-03-22 09:23:40.936: [INFO][Sync] Stopped: Bookmarks
2026-03-22 09:23:40.936: [INFO][Sync] Stopped: Preferences
2026-03-22 09:23:40.936: [INFO][Sync] Stopped: Passwords
2026-03-22 09:23:40.936: [INFO][Sync] Stopped: Autofill Profiles
2026-03-22 09:23:40.936: [INFO][Sync] Stopped: Autofill
2026-03-22 09:23:40.936: [INFO][Sync] Stopped: Extensions
2026-03-22 09:23:40.936: [INFO][Sync] Stopped: Sessions
2026-03-22 09:23:40.936: [INFO][Sync] Stopped: Extension settings
2026-03-22 09:23:40.936: [INFO][Sync] Stopped: History Delete Directives
2026-03-22 09:23:40.936: [INFO][Sync] Stopped: Device Info
2026-03-22 09:23:40.936: [INFO][Sync] Stopped: User Consents
2026-03-22 09:23:40.936: [INFO][Sync] Stopped: Send Tab To Self
2026-03-22 09:23:40.936: [INFO][Sync] Stopped: Web Apps
2026-03-22 09:23:40.936: [INFO][Sync] Stopped: History
2026-03-22 09:23:40.936: [INFO][Sync] Stopped: Saved Tab Group
2026-03-22 09:23:40.936: [INFO][Sync] Stopped: WebAuthn Credentials
2026-03-22 09:23:40.936: [INFO][Sync] Stopped: Collection
2026-03-22 09:23:40.936: [INFO][Sync] Stopped: Edge E Drop
2026-03-22 09:23:40.936: [INFO][Sync] Stopped: Edge Hub App Usage
2026-03-22 09:23:40.936: [INFO][Sync] Stopped: Edge Wallet
2026-03-22 09:23:40.936: [INFO][Sync] Stopped: Edge Workspace
2026-03-22 09:23:46.009: [INFO][Sync] Try to start sync engine
2026-03-22 09:23:46.013: [INFO][SyncManagerImpl::NudgeForInitialDownload] Initial download nudge for Encryption Keys
2026-03-22 09:23:46.013: [INFO][SyncEngineBackend::LoadAndConnectNigoriController] Load and connect Nigori controller
2026-03-22 09:23:46.013: [INFO][SyncEngineBackend::DoInitialize] Control Types added: Encryption Keys
2026-03-22 09:23:46.013: [INFO][SyncManagerImpl::ConfigureSyncer] Types to download: Encryption Keys with reason: 3
2026-03-22 09:23:46.014: [INFO][SyncSchedulerImpl::DoConfigurationSyncCycleJob] Configure job was blocked
2026-03-22 09:23:46.053: [INFO][SyncAuthManager::SetLastAuthError] Current auth error: None
2026-03-22 09:23:46.053: [INFO][SyncAuthManager::EdgeLogTokenErrorState] Token error with: None for account type: MSA
2026-03-22 09:23:46.053: [INFO][Sync] Credentials changed for: EdgeSyncScopeNew
2026-03-22 09:23:47.552: [INFO][SyncAuthManager::SetLastAuthError] Current auth error: None
2026-03-22 09:23:47.552: [INFO][SyncAuthManager::EdgeLogTokenErrorState] Token error with: None for account type: MSA
2026-03-22 09:23:47.552: [INFO][Sync] Credentials changed for: EdgeSyncKeyDataScope
2026-03-22 09:23:47.552: [INFO][SyncEngineBackend::DoUpdateKeyDataCredentials] Update key data credentials
2026-03-22 09:23:47.552: [INFO][SyncEngineBackend::DoUpdateCredentials] Update credentials
2026-03-22 09:23:47.552: [INFO][SyncSchedulerImpl::DoConfigurationSyncCycleJob] Blocked types:  and types to download: Encryption Keys
2026-03-22 09:23:48.317: [INFO][Sync] Started DataTypeManager configuration, reason: 4
2026-03-22 09:23:48.318: [INFO][Sync] Configuring for: Bookmarks, Preferences, Passwords, Autofill Profiles, Autofill, Extensions, Sessions, Extension settings, History Delete Directives, Device Info, User Consents, Send Tab To Self, Web Apps, History, Saved Tab Group, WebAuthn Credentials, Collection, Edge E Drop, Edge Hub App Usage, Edge Wallet, Edge Workspace, Encryption Keys, reason: 4, current state: 0
2026-03-22 09:23:48.319: [WARN][Sync] Crypto error data types: Passwords, Autofill Profiles, Autofill
2026-03-22 09:23:48.324: [INFO][Sync] Configure, desired: Bookmarks, Preferences, Extensions, Sessions, Extension settings, History Delete Directives, Device Info, User Consents, Send Tab To Self, Web Apps, History, Saved Tab Group, WebAuthn Credentials, Collection, Edge E Drop, Edge Hub App Usage, Edge Wallet, Edge Workspace, Encryption Keys; Allow fail: Passwords, Autofill Profiles, Autofill
2026-03-22 09:23:48.325: [INFO][Sync] Loading: Bookmarks
2026-03-22 09:23:48.325: [INFO][Sync] Loading: Preferences
2026-03-22 09:23:48.325: [INFO][Sync] Loading: Extensions
2026-03-22 09:23:48.325: [INFO][Sync] Loading: Sessions
2026-03-22 09:23:48.326: [INFO][Sync] Loading: Extension settings
2026-03-22 09:23:48.326: [INFO][Sync] Loading: History Delete Directives
2026-03-22 09:23:48.326: [INFO][Sync] Loading: Device Info
2026-03-22 09:23:48.326: [INFO][Sync] Loading: User Consents
2026-03-22 09:23:48.326: [INFO][Sync] Loading: Send Tab To Self
2026-03-22 09:23:48.326: [INFO][Sync] Loading: Web Apps
2026-03-22 09:23:48.326: [INFO][Sync] Loading: History
2026-03-22 09:23:48.326: [INFO][Sync] Loading: Saved Tab Group
2026-03-22 09:23:48.326: [INFO][Sync] Loading: WebAuthn Credentials
2026-03-22 09:23:48.326: [INFO][Sync] Loading: Collection
2026-03-22 09:23:48.326: [INFO][Sync] Loading: Edge E Drop
2026-03-22 09:23:48.326: [INFO][Sync] Loading: Edge Hub App Usage
2026-03-22 09:23:48.327: [INFO][Sync] Loading: Edge Wallet
2026-03-22 09:23:48.327: [INFO][Sync] Loading: Edge Workspace
2026-03-22 09:23:48.584: [INFO][Sync] All data types are ready for configure.
2026-03-22 09:23:48.983: [INFO][Sync] Started DataTypeManager configuration, reason: 5
2026-03-22 09:23:48.983: [INFO][Sync] Configuring for: Bookmarks, Preferences, Passwords, Autofill Profiles, Autofill, Extensions, Sessions, Extension settings, History Delete Directives, Device Info, User Consents, Send Tab To Self, Web Apps, History, Saved Tab Group, WebAuthn Credentials, Collection, Edge E Drop, Edge Hub App Usage, Edge Wallet, Edge Workspace, Encryption Keys, reason: 5, current state: 1
2026-03-22 09:23:48.995: [INFO][SyncEngineBackend::DoStartConfiguration] Start configuration
2026-03-22 09:23:48.997: [INFO][SyncManagerImpl::NudgeForInitialDownload] Initial download nudge for Bookmarks
2026-03-22 09:23:48.997: [INFO][SyncManagerImpl::NudgeForInitialDownload] Initial download nudge for Preferences
2026-03-22 09:23:48.997: [INFO][SyncManagerImpl::NudgeForInitialDownload] Initial download nudge for Extensions
2026-03-22 09:23:48.997: [INFO][SyncManagerImpl::NudgeForInitialDownload] Initial download nudge for Sessions
2026-03-22 09:23:48.997: [INFO][SyncManagerImpl::NudgeForInitialDownload] Initial download nudge for Extension settings
2026-03-22 09:23:48.997: [INFO][SyncManagerImpl::NudgeForInitialDownload] Initial download nudge for History Delete Directives
2026-03-22 09:23:48.997: [INFO][SyncManagerImpl::NudgeForInitialDownload] Initial download nudge for Device Info
2026-03-22 09:23:48.997: [INFO][SyncManagerImpl::NudgeForInitialDownload] Initial download nudge for Send Tab To Self
2026-03-22 09:23:48.997: [INFO][SyncManagerImpl::NudgeForInitialDownload] Initial download nudge for Web Apps
2026-03-22 09:23:48.997: [INFO][SyncManagerImpl::NudgeForInitialDownload] Initial download nudge for History
2026-03-22 09:23:48.997: [INFO][SyncManagerImpl::NudgeForInitialDownload] Initial download nudge for Saved Tab Group
2026-03-22 09:23:48.997: [INFO][SyncManagerImpl::NudgeForInitialDownload] Initial download nudge for WebAuthn Credentials
2026-03-22 09:23:48.997: [INFO][SyncManagerImpl::NudgeForInitialDownload] Initial download nudge for Collection
2026-03-22 09:23:48.997: [INFO][SyncManagerImpl::NudgeForInitialDownload] Initial download nudge for Edge E Drop
2026-03-22 09:23:48.997: [INFO][SyncManagerImpl::NudgeForInitialDownload] Initial download nudge for Edge Hub App Usage
2026-03-22 09:23:48.997: [INFO][SyncManagerImpl::NudgeForInitialDownload] Initial download nudge for Edge Wallet
2026-03-22 09:23:48.997: [INFO][SyncManagerImpl::NudgeForInitialDownload] Initial download nudge for Edge Workspace
2026-03-22 09:23:48.997: [INFO][SyncManagerImpl::ConfigureSyncer] Types to download:  with reason: 4
2026-03-22 09:23:48.997: [INFO][SyncEngineBackend::DoFinishConfigureDataTypes] Failed to download types:  and succeeded types: 
2026-03-22 09:23:49.000: [INFO][Sync] ConfigurationDone, failed: , succeeded: , remaining count: 4
2026-03-22 09:23:49.000: [WARN][Sync]     Reconfigure requested while configuration ongoing.
2026-03-22 09:23:49.000: [INFO][Sync] Configuring for: Bookmarks, Preferences, Passwords, Autofill Profiles, Autofill, Extensions, Sessions, Extension settings, History Delete Directives, Device Info, User Consents, Send Tab To Self, Web Apps, History, Saved Tab Group, WebAuthn Credentials, Collection, Edge E Drop, Edge Hub App Usage, Edge Wallet, Edge Workspace, Encryption Keys, reason: 5, current state: 2
2026-03-22 09:23:49.000: [INFO][Sync] Configure, desired: Bookmarks, Preferences, Passwords, Autofill Profiles, Autofill, Extensions, Sessions, Extension settings, History Delete Directives, Device Info, User Consents, Send Tab To Self, Web Apps, History, Saved Tab Group, WebAuthn Credentials, Collection, Edge E Drop, Edge Hub App Usage, Edge Wallet, Edge Workspace, Encryption Keys; Allow fail: 
2026-03-22 09:23:49.000: [INFO][Sync] Loading: Passwords
2026-03-22 09:23:49.000: [INFO][Sync] Loading: Autofill Profiles
2026-03-22 09:23:49.000: [INFO][Sync] Loading: Autofill
2026-03-22 09:23:49.000: [INFO][Sync] All data types are ready for configure.
2026-03-22 09:23:49.000: [INFO][SyncManagerImpl::NudgeForInitialDownload] Initial download nudge for Passwords
2026-03-22 09:23:49.001: [INFO][SyncManagerImpl::NudgeForInitialDownload] Initial download nudge for Autofill Profiles
2026-03-22 09:23:49.001: [INFO][SyncManagerImpl::NudgeForInitialDownload] Initial download nudge for Autofill
2026-03-22 09:23:49.001: [INFO][SyncManagerImpl::ConfigureSyncer] Types to download:  with reason: 5
2026-03-22 09:23:49.001: [INFO][SyncEngineBackend::DoFinishConfigureDataTypes] Failed to download types:  and succeeded types: 
2026-03-22 09:23:49.002: [INFO][Sync] ConfigurationDone, failed: , succeeded: , remaining count: 4
2026-03-22 09:23:49.002: [INFO][Sync] Prepare to configure types: Preferences, Passwords, Device Info, Send Tab To Self, Edge E Drop, Encryption Keys
2026-03-22 09:23:49.002: [INFO][SyncManagerImpl::ConfigureSyncer] Types to download: Preferences, Passwords, Device Info, Send Tab To Self, Edge E Drop, Encryption Keys with reason: 5
2026-03-22 09:23:49.002: [INFO][SyncSchedulerImpl::DoConfigurationSyncCycleJob] Blocked types:  and types to download: Preferences, Passwords, Device Info, Send Tab To Self, Edge E Drop, Encryption Keys
2026-03-22 09:23:51.436: [INFO][SyncEngineBackend::DoFinishConfigureDataTypes] Failed to download types:  and succeeded types: Preferences, Passwords, Device Info, Send Tab To Self, Edge E Drop, Encryption Keys
2026-03-22 09:23:51.454: [INFO][Sync] ConfigurationDone, failed: , succeeded: Preferences, Passwords, Device Info, Send Tab To Self, Edge E Drop, Encryption Keys, remaining count: 3
2026-03-22 09:23:51.454: [INFO][Sync] Prepare to configure types: Bookmarks, Encryption Keys
2026-03-22 09:23:51.454: [INFO][SyncManagerImpl::ConfigureSyncer] Types to download: Bookmarks, Encryption Keys with reason: 5
2026-03-22 09:23:51.454: [INFO][SyncSchedulerImpl::DoConfigurationSyncCycleJob] Blocked types:  and types to download: Bookmarks, Encryption Keys
2026-03-22 09:23:51.728: [INFO][SyncEngineBackend::DoFinishConfigureDataTypes] Failed to download types:  and succeeded types: Bookmarks, Encryption Keys
2026-03-22 09:23:51.731: [INFO][Sync] ConfigurationDone, failed: , succeeded: Bookmarks, Encryption Keys, remaining count: 2
2026-03-22 09:23:51.731: [INFO][Sync] Prepare to configure types: Autofill Profiles, Autofill, Extensions, Sessions, Extension settings, History Delete Directives, Web Apps, Saved Tab Group, WebAuthn Credentials, Collection, Edge Hub App Usage, Edge Wallet, Edge Workspace, Encryption Keys
2026-03-22 09:23:51.731: [INFO][SyncManagerImpl::ConfigureSyncer] Types to download: Autofill Profiles, Autofill, Extensions, Sessions, Extension settings, History Delete Directives, Web Apps, Saved Tab Group, WebAuthn Credentials, Collection, Edge Hub App Usage, Edge Wallet, Edge Workspace, Encryption Keys with reason: 5
2026-03-22 09:23:51.731: [INFO][SyncSchedulerImpl::DoConfigurationSyncCycleJob] Blocked types:  and types to download: Autofill Profiles, Autofill, Extensions, Sessions, Extension settings, History Delete Directives, Web Apps, Saved Tab Group, WebAuthn Credentials, Collection, Edge Hub App Usage, Edge Wallet, Edge Workspace, Encryption Keys
2026-03-22 09:23:53.352: [INFO][SyncEngineBackend::DoFinishConfigureDataTypes] Failed to download types:  and succeeded types: Autofill Profiles, Autofill, Extensions, Sessions, Extension settings, History Delete Directives, Web Apps, Saved Tab Group, WebAuthn Credentials, Collection, Edge Hub App Usage, Edge Wallet, Edge Workspace, Encryption Keys
2026-03-22 09:23:53.354: [INFO][Sync] ConfigurationDone, failed: , succeeded: Autofill Profiles, Autofill, Extensions, Sessions, Extension settings, History Delete Directives, Web Apps, Saved Tab Group, WebAuthn Credentials, Collection, Edge Hub App Usage, Edge Wallet, Edge Workspace, Encryption Keys, remaining count: 1
2026-03-22 09:23:53.357: [INFO][Sync] Prepare to configure types: History, Encryption Keys
2026-03-22 09:23:53.357: [INFO][SyncManagerImpl::ConfigureSyncer] Types to download: History, Encryption Keys with reason: 5
2026-03-22 09:23:53.357: [INFO][SyncSchedulerImpl::DoConfigurationSyncCycleJob] Blocked types:  and types to download: History, Encryption Keys
2026-03-22 09:23:57.395: [INFO][SyncEngineBackend::DoFinishConfigureDataTypes] Failed to download types:  and succeeded types: History, Encryption Keys
2026-03-22 09:23:57.401: [INFO][Sync] ConfigurationDone, failed: , succeeded: History, Encryption Keys, remaining count: 0
2026-03-22 09:23:57.403: [INFO][Sync]     Configuration completed, state: 7
2026-03-22 09:23:57.403: [INFO][Sync] Configured DataTypeManager: Ok
2026-03-22 09:23:57.406: [INFO][SyncEngineBackend::DoStartSyncing] Start syncing
2026-03-22 09:43:13.251: [INFO][Sync] Reset engine, reason: 0
2026-03-22 09:43:13.251: [INFO][Sync] Reset engine with reason: 0
2026-03-22 10:26:59.266: [INFO][Sync] SyncState after authenticated was: FeatureCanStart
2026-03-22 10:27:04.621: [INFO][SyncAuthManager::SetLastAuthError] Current auth error: None
2026-03-22 10:27:04.621: [INFO][SyncAuthManager::EdgeLogTokenErrorState] Token error with: None for account type: MSA
2026-03-22 10:27:04.622: [INFO][Sync] Credentials changed for: EdgeSyncKeyDataScope
2026-03-22 10:27:09.771: [INFO][Sync] Try to start sync engine
2026-03-22 10:27:09.792: [INFO][SyncManagerImpl::NudgeForInitialDownload] Initial download nudge for Encryption Keys
2026-03-22 10:27:09.792: [INFO][SyncEngineBackend::LoadAndConnectNigoriController] Load and connect Nigori controller
2026-03-22 10:27:09.792: [INFO][SyncEngineBackend::DoInitialize] Control Types added: Encryption Keys
2026-03-22 10:27:09.792: [INFO][SyncManagerImpl::ConfigureSyncer] Types to download: Encryption Keys with reason: 3
2026-03-22 10:27:09.793: [INFO][SyncEngineBackend::DoUpdateKeyDataCredentials] Update key data credentials
2026-03-22 10:27:09.794: [INFO][SyncSchedulerImpl::DoConfigurationSyncCycleJob] Configure job was blocked
2026-03-22 10:27:09.796: [INFO][SyncAuthManager::SetLastAuthError] Current auth error: None
2026-03-22 10:27:09.796: [INFO][SyncAuthManager::EdgeLogTokenErrorState] Token error with: None for account type: MSA
2026-03-22 10:27:09.796: [INFO][Sync] Credentials changed for: EdgeSyncScopeNew
2026-03-22 10:27:09.796: [INFO][SyncEngineBackend::DoUpdateCredentials] Update credentials
2026-03-22 10:27:09.796: [INFO][SyncEngineBackend::DoUpdateKeyDataCredentials] Update key data credentials
2026-03-22 10:27:09.796: [INFO][SyncSchedulerImpl::DoConfigurationSyncCycleJob] Blocked types:  and types to download: Encryption Keys
2026-03-22 10:27:10.462: [INFO][Sync] Started DataTypeManager configuration, reason: 4
2026-03-22 10:27:10.463: [INFO][Sync] Configuring for: Bookmarks, Preferences, Passwords, Autofill Profiles, Autofill, Extensions, Sessions, Extension settings, History Delete Directives, Device Info, User Consents, Send Tab To Self, Web Apps, History, Saved Tab Group, WebAuthn Credentials, Collection, Edge E Drop, Edge Hub App Usage, Edge Wallet, Edge Workspace, Encryption Keys, reason: 4, current state: 0
2026-03-22 10:27:10.464: [WARN][Sync] Crypto error data types: Passwords, Autofill Profiles, Autofill
2026-03-22 10:27:10.472: [INFO][Sync] Configure, desired: Bookmarks, Preferences, Extensions, Sessions, Extension settings, History Delete Directives, Device Info, User Consents, Send Tab To Self, Web Apps, History, Saved Tab Group, WebAuthn Credentials, Collection, Edge E Drop, Edge Hub App Usage, Edge Wallet, Edge Workspace, Encryption Keys; Allow fail: Passwords, Autofill Profiles, Autofill
2026-03-22 10:27:10.473: [INFO][Sync] Loading: Bookmarks
2026-03-22 10:27:10.473: [INFO][Sync] Loading: Preferences
2026-03-22 10:27:10.473: [INFO][Sync] Loading: Extensions
2026-03-22 10:27:10.474: [INFO][Sync] Loading: Sessions
2026-03-22 10:27:10.474: [INFO][Sync] Loading: Extension settings
2026-03-22 10:27:10.474: [INFO][Sync] Loading: History Delete Directives
2026-03-22 10:27:10.475: [INFO][Sync] Loading: Device Info
2026-03-22 10:27:10.475: [INFO][Sync] Loading: User Consents
2026-03-22 10:27:10.475: [INFO][Sync] Loading: Send Tab To Self
2026-03-22 10:27:10.475: [INFO][Sync] Loading: Web Apps
2026-03-22 10:27:10.475: [INFO][Sync] Loading: History
2026-03-22 10:27:10.475: [INFO][Sync] Loading: Saved Tab Group
2026-03-22 10:27:10.475: [INFO][Sync] Loading: WebAuthn Credentials
2026-03-22 10:27:10.475: [INFO][Sync] Loading: Collection
2026-03-22 10:27:10.475: [INFO][Sync] Loading: Edge E Drop
2026-03-22 10:27:10.475: [INFO][Sync] Loading: Edge Hub App Usage
2026-03-22 10:27:10.475: [INFO][Sync] Loading: Edge Wallet
2026-03-22 10:27:10.475: [INFO][Sync] Loading: Edge Workspace
2026-03-22 10:27:10.509: [INFO][Sync] All data types are ready for configure.
2026-03-22 10:27:11.049: [INFO][Sync] Started DataTypeManager configuration, reason: 5
2026-03-22 10:27:11.049: [INFO][Sync] Configuring for: Bookmarks, Preferences, Passwords, Autofill Profiles, Autofill, Extensions, Sessions, Extension settings, History Delete Directives, Device Info, User Consents, Send Tab To Self, Web Apps, History, Saved Tab Group, WebAuthn Credentials, Collection, Edge E Drop, Edge Hub App Usage, Edge Wallet, Edge Workspace, Encryption Keys, reason: 5, current state: 1
2026-03-22 10:27:11.074: [INFO][SyncEngineBackend::DoStartConfiguration] Start configuration
2026-03-22 10:27:11.078: [INFO][SyncManagerImpl::ConfigureSyncer] Types to download:  with reason: 4
2026-03-22 10:27:11.078: [INFO][SyncEngineBackend::DoFinishConfigureDataTypes] Failed to download types:  and succeeded types: 
2026-03-22 10:27:11.079: [INFO][Sync] ConfigurationDone, failed: , succeeded: , remaining count: 4
2026-03-22 10:27:11.079: [WARN][Sync]     Reconfigure requested while configuration ongoing.
2026-03-22 10:27:11.079: [INFO][Sync] Configuring for: Bookmarks, Preferences, Passwords, Autofill Profiles, Autofill, Extensions, Sessions, Extension settings, History Delete Directives, Device Info, User Consents, Send Tab To Self, Web Apps, History, Saved Tab Group, WebAuthn Credentials, Collection, Edge E Drop, Edge Hub App Usage, Edge Wallet, Edge Workspace, Encryption Keys, reason: 5, current state: 2
2026-03-22 10:27:11.079: [INFO][Sync] Configure, desired: Bookmarks, Preferences, Passwords, Autofill Profiles, Autofill, Extensions, Sessions, Extension settings, History Delete Directives, Device Info, User Consents, Send Tab To Self, Web Apps, History, Saved Tab Group, WebAuthn Credentials, Collection, Edge E Drop, Edge Hub App Usage, Edge Wallet, Edge Workspace, Encryption Keys; Allow fail: 
2026-03-22 10:27:11.079: [INFO][Sync] Loading: Passwords
2026-03-22 10:27:11.079: [INFO][Sync] Loading: Autofill Profiles
2026-03-22 10:27:11.079: [INFO][Sync] Loading: Autofill
2026-03-22 10:27:11.080: [INFO][Sync] All data types are ready for configure.
2026-03-22 10:27:11.080: [INFO][SyncManagerImpl::NudgeForInitialDownload] Initial download nudge for Passwords
2026-03-22 10:27:11.082: [INFO][SyncManagerImpl::ConfigureSyncer] Types to download:  with reason: 5
2026-03-22 10:27:11.082: [INFO][SyncEngineBackend::DoFinishConfigureDataTypes] Failed to download types:  and succeeded types: 
2026-03-22 10:27:11.082: [INFO][Sync] ConfigurationDone, failed: , succeeded: , remaining count: 4
2026-03-22 10:27:11.082: [INFO][Sync] Prepare to configure types: Passwords, Encryption Keys
2026-03-22 10:27:11.082: [INFO][SyncManagerImpl::ConfigureSyncer] Types to download: Passwords, Encryption Keys with reason: 5
2026-03-22 10:27:11.082: [INFO][SyncSchedulerImpl::DoConfigurationSyncCycleJob] Blocked types:  and types to download: Passwords, Encryption Keys
2026-03-22 10:27:11.353: [INFO][SyncEngineBackend::DoFinishConfigureDataTypes] Failed to download types:  and succeeded types: Passwords, Encryption Keys
2026-03-22 10:27:11.362: [INFO][Sync] ConfigurationDone, failed: , succeeded: Passwords, Encryption Keys, remaining count: 3
2026-03-22 10:27:11.362: [INFO][SyncManagerImpl::ConfigureSyncer] Types to download:  with reason: 5
2026-03-22 10:27:11.362: [INFO][SyncEngineBackend::DoFinishConfigureDataTypes] Failed to download types:  and succeeded types: 
2026-03-22 10:27:11.362: [INFO][Sync] ConfigurationDone, failed: , succeeded: , remaining count: 2
2026-03-22 10:27:11.362: [INFO][SyncManagerImpl::ConfigureSyncer] Types to download:  with reason: 5
2026-03-22 10:27:11.362: [INFO][SyncEngineBackend::DoFinishConfigureDataTypes] Failed to download types:  and succeeded types: 
2026-03-22 10:27:11.363: [INFO][Sync] ConfigurationDone, failed: , succeeded: , remaining count: 1
2026-03-22 10:27:11.370: [INFO][SyncManagerImpl::ConfigureSyncer] Types to download:  with reason: 5
2026-03-22 10:27:11.370: [INFO][SyncEngineBackend::DoFinishConfigureDataTypes] Failed to download types:  and succeeded types: 
2026-03-22 10:27:11.379: [INFO][Sync] ConfigurationDone, failed: , succeeded: , remaining count: 0
2026-03-22 10:27:11.385: [INFO][Sync]     Configuration completed, state: 7
2026-03-22 10:27:11.387: [INFO][Sync] Configured DataTypeManager: Ok
2026-03-22 10:27:11.398: [INFO][SyncEngineBackend::DoStartSyncing] Start syncing
2026-03-22 10:54:09.317: [INFO][Sync] Reset engine, reason: 0
2026-03-22 10:54:09.317: [INFO][Sync] Reset engine with reason: 0
2026-03-22 10:56:26.226: [INFO][Sync] Reset engine, reason: 8
2026-03-22 10:56:26.226: [INFO][Sync] Stopped: Bookmarks
2026-03-22 10:56:26.226: [INFO][Sync] Stopped: Preferences
2026-03-22 10:56:26.226: [INFO][Sync] Stopped: Passwords
2026-03-22 10:56:26.226: [INFO][Sync] Stopped: Autofill Profiles
2026-03-22 10:56:26.226: [INFO][Sync] Stopped: Autofill
2026-03-22 10:56:26.226: [INFO][Sync] Stopped: Extensions
2026-03-22 10:56:26.226: [INFO][Sync] Stopped: Sessions
2026-03-22 10:56:26.226: [INFO][Sync] Stopped: Extension settings
2026-03-22 10:56:26.226: [INFO][Sync] Stopped: History Delete Directives
2026-03-22 10:56:26.227: [INFO][Sync] Stopped: Device Info
2026-03-22 10:56:26.227: [INFO][Sync] Stopped: User Consents
2026-03-22 10:56:26.227: [INFO][Sync] Stopped: Send Tab To Self
2026-03-22 10:56:26.227: [INFO][Sync] Stopped: Web Apps
2026-03-22 10:56:26.227: [INFO][Sync] Stopped: History
2026-03-22 10:56:26.227: [INFO][Sync] Stopped: Saved Tab Group
2026-03-22 10:56:26.227: [INFO][Sync] Stopped: WebAuthn Credentials
2026-03-22 10:56:26.227: [INFO][Sync] Stopped: Collection
2026-03-22 10:56:26.227: [INFO][Sync] Stopped: Edge E Drop
2026-03-22 10:56:26.227: [INFO][Sync] Stopped: Edge Hub App Usage
2026-03-22 10:56:26.227: [INFO][Sync] Stopped: Edge Wallet
2026-03-22 10:56:26.227: [INFO][Sync] Stopped: Edge Workspace
2026-03-22 10:56:26.227: [INFO][Sync] SyncState after authenticated was: NotSignedIn
2026-03-22 10:56:27.045: [INFO][Sync] Reset engine, reason: 8
2026-03-22 10:56:27.045: [INFO][Sync] Stopped: Bookmarks
2026-03-22 10:56:27.045: [INFO][Sync] Stopped: Preferences
2026-03-22 10:56:27.045: [INFO][Sync] Stopped: Passwords
2026-03-22 10:56:27.045: [INFO][Sync] Stopped: Autofill Profiles
2026-03-22 10:56:27.045: [INFO][Sync] Stopped: Autofill
2026-03-22 10:56:27.045: [INFO][Sync] Stopped: Extensions
2026-03-22 10:56:27.045: [INFO][Sync] Stopped: Sessions
2026-03-22 10:56:27.045: [INFO][Sync] Stopped: Extension settings
2026-03-22 10:56:27.045: [INFO][Sync] Stopped: History Delete Directives
2026-03-22 10:56:27.045: [INFO][Sync] Stopped: Device Info
2026-03-22 10:56:27.045: [INFO][Sync] Stopped: User Consents
2026-03-22 10:56:27.045: [INFO][Sync] Stopped: Send Tab To Self
2026-03-22 10:56:27.045: [INFO][Sync] Stopped: Web Apps
2026-03-22 10:56:27.045: [INFO][Sync] Stopped: History
2026-03-22 10:56:27.045: [INFO][Sync] Stopped: Saved Tab Group
2026-03-22 10:56:27.045: [INFO][Sync] Stopped: WebAuthn Credentials
2026-03-22 10:56:27.045: [INFO][Sync] Stopped: Collection
2026-03-22 10:56:27.045: [INFO][Sync] Stopped: Edge E Drop
2026-03-22 10:56:27.045: [INFO][Sync] Stopped: Edge Hub App Usage
2026-03-22 10:56:27.045: [INFO][Sync] Stopped: Edge Wallet
2026-03-22 10:56:27.045: [INFO][Sync] Stopped: Edge Workspace
2026-03-22 10:56:32.071: [INFO][Sync] Try to start sync engine
2026-03-22 10:56:32.085: [INFO][SyncManagerImpl::NudgeForInitialDownload] Initial download nudge for Encryption Keys
2026-03-22 10:56:32.085: [INFO][SyncEngineBackend::LoadAndConnectNigoriController] Load and connect Nigori controller
2026-03-22 10:56:32.085: [INFO][SyncEngineBackend::DoInitialize] Control Types added: Encryption Keys
2026-03-22 10:56:32.085: [INFO][SyncManagerImpl::ConfigureSyncer] Types to download: Encryption Keys with reason: 3
2026-03-22 10:56:32.086: [INFO][SyncSchedulerImpl::DoConfigurationSyncCycleJob] Configure job was blocked
2026-03-22 10:56:32.139: [INFO][SyncAuthManager::SetLastAuthError] Current auth error: None
2026-03-22 10:56:32.139: [INFO][SyncAuthManager::EdgeLogTokenErrorState] Token error with: None for account type: MSA
2026-03-22 10:56:32.139: [INFO][Sync] Credentials changed for: EdgeSyncScopeNew
2026-03-22 10:56:33.313: [INFO][SyncAuthManager::SetLastAuthError] Current auth error: None
2026-03-22 10:56:33.313: [INFO][SyncAuthManager::EdgeLogTokenErrorState] Token error with: None for account type: MSA
2026-03-22 10:56:33.313: [INFO][Sync] Credentials changed for: EdgeSyncKeyDataScope
2026-03-22 10:56:33.313: [INFO][SyncEngineBackend::DoUpdateKeyDataCredentials] Update key data credentials
2026-03-22 10:56:33.313: [INFO][SyncEngineBackend::DoUpdateCredentials] Update credentials
2026-03-22 10:56:33.313: [INFO][SyncSchedulerImpl::DoConfigurationSyncCycleJob] Blocked types:  and types to download: Encryption Keys
2026-03-22 10:56:34.348: [INFO][Sync] Started DataTypeManager configuration, reason: 4
2026-03-22 10:56:34.349: [INFO][Sync] Configuring for: Bookmarks, Preferences, Passwords, Autofill Profiles, Autofill, Extensions, Sessions, Extension settings, History Delete Directives, Device Info, User Consents, Send Tab To Self, Web Apps, History, Saved Tab Group, WebAuthn Credentials, Collection, Edge E Drop, Edge Hub App Usage, Edge Wallet, Edge Workspace, Encryption Keys, reason: 4, current state: 0
2026-03-22 10:56:34.349: [WARN][Sync] Crypto error data types: Passwords, Autofill Profiles, Autofill
2026-03-22 10:56:34.356: [INFO][Sync] Configure, desired: Bookmarks, Preferences, Extensions, Sessions, Extension settings, History Delete Directives, Device Info, User Consents, Send Tab To Self, Web Apps, History, Saved Tab Group, WebAuthn Credentials, Collection, Edge E Drop, Edge Hub App Usage, Edge Wallet, Edge Workspace, Encryption Keys; Allow fail: Passwords, Autofill Profiles, Autofill
2026-03-22 10:56:34.356: [INFO][Sync] Loading: Bookmarks
2026-03-22 10:56:34.357: [INFO][Sync] Loading: Preferences
2026-03-22 10:56:34.357: [INFO][Sync] Loading: Extensions
2026-03-22 10:56:34.358: [INFO][Sync] Loading: Sessions
2026-03-22 10:56:34.358: [INFO][Sync] Loading: Extension settings
2026-03-22 10:56:34.358: [INFO][Sync] Loading: History Delete Directives
2026-03-22 10:56:34.359: [INFO][Sync] Loading: Device Info
2026-03-22 10:56:34.359: [INFO][Sync] Loading: User Consents
2026-03-22 10:56:34.359: [INFO][Sync] Loading: Send Tab To Self
2026-03-22 10:56:34.359: [INFO][Sync] Loading: Web Apps
2026-03-22 10:56:34.359: [INFO][Sync] Loading: History
2026-03-22 10:56:34.359: [INFO][Sync] Loading: Saved Tab Group
2026-03-22 10:56:34.359: [INFO][Sync] Loading: WebAuthn Credentials
2026-03-22 10:56:34.359: [INFO][Sync] Loading: Collection
2026-03-22 10:56:34.359: [INFO][Sync] Loading: Edge E Drop
2026-03-22 10:56:34.359: [INFO][Sync] Loading: Edge Hub App Usage
2026-03-22 10:56:34.359: [INFO][Sync] Loading: Edge Wallet
2026-03-22 10:56:34.359: [INFO][Sync] Loading: Edge Workspace
2026-03-22 10:56:34.391: [INFO][Sync] All data types are ready for configure.
2026-03-22 10:56:35.424: [INFO][Sync] Started DataTypeManager configuration, reason: 5
2026-03-22 10:56:35.424: [INFO][Sync] Configuring for: Bookmarks, Preferences, Passwords, Autofill Profiles, Autofill, Extensions, Sessions, Extension settings, History Delete Directives, Device Info, User Consents, Send Tab To Self, Web Apps, History, Saved Tab Group, WebAuthn Credentials, Collection, Edge E Drop, Edge Hub App Usage, Edge Wallet, Edge Workspace, Encryption Keys, reason: 5, current state: 1
2026-03-22 10:56:35.430: [INFO][SyncEngineBackend::DoStartConfiguration] Start configuration
2026-03-22 10:56:35.432: [INFO][SyncManagerImpl::NudgeForInitialDownload] Initial download nudge for Bookmarks
2026-03-22 10:56:35.432: [INFO][SyncManagerImpl::NudgeForInitialDownload] Initial download nudge for Preferences
2026-03-22 10:56:35.432: [INFO][SyncManagerImpl::NudgeForInitialDownload] Initial download nudge for Extensions
2026-03-22 10:56:35.432: [INFO][SyncManagerImpl::NudgeForInitialDownload] Initial download nudge for Sessions
2026-03-22 10:56:35.432: [INFO][SyncManagerImpl::NudgeForInitialDownload] Initial download nudge for Extension settings
2026-03-22 10:56:35.432: [INFO][SyncManagerImpl::NudgeForInitialDownload] Initial download nudge for History Delete Directives
2026-03-22 10:56:35.432: [INFO][SyncManagerImpl::NudgeForInitialDownload] Initial download nudge for Device Info
2026-03-22 10:56:35.432: [INFO][SyncManagerImpl::NudgeForInitialDownload] Initial download nudge for Send Tab To Self
2026-03-22 10:56:35.432: [INFO][SyncManagerImpl::NudgeForInitialDownload] Initial download nudge for Web Apps
2026-03-22 10:56:35.432: [INFO][SyncManagerImpl::NudgeForInitialDownload] Initial download nudge for History
2026-03-22 10:56:35.432: [INFO][SyncManagerImpl::NudgeForInitialDownload] Initial download nudge for Saved Tab Group
2026-03-22 10:56:35.432: [INFO][SyncManagerImpl::NudgeForInitialDownload] Initial download nudge for WebAuthn Credentials
2026-03-22 10:56:35.432: [INFO][SyncManagerImpl::NudgeForInitialDownload] Initial download nudge for Collection
2026-03-22 10:56:35.432: [INFO][SyncManagerImpl::NudgeForInitialDownload] Initial download nudge for Edge E Drop
2026-03-22 10:56:35.432: [INFO][SyncManagerImpl::NudgeForInitialDownload] Initial download nudge for Edge Hub App Usage
2026-03-22 10:56:35.432: [INFO][SyncManagerImpl::NudgeForInitialDownload] Initial download nudge for Edge Wallet
2026-03-22 10:56:35.432: [INFO][SyncManagerImpl::NudgeForInitialDownload] Initial download nudge for Edge Workspace
2026-03-22 10:56:35.432: [INFO][SyncManagerImpl::ConfigureSyncer] Types to download:  with reason: 4
2026-03-22 10:56:35.432: [INFO][SyncEngineBackend::DoFinishConfigureDataTypes] Failed to download types:  and succeeded types: 
2026-03-22 10:56:35.435: [INFO][Sync] ConfigurationDone, failed: , succeeded: , remaining count: 4
2026-03-22 10:56:35.435: [WARN][Sync]     Reconfigure requested while configuration ongoing.
2026-03-22 10:56:35.435: [INFO][Sync] Configuring for: Bookmarks, Preferences, Passwords, Autofill Profiles, Autofill, Extensions, Sessions, Extension settings, History Delete Directives, Device Info, User Consents, Send Tab To Self, Web Apps, History, Saved Tab Group, WebAuthn Credentials, Collection, Edge E Drop, Edge Hub App Usage, Edge Wallet, Edge Workspace, Encryption Keys, reason: 5, current state: 2
2026-03-22 10:56:35.436: [INFO][Sync] Configure, desired: Bookmarks, Preferences, Passwords, Autofill Profiles, Autofill, Extensions, Sessions, Extension settings, History Delete Directives, Device Info, User Consents, Send Tab To Self, Web Apps, History, Saved Tab Group, WebAuthn Credentials, Collection, Edge E Drop, Edge Hub App Usage, Edge Wallet, Edge Workspace, Encryption Keys; Allow fail: 
2026-03-22 10:56:35.436: [INFO][Sync] Loading: Passwords
2026-03-22 10:56:35.436: [INFO][Sync] Loading: Autofill Profiles
2026-03-22 10:56:35.436: [INFO][Sync] Loading: Autofill
2026-03-22 10:56:35.437: [INFO][Sync] All data types are ready for configure.
2026-03-22 10:56:35.437: [INFO][SyncManagerImpl::NudgeForInitialDownload] Initial download nudge for Passwords
2026-03-22 10:56:35.438: [INFO][SyncManagerImpl::NudgeForInitialDownload] Initial download nudge for Autofill Profiles
2026-03-22 10:56:35.438: [INFO][SyncManagerImpl::NudgeForInitialDownload] Initial download nudge for Autofill
2026-03-22 10:56:35.438: [INFO][SyncManagerImpl::ConfigureSyncer] Types to download:  with reason: 5
2026-03-22 10:56:35.438: [INFO][SyncEngineBackend::DoFinishConfigureDataTypes] Failed to download types:  and succeeded types: 
2026-03-22 10:56:35.452: [INFO][Sync] ConfigurationDone, failed: , succeeded: , remaining count: 4
2026-03-22 10:56:35.452: [INFO][Sync] Prepare to configure types: Preferences, Passwords, Device Info, Send Tab To Self, Edge E Drop, Encryption Keys
2026-03-22 10:56:35.452: [INFO][SyncManagerImpl::ConfigureSyncer] Types to download: Preferences, Passwords, Device Info, Send Tab To Self, Edge E Drop, Encryption Keys with reason: 5
2026-03-22 10:56:35.452: [INFO][SyncSchedulerImpl::DoConfigurationSyncCycleJob] Blocked types:  and types to download: Preferences, Passwords, Device Info, Send Tab To Self, Edge E Drop, Encryption Keys
2026-03-22 10:56:37.523: [INFO][SyncEngineBackend::DoFinishConfigureDataTypes] Failed to download types:  and succeeded types: Preferences, Passwords, Device Info, Send Tab To Self, Edge E Drop, Encryption Keys
2026-03-22 10:56:37.547: [INFO][Sync] ConfigurationDone, failed: , succeeded: Preferences, Passwords, Device Info, Send Tab To Self, Edge E Drop, Encryption Keys, remaining count: 3
2026-03-22 10:56:37.548: [INFO][Sync] Prepare to configure types: Bookmarks, Encryption Keys
2026-03-22 10:56:37.548: [INFO][SyncManagerImpl::ConfigureSyncer] Types to download: Bookmarks, Encryption Keys with reason: 5
2026-03-22 10:56:37.548: [INFO][SyncSchedulerImpl::DoConfigurationSyncCycleJob] Blocked types:  and types to download: Bookmarks, Encryption Keys
2026-03-22 10:56:37.871: [INFO][SyncEngineBackend::DoFinishConfigureDataTypes] Failed to download types:  and succeeded types: Bookmarks, Encryption Keys
2026-03-22 10:56:37.875: [INFO][Sync] ConfigurationDone, failed: , succeeded: Bookmarks, Encryption Keys, remaining count: 2
2026-03-22 10:56:37.875: [INFO][Sync] Prepare to configure types: Autofill Profiles, Autofill, Extensions, Sessions, Extension settings, History Delete Directives, Web Apps, Saved Tab Group, WebAuthn Credentials, Collection, Edge Hub App Usage, Edge Wallet, Edge Workspace, Encryption Keys
2026-03-22 10:56:37.875: [INFO][SyncManagerImpl::ConfigureSyncer] Types to download: Autofill Profiles, Autofill, Extensions, Sessions, Extension settings, History Delete Directives, Web Apps, Saved Tab Group, WebAuthn Credentials, Collection, Edge Hub App Usage, Edge Wallet, Edge Workspace, Encryption Keys with reason: 5
2026-03-22 10:56:37.875: [INFO][SyncSchedulerImpl::DoConfigurationSyncCycleJob] Blocked types:  and types to download: Autofill Profiles, Autofill, Extensions, Sessions, Extension settings, History Delete Directives, Web Apps, Saved Tab Group, WebAuthn Credentials, Collection, Edge Hub App Usage, Edge Wallet, Edge Workspace, Encryption Keys
2026-03-22 10:56:39.529: [INFO][SyncEngineBackend::DoFinishConfigureDataTypes] Failed to download types:  and succeeded types: Autofill Profiles, Autofill, Extensions, Sessions, Extension settings, History Delete Directives, Web Apps, Saved Tab Group, WebAuthn Credentials, Collection, Edge Hub App Usage, Edge Wallet, Edge Workspace, Encryption Keys
2026-03-22 10:56:39.539: [INFO][Sync] ConfigurationDone, failed: , succeeded: Autofill Profiles, Autofill, Extensions, Sessions, Extension settings, History Delete Directives, Web Apps, Saved Tab Group, WebAuthn Credentials, Collection, Edge Hub App Usage, Edge Wallet, Edge Workspace, Encryption Keys, remaining count: 1
2026-03-22 10:56:39.546: [INFO][Sync] Prepare to configure types: History, Encryption Keys
2026-03-22 10:56:39.546: [INFO][SyncManagerImpl::ConfigureSyncer] Types to download: History, Encryption Keys with reason: 5
2026-03-22 10:56:39.546: [INFO][SyncSchedulerImpl::DoConfigurationSyncCycleJob] Blocked types:  and types to download: History, Encryption Keys
2026-03-22 10:56:45.190: [INFO][SyncEngineBackend::DoFinishConfigureDataTypes] Failed to download types:  and succeeded types: History, Encryption Keys
2026-03-22 10:56:45.194: [INFO][Sync] ConfigurationDone, failed: , succeeded: History, Encryption Keys, remaining count: 0
2026-03-22 10:56:45.197: [INFO][Sync]     Configuration completed, state: 7
2026-03-22 10:56:45.198: [INFO][Sync] Configured DataTypeManager: Ok
2026-03-22 10:56:45.207: [INFO][SyncEngineBackend::DoStartSyncing] Start syncing
2026-03-22 11:00:55.875: [INFO][Sync] Reset engine, reason: 0
2026-03-22 11:00:55.875: [INFO][Sync] Reset engine with reason: 0
2026-03-22 18:33:44.825: [INFO][Sync] SyncState after authenticated was: FeatureCanStart
2026-03-22 18:33:55.664: [INFO][Sync] Try to start sync engine
2026-03-22 18:33:55.689: [INFO][SyncAuthManager::SetLastAuthError] Current auth error: None
2026-03-22 18:33:55.690: [INFO][SyncAuthManager::EdgeLogTokenErrorState] Token error with: None for account type: MSA
2026-03-22 18:33:55.691: [INFO][Sync] Credentials changed for: EdgeSyncScopeNew
2026-03-22 18:33:55.799: [INFO][SyncManagerImpl::NudgeForInitialDownload] Initial download nudge for Encryption Keys
2026-03-22 18:33:55.799: [INFO][SyncEngineBackend::LoadAndConnectNigoriController] Load and connect Nigori controller
2026-03-22 18:33:55.801: [INFO][SyncEngineBackend::DoInitialize] Control Types added: Encryption Keys
2026-03-22 18:33:55.801: [INFO][SyncManagerImpl::ConfigureSyncer] Types to download: Encryption Keys with reason: 3
2026-03-22 18:33:55.824: [INFO][SyncSchedulerImpl::DoConfigurationSyncCycleJob] Configure job was blocked
2026-03-22 18:33:58.445: [INFO][SyncAuthManager::SetLastAuthError] Current auth error: None
2026-03-22 18:33:58.445: [INFO][SyncAuthManager::EdgeLogTokenErrorState] Token error with: None for account type: MSA
2026-03-22 18:33:58.446: [INFO][Sync] Credentials changed for: EdgeSyncKeyDataScope
2026-03-22 18:33:58.446: [INFO][SyncEngineBackend::DoUpdateKeyDataCredentials] Update key data credentials
2026-03-22 18:33:58.446: [INFO][SyncEngineBackend::DoUpdateCredentials] Update credentials
2026-03-22 18:33:58.446: [INFO][SyncSchedulerImpl::DoConfigurationSyncCycleJob] Blocked types:  and types to download: Encryption Keys
2026-03-22 18:33:59.407: [INFO][Sync] Started DataTypeManager configuration, reason: 4
2026-03-22 18:33:59.408: [INFO][Sync] Configuring for: Bookmarks, Preferences, Passwords, Autofill Profiles, Autofill, Extensions, Sessions, Extension settings, History Delete Directives, Device Info, User Consents, Send Tab To Self, Web Apps, History, Saved Tab Group, WebAuthn Credentials, Collection, Edge E Drop, Edge Hub App Usage, Edge Wallet, Edge Workspace, Encryption Keys, reason: 4, current state: 0
2026-03-22 18:33:59.409: [WARN][Sync] Crypto error data types: Passwords, Autofill Profiles, Autofill
2026-03-22 18:33:59.416: [INFO][Sync] Configure, desired: Bookmarks, Preferences, Extensions, Sessions, Extension settings, History Delete Directives, Device Info, User Consents, Send Tab To Self, Web Apps, History, Saved Tab Group, WebAuthn Credentials, Collection, Edge E Drop, Edge Hub App Usage, Edge Wallet, Edge Workspace, Encryption Keys; Allow fail: Passwords, Autofill Profiles, Autofill
2026-03-22 18:33:59.417: [INFO][Sync] Loading: Bookmarks
2026-03-22 18:33:59.417: [INFO][Sync] Loading: Preferences
2026-03-22 18:33:59.417: [INFO][Sync] Loading: Extensions
2026-03-22 18:33:59.418: [INFO][Sync] Loading: Sessions
2026-03-22 18:33:59.419: [INFO][Sync] Loading: Extension settings
2026-03-22 18:33:59.419: [INFO][Sync] Loading: History Delete Directives
2026-03-22 18:33:59.419: [INFO][Sync] Loading: Device Info
2026-03-22 18:33:59.419: [INFO][Sync] Loading: User Consents
2026-03-22 18:33:59.420: [INFO][Sync] Loading: Send Tab To Self
2026-03-22 18:33:59.420: [INFO][Sync] Loading: Web Apps
2026-03-22 18:33:59.420: [INFO][Sync] Loading: History
2026-03-22 18:33:59.420: [INFO][Sync] Loading: Saved Tab Group
2026-03-22 18:33:59.420: [INFO][Sync] Loading: WebAuthn Credentials
2026-03-22 18:33:59.420: [INFO][Sync] Loading: Collection
2026-03-22 18:33:59.420: [INFO][Sync] Loading: Edge E Drop
2026-03-22 18:33:59.420: [INFO][Sync] Loading: Edge Hub App Usage
2026-03-22 18:33:59.420: [INFO][Sync] Loading: Edge Wallet
2026-03-22 18:33:59.420: [INFO][Sync] Loading: Edge Workspace
2026-03-22 18:33:59.473: [INFO][Sync] All data types are ready for configure.
2026-03-22 18:34:00.127: [INFO][Sync] Started DataTypeManager configuration, reason: 5
2026-03-22 18:34:00.127: [INFO][Sync] Configuring for: Bookmarks, Preferences, Passwords, Autofill Profiles, Autofill, Extensions, Sessions, Extension settings, History Delete Directives, Device Info, User Consents, Send Tab To Self, Web Apps, History, Saved Tab Group, WebAuthn Credentials, Collection, Edge E Drop, Edge Hub App Usage, Edge Wallet, Edge Workspace, Encryption Keys, reason: 5, current state: 1
2026-03-22 18:34:00.139: [INFO][SyncEngineBackend::DoStartConfiguration] Start configuration
2026-03-22 18:34:00.143: [INFO][SyncManagerImpl::ConfigureSyncer] Types to download:  with reason: 4
2026-03-22 18:34:00.143: [INFO][SyncEngineBackend::DoFinishConfigureDataTypes] Failed to download types:  and succeeded types: 
2026-03-22 18:34:00.144: [INFO][Sync] ConfigurationDone, failed: , succeeded: , remaining count: 4
2026-03-22 18:34:00.144: [WARN][Sync]     Reconfigure requested while configuration ongoing.
2026-03-22 18:34:00.144: [INFO][Sync] Configuring for: Bookmarks, Preferences, Passwords, Autofill Profiles, Autofill, Extensions, Sessions, Extension settings, History Delete Directives, Device Info, User Consents, Send Tab To Self, Web Apps, History, Saved Tab Group, WebAuthn Credentials, Collection, Edge E Drop, Edge Hub App Usage, Edge Wallet, Edge Workspace, Encryption Keys, reason: 5, current state: 2
2026-03-22 18:34:00.144: [INFO][Sync] Configure, desired: Bookmarks, Preferences, Passwords, Autofill Profiles, Autofill, Extensions, Sessions, Extension settings, History Delete Directives, Device Info, User Consents, Send Tab To Self, Web Apps, History, Saved Tab Group, WebAuthn Credentials, Collection, Edge E Drop, Edge Hub App Usage, Edge Wallet, Edge Workspace, Encryption Keys; Allow fail: 
2026-03-22 18:34:00.144: [INFO][Sync] Loading: Passwords
2026-03-22 18:34:00.144: [INFO][Sync] Loading: Autofill Profiles
2026-03-22 18:34:00.144: [INFO][Sync] Loading: Autofill
2026-03-22 18:34:00.145: [INFO][Sync] All data types are ready for configure.
2026-03-22 18:34:00.146: [INFO][SyncManagerImpl::NudgeForInitialDownload] Initial download nudge for Passwords
2026-03-22 18:34:00.146: [INFO][SyncManagerImpl::ConfigureSyncer] Types to download:  with reason: 5
2026-03-22 18:34:00.146: [INFO][SyncEngineBackend::DoFinishConfigureDataTypes] Failed to download types:  and succeeded types: 
2026-03-22 18:34:00.146: [INFO][Sync] ConfigurationDone, failed: , succeeded: , remaining count: 4
2026-03-22 18:34:00.146: [INFO][Sync] Prepare to configure types: Passwords, Encryption Keys
2026-03-22 18:34:00.147: [INFO][SyncManagerImpl::ConfigureSyncer] Types to download: Passwords, Encryption Keys with reason: 5
2026-03-22 18:34:00.147: [INFO][SyncSchedulerImpl::DoConfigurationSyncCycleJob] Blocked types:  and types to download: Passwords, Encryption Keys
2026-03-22 18:34:00.429: [INFO][SyncEngineBackend::DoFinishConfigureDataTypes] Failed to download types:  and succeeded types: Passwords, Encryption Keys
2026-03-22 18:34:00.436: [INFO][Sync] ConfigurationDone, failed: , succeeded: Passwords, Encryption Keys, remaining count: 3
2026-03-22 18:34:00.436: [INFO][SyncManagerImpl::ConfigureSyncer] Types to download:  with reason: 5
2026-03-22 18:34:00.436: [INFO][SyncEngineBackend::DoFinishConfigureDataTypes] Failed to download types:  and succeeded types: 
2026-03-22 18:34:00.439: [INFO][Sync] ConfigurationDone, failed: , succeeded: , remaining count: 2
2026-03-22 18:34:00.440: [INFO][SyncManagerImpl::ConfigureSyncer] Types to download:  with reason: 5
2026-03-22 18:34:00.440: [INFO][SyncEngineBackend::DoFinishConfigureDataTypes] Failed to download types:  and succeeded types: 
2026-03-22 18:34:00.448: [INFO][Sync] ConfigurationDone, failed: , succeeded: , remaining count: 1
2026-03-22 18:34:00.454: [INFO][SyncManagerImpl::ConfigureSyncer] Types to download:  with reason: 5
2026-03-22 18:34:00.454: [INFO][SyncEngineBackend::DoFinishConfigureDataTypes] Failed to download types:  and succeeded types: 
2026-03-22 18:34:00.454: [INFO][Sync] ConfigurationDone, failed: , succeeded: , remaining count: 0
2026-03-22 18:34:00.459: [INFO][Sync]     Configuration completed, state: 7
2026-03-22 18:34:00.463: [INFO][Sync] Configured DataTypeManager: Ok
2026-03-22 18:34:00.479: [INFO][SyncEngineBackend::DoStartSyncing] Start syncing
2026-03-22 18:50:28.195: [INFO][Sync] Reset engine, reason: 0
2026-03-22 18:50:28.195: [INFO][Sync] Reset engine with reason: 0
2026-03-22 18:53:04.907: [INFO][Sync] Reset engine, reason: 8
2026-03-22 18:53:04.907: [INFO][Sync] Stopped: Bookmarks
2026-03-22 18:53:04.907: [INFO][Sync] Stopped: Preferences
2026-03-22 18:53:04.908: [INFO][Sync] Stopped: Passwords
2026-03-22 18:53:04.908: [INFO][Sync] Stopped: Autofill Profiles
2026-03-22 18:53:04.908: [INFO][Sync] Stopped: Autofill
2026-03-22 18:53:04.908: [INFO][Sync] Stopped: Extensions
2026-03-22 18:53:04.908: [INFO][Sync] Stopped: Sessions
2026-03-22 18:53:04.908: [INFO][Sync] Stopped: Extension settings
2026-03-22 18:53:04.908: [INFO][Sync] Stopped: History Delete Directives
2026-03-22 18:53:04.908: [INFO][Sync] Stopped: Device Info
2026-03-22 18:53:04.908: [INFO][Sync] Stopped: User Consents
2026-03-22 18:53:04.908: [INFO][Sync] Stopped: Send Tab To Self
2026-03-22 18:53:04.908: [INFO][Sync] Stopped: Web Apps
2026-03-22 18:53:04.908: [INFO][Sync] Stopped: History
2026-03-22 18:53:04.908: [INFO][Sync] Stopped: Saved Tab Group
2026-03-22 18:53:04.908: [INFO][Sync] Stopped: WebAuthn Credentials
2026-03-22 18:53:04.908: [INFO][Sync] Stopped: Collection
2026-03-22 18:53:04.908: [INFO][Sync] Stopped: Edge E Drop
2026-03-22 18:53:04.908: [INFO][Sync] Stopped: Edge Hub App Usage
2026-03-22 18:53:04.908: [INFO][Sync] Stopped: Edge Wallet
2026-03-22 18:53:04.908: [INFO][Sync] Stopped: Edge Workspace
2026-03-22 18:53:04.909: [INFO][Sync] SyncState after authenticated was: NotSignedIn
2026-03-22 18:53:06.217: [INFO][Sync] Reset engine, reason: 8
2026-03-22 18:53:06.217: [INFO][Sync] Stopped: Bookmarks
2026-03-22 18:53:06.217: [INFO][Sync] Stopped: Preferences
2026-03-22 18:53:06.217: [INFO][Sync] Stopped: Passwords
2026-03-22 18:53:06.217: [INFO][Sync] Stopped: Autofill Profiles
2026-03-22 18:53:06.217: [INFO][Sync] Stopped: Autofill
2026-03-22 18:53:06.217: [INFO][Sync] Stopped: Extensions
2026-03-22 18:53:06.217: [INFO][Sync] Stopped: Sessions
2026-03-22 18:53:06.217: [INFO][Sync] Stopped: Extension settings
2026-03-22 18:53:06.217: [INFO][Sync] Stopped: History Delete Directives
2026-03-22 18:53:06.217: [INFO][Sync] Stopped: Device Info
2026-03-22 18:53:06.217: [INFO][Sync] Stopped: User Consents
2026-03-22 18:53:06.217: [INFO][Sync] Stopped: Send Tab To Self
2026-03-22 18:53:06.217: [INFO][Sync] Stopped: Web Apps
2026-03-22 18:53:06.217: [INFO][Sync] Stopped: History
2026-03-22 18:53:06.217: [INFO][Sync] Stopped: Saved Tab Group
2026-03-22 18:53:06.217: [INFO][Sync] Stopped: WebAuthn Credentials
2026-03-22 18:53:06.217: [INFO][Sync] Stopped: Collection
2026-03-22 18:53:06.217: [INFO][Sync] Stopped: Edge E Drop
2026-03-22 18:53:06.217: [INFO][Sync] Stopped: Edge Hub App Usage
2026-03-22 18:53:06.217: [INFO][Sync] Stopped: Edge Wallet
2026-03-22 18:53:06.217: [INFO][Sync] Stopped: Edge Workspace
2026-03-22 18:53:16.069: [INFO][Sync] Try to start sync engine
2026-03-22 18:53:16.699: [INFO][SyncManagerImpl::NudgeForInitialDownload] Initial download nudge for Encryption Keys
2026-03-22 18:53:16.699: [INFO][SyncEngineBackend::LoadAndConnectNigoriController] Load and connect Nigori controller
2026-03-22 18:53:16.699: [INFO][SyncEngineBackend::DoInitialize] Control Types added: Encryption Keys
2026-03-22 18:53:16.699: [INFO][SyncManagerImpl::ConfigureSyncer] Types to download: Encryption Keys with reason: 3
2026-03-22 18:53:16.699: [INFO][SyncSchedulerImpl::DoConfigurationSyncCycleJob] Configure job was blocked
2026-03-22 18:53:16.739: [INFO][SyncAuthManager::SetLastAuthError] Current auth error: None
2026-03-22 18:53:16.739: [INFO][SyncAuthManager::EdgeLogTokenErrorState] Token error with: None for account type: MSA
2026-03-22 18:53:16.739: [INFO][Sync] Credentials changed for: EdgeSyncScopeNew
2026-03-22 18:53:21.510: [INFO][SyncAuthManager::SetLastAuthError] Current auth error: None
2026-03-22 18:53:21.510: [INFO][SyncAuthManager::EdgeLogTokenErrorState] Token error with: None for account type: MSA
2026-03-22 18:53:21.510: [INFO][Sync] Credentials changed for: EdgeSyncKeyDataScope
2026-03-22 18:53:21.520: [INFO][SyncEngineBackend::DoUpdateKeyDataCredentials] Update key data credentials
2026-03-22 18:53:21.520: [INFO][SyncEngineBackend::DoUpdateCredentials] Update credentials
2026-03-22 18:53:21.521: [INFO][SyncSchedulerImpl::DoConfigurationSyncCycleJob] Blocked types:  and types to download: Encryption Keys
2026-03-22 18:53:23.237: [INFO][Sync] Started DataTypeManager configuration, reason: 4
2026-03-22 18:53:23.239: [INFO][Sync] Configuring for: Bookmarks, Preferences, Passwords, Autofill Profiles, Autofill, Extensions, Sessions, Extension settings, History Delete Directives, Device Info, User Consents, Send Tab To Self, Web Apps, History, Saved Tab Group, WebAuthn Credentials, Collection, Edge E Drop, Edge Hub App Usage, Edge Wallet, Edge Workspace, Encryption Keys, reason: 4, current state: 0
2026-03-22 18:53:23.240: [WARN][Sync] Crypto error data types: Passwords, Autofill Profiles, Autofill
2026-03-22 18:53:23.247: [INFO][Sync] Configure, desired: Bookmarks, Preferences, Extensions, Sessions, Extension settings, History Delete Directives, Device Info, User Consents, Send Tab To Self, Web Apps, History, Saved Tab Group, WebAuthn Credentials, Collection, Edge E Drop, Edge Hub App Usage, Edge Wallet, Edge Workspace, Encryption Keys; Allow fail: Passwords, Autofill Profiles, Autofill
2026-03-22 18:53:23.247: [INFO][Sync] Loading: Bookmarks
2026-03-22 18:53:23.248: [INFO][Sync] Loading: Preferences
2026-03-22 18:53:23.248: [INFO][Sync] Loading: Extensions
2026-03-22 18:53:23.248: [INFO][Sync] Loading: Sessions
2026-03-22 18:53:23.248: [INFO][Sync] Loading: Extension settings
2026-03-22 18:53:23.248: [INFO][Sync] Loading: History Delete Directives
2026-03-22 18:53:23.248: [INFO][Sync] Loading: Device Info
2026-03-22 18:53:23.248: [INFO][Sync] Loading: User Consents
2026-03-22 18:53:23.248: [INFO][Sync] Loading: Send Tab To Self
2026-03-22 18:53:23.248: [INFO][Sync] Loading: Web Apps
2026-03-22 18:53:23.248: [INFO][Sync] Loading: History
2026-03-22 18:53:23.248: [INFO][Sync] Loading: Saved Tab Group
2026-03-22 18:53:23.248: [INFO][Sync] Loading: WebAuthn Credentials
2026-03-22 18:53:23.248: [INFO][Sync] Loading: Collection
2026-03-22 18:53:23.248: [INFO][Sync] Loading: Edge E Drop
2026-03-22 18:53:23.248: [INFO][Sync] Loading: Edge Hub App Usage
2026-03-22 18:53:23.248: [INFO][Sync] Loading: Edge Wallet
2026-03-22 18:53:23.248: [INFO][Sync] Loading: Edge Workspace
2026-03-22 18:53:23.278: [INFO][Sync] All data types are ready for configure.
2026-03-22 18:53:24.448: [INFO][Sync] Started DataTypeManager configuration, reason: 5
2026-03-22 18:53:24.449: [INFO][Sync] Configuring for: Bookmarks, Preferences, Passwords, Autofill Profiles, Autofill, Extensions, Sessions, Extension settings, History Delete Directives, Device Info, User Consents, Send Tab To Self, Web Apps, History, Saved Tab Group, WebAuthn Credentials, Collection, Edge E Drop, Edge Hub App Usage, Edge Wallet, Edge Workspace, Encryption Keys, reason: 5, current state: 1
2026-03-22 18:53:24.607: [INFO][SyncEngineBackend::DoStartConfiguration] Start configuration
2026-03-22 18:53:24.608: [INFO][SyncManagerImpl::NudgeForInitialDownload] Initial download nudge for Bookmarks
2026-03-22 18:53:24.608: [INFO][SyncManagerImpl::NudgeForInitialDownload] Initial download nudge for Preferences
2026-03-22 18:53:24.608: [INFO][SyncManagerImpl::NudgeForInitialDownload] Initial download nudge for Extensions
2026-03-22 18:53:24.608: [INFO][SyncManagerImpl::NudgeForInitialDownload] Initial download nudge for Sessions
2026-03-22 18:53:24.608: [INFO][SyncManagerImpl::NudgeForInitialDownload] Initial download nudge for Extension settings
2026-03-22 18:53:24.608: [INFO][SyncManagerImpl::NudgeForInitialDownload] Initial download nudge for History Delete Directives
2026-03-22 18:53:24.608: [INFO][SyncManagerImpl::NudgeForInitialDownload] Initial download nudge for Device Info
2026-03-22 18:53:24.608: [INFO][SyncManagerImpl::NudgeForInitialDownload] Initial download nudge for Send Tab To Self
2026-03-22 18:53:24.608: [INFO][SyncManagerImpl::NudgeForInitialDownload] Initial download nudge for Web Apps
2026-03-22 18:53:24.608: [INFO][SyncManagerImpl::NudgeForInitialDownload] Initial download nudge for History
2026-03-22 18:53:24.608: [INFO][SyncManagerImpl::NudgeForInitialDownload] Initial download nudge for Saved Tab Group
2026-03-22 18:53:24.608: [INFO][SyncManagerImpl::NudgeForInitialDownload] Initial download nudge for WebAuthn Credentials
2026-03-22 18:53:24.608: [INFO][SyncManagerImpl::NudgeForInitialDownload] Initial download nudge for Collection
2026-03-22 18:53:24.608: [INFO][SyncManagerImpl::NudgeForInitialDownload] Initial download nudge for Edge E Drop
2026-03-22 18:53:24.608: [INFO][SyncManagerImpl::NudgeForInitialDownload] Initial download nudge for Edge Hub App Usage
2026-03-22 18:53:24.608: [INFO][SyncManagerImpl::NudgeForInitialDownload] Initial download nudge for Edge Wallet
2026-03-22 18:53:24.608: [INFO][SyncManagerImpl::NudgeForInitialDownload] Initial download nudge for Edge Workspace
2026-03-22 18:53:24.608: [INFO][SyncManagerImpl::ConfigureSyncer] Types to download:  with reason: 4
2026-03-22 18:53:24.608: [INFO][SyncEngineBackend::DoFinishConfigureDataTypes] Failed to download types:  and succeeded types: 
2026-03-22 18:53:24.609: [INFO][Sync] ConfigurationDone, failed: , succeeded: , remaining count: 4
2026-03-22 18:53:24.609: [WARN][Sync]     Reconfigure requested while configuration ongoing.
2026-03-22 18:53:24.609: [INFO][Sync] Configuring for: Bookmarks, Preferences, Passwords, Autofill Profiles, Autofill, Extensions, Sessions, Extension settings, History Delete Directives, Device Info, User Consents, Send Tab To Self, Web Apps, History, Saved Tab Group, WebAuthn Credentials, Collection, Edge E Drop, Edge Hub App Usage, Edge Wallet, Edge Workspace, Encryption Keys, reason: 5, current state: 2
2026-03-22 18:53:24.609: [INFO][Sync] Configure, desired: Bookmarks, Preferences, Passwords, Autofill Profiles, Autofill, Extensions, Sessions, Extension settings, History Delete Directives, Device Info, User Consents, Send Tab To Self, Web Apps, History, Saved Tab Group, WebAuthn Credentials, Collection, Edge E Drop, Edge Hub App Usage, Edge Wallet, Edge Workspace, Encryption Keys; Allow fail: 
2026-03-22 18:53:24.609: [INFO][Sync] Loading: Passwords
2026-03-22 18:53:24.609: [INFO][Sync] Loading: Autofill Profiles
2026-03-22 18:53:24.609: [INFO][Sync] Loading: Autofill
2026-03-22 18:53:24.609: [INFO][Sync] All data types are ready for configure.
2026-03-22 18:53:24.618: [INFO][SyncManagerImpl::NudgeForInitialDownload] Initial download nudge for Passwords
2026-03-22 18:53:24.618: [INFO][SyncManagerImpl::NudgeForInitialDownload] Initial download nudge for Autofill Profiles
2026-03-22 18:53:24.618: [INFO][SyncManagerImpl::NudgeForInitialDownload] Initial download nudge for Autofill
2026-03-22 18:53:24.618: [INFO][SyncManagerImpl::ConfigureSyncer] Types to download:  with reason: 5
2026-03-22 18:53:24.618: [INFO][SyncEngineBackend::DoFinishConfigureDataTypes] Failed to download types:  and succeeded types: 
2026-03-22 18:53:24.619: [INFO][Sync] ConfigurationDone, failed: , succeeded: , remaining count: 4
2026-03-22 18:53:24.619: [INFO][Sync] Prepare to configure types: Preferences, Passwords, Device Info, Send Tab To Self, Edge E Drop, Encryption Keys
2026-03-22 18:53:24.619: [INFO][SyncManagerImpl::ConfigureSyncer] Types to download: Preferences, Passwords, Device Info, Send Tab To Self, Edge E Drop, Encryption Keys with reason: 5
2026-03-22 18:53:24.619: [INFO][SyncSchedulerImpl::DoConfigurationSyncCycleJob] Blocked types:  and types to download: Preferences, Passwords, Device Info, Send Tab To Self, Edge E Drop, Encryption Keys
2026-03-22 18:53:27.027: [INFO][SyncEngineBackend::DoFinishConfigureDataTypes] Failed to download types:  and succeeded types: Preferences, Passwords, Device Info, Send Tab To Self, Edge E Drop, Encryption Keys
2026-03-22 18:53:27.052: [INFO][Sync] ConfigurationDone, failed: , succeeded: Preferences, Passwords, Device Info, Send Tab To Self, Edge E Drop, Encryption Keys, remaining count: 3
2026-03-22 18:53:27.052: [INFO][Sync] Prepare to configure types: Bookmarks, Encryption Keys
2026-03-22 18:53:27.052: [INFO][SyncManagerImpl::ConfigureSyncer] Types to download: Bookmarks, Encryption Keys with reason: 5
2026-03-22 18:53:27.052: [INFO][SyncSchedulerImpl::DoConfigurationSyncCycleJob] Blocked types:  and types to download: Bookmarks, Encryption Keys
2026-03-22 18:53:27.392: [INFO][SyncEngineBackend::DoFinishConfigureDataTypes] Failed to download types:  and succeeded types: Bookmarks, Encryption Keys
2026-03-22 18:53:27.396: [INFO][Sync] ConfigurationDone, failed: , succeeded: Bookmarks, Encryption Keys, remaining count: 2
2026-03-22 18:53:27.397: [INFO][Sync] Prepare to configure types: Autofill Profiles, Autofill, Extensions, Sessions, Extension settings, History Delete Directives, Web Apps, Saved Tab Group, WebAuthn Credentials, Collection, Edge Hub App Usage, Edge Wallet, Edge Workspace, Encryption Keys
2026-03-22 18:53:27.397: [INFO][SyncManagerImpl::ConfigureSyncer] Types to download: Autofill Profiles, Autofill, Extensions, Sessions, Extension settings, History Delete Directives, Web Apps, Saved Tab Group, WebAuthn Credentials, Collection, Edge Hub App Usage, Edge Wallet, Edge Workspace, Encryption Keys with reason: 5
2026-03-22 18:53:27.397: [INFO][SyncSchedulerImpl::DoConfigurationSyncCycleJob] Blocked types:  and types to download: Autofill Profiles, Autofill, Extensions, Sessions, Extension settings, History Delete Directives, Web Apps, Saved Tab Group, WebAuthn Credentials, Collection, Edge Hub App Usage, Edge Wallet, Edge Workspace, Encryption Keys
2026-03-22 18:53:34.032: [INFO][SyncEngineBackend::DoFinishConfigureDataTypes] Failed to download types:  and succeeded types: Autofill Profiles, Autofill, Extensions, Sessions, Extension settings, History Delete Directives, Web Apps, Saved Tab Group, WebAuthn Credentials, Collection, Edge Hub App Usage, Edge Wallet, Edge Workspace, Encryption Keys
2026-03-22 18:53:34.037: [INFO][Sync] ConfigurationDone, failed: , succeeded: Autofill Profiles, Autofill, Extensions, Sessions, Extension settings, History Delete Directives, Web Apps, Saved Tab Group, WebAuthn Credentials, Collection, Edge Hub App Usage, Edge Wallet, Edge Workspace, Encryption Keys, remaining count: 1
2026-03-22 18:53:34.049: [INFO][Sync] Prepare to configure types: History, Encryption Keys
2026-03-22 18:53:34.049: [INFO][SyncManagerImpl::ConfigureSyncer] Types to download: History, Encryption Keys with reason: 5
2026-03-22 18:53:34.049: [INFO][SyncSchedulerImpl::DoConfigurationSyncCycleJob] Blocked types:  and types to download: History, Encryption Keys
2026-03-22 18:53:42.550: [INFO][SyncEngineBackend::DoFinishConfigureDataTypes] Failed to download types:  and succeeded types: History, Encryption Keys
2026-03-22 18:53:42.554: [INFO][Sync] ConfigurationDone, failed: , succeeded: History, Encryption Keys, remaining count: 0
2026-03-22 18:53:42.562: [INFO][Sync]     Configuration completed, state: 7
2026-03-22 18:53:42.562: [INFO][Sync] Configured DataTypeManager: Ok
2026-03-22 18:53:43.405: [INFO][SyncEngineBackend::DoStartSyncing] Start syncing
2026-03-22 19:00:15.031: [INFO][Sync] Reset engine, reason: 0
2026-03-22 19:00:15.031: [INFO][Sync] Reset engine with reason: 0
